1477926530256 lifecam19 2189.58447266 878.749084473 6.2254242897
1477926530323 lifecam19 2189.58447266 878.749084473 6.2254242897
1477926530579 lifecam19 2187.96142578 878.99987793 6.24133300781
1477926530651 lifecam19 2188.45361328 878.99987793 6.24108457565
1477926530722 lifecam19 2189.02294922 878.999938965 6.23136758804
1477926530789 lifecam19 2189.3527832 878.758483887 6.22124958038
1477926530858 lifecam19 2189.20751953 878.999938965 6.23718118668
1477926531116 lifecam19 2189.20751953 878.999938965 6.23718118668
1477926531193 lifecam19 2189.5 878.99987793 6.23108625412
1477926531257 lifecam19 2189.5 878.99987793 6.23108625412
1477926531321 lifecam19 2189.56225586 878.748535156 6.22602367401
1477926531388 lifecam19 2189.56225586 878.748535156 6.22602367401
1477926531589 lifecam19 2189.07617188 878.754943848 6.22672653198
1477926531651 lifecam19 2188.9921875 878.99987793 6.23242855072
1477926531728 lifecam19 2189.05419922 878.754333496 6.22732400894
1477926531789 lifecam19 2189.56225586 878.748535156 6.22602367401
1477926531849 lifecam19 2189.5 878.99987793 6.23108625412
1477926532126 lifecam19 2190.43847656 878.999816895 6.2384724617
1477926532194 lifecam19 2190.00756836 878.99987793 6.23465299606
1477926532251 lifecam19 2187.80419922 878.769226074 6.2293419838
1477926532324 lifecam19 2188.81225586 878.754699707 6.22932100296
1477926532394 lifecam19 2188.45361328 878.99987793 6.24108457565
1477926532658 lifecam19 2167.0 880.284606934 0.0311589892954
1477926532731 lifecam19 2159.99975586 882.24609375 0.0531784929335
1477926532798 lifecam19 2155.08105469 882.094543457 0.0905594229698
1477926532870 lifecam19 2150.94287109 882.65222168 0.092184714973
1477926532918 lifecam19 2144.85742188 882.619384766 0.114592134953
1477926533197 lifecam19 2125.04541016 882.241943359 0.205509364605
1477926533258 lifecam19 2118.61230469 881.898010254 0.21498554945
1477926533331 lifecam19 2113.87231445 881.842346191 0.246912419796
1477926533396 lifecam19 2108.29638672 880.643798828 0.269452393055
1477926533450 lifecam19 2102.94750977 880.459716797 0.286169350147
1477926533792 lifecam19 2077.01489258 875.130004883 0.401380717754
1477926533859 lifecam19 2072.1171875 873.921020508 0.411523729563
1477926533913 lifecam19 2067.10522461 872.802734375 0.441663563251
1477926533975 lifecam19 2062.33862305 871.447265625 0.473502099514
1477926534066 lifecam19 2056.796875 869.70880127 0.49096685648
1477926534320 lifecam19 2038.24169922 860.825500488 0.58711206913
1477926534382 lifecam19 2033.37109375 858.709228516 0.601796984673
1477926534460 lifecam19 2029.39208984 856.246398926 0.620068609715
1477926534529 lifecam19 2024.14404297 853.922058105 0.63072180748
1477926534582 lifecam19 2019.09814453 850.583374023 0.660546064377
1477926534924 lifecam19 1997.44555664 835.232971191 0.798185706139
1477926534994 lifecam19 1993.55432129 831.766967773 0.798185706139
1477926535062 lifecam19 1989.24145508 829.299072266 0.844567120075
1477926535113 lifecam19 1985.52990723 826.601074219 0.841436445713
1477926535190 lifecam19 1981.26733398 822.917602539 0.871670365334
1477926535463 lifecam19 1966.22241211 808.962219238 0.977303624153
1477926535524 lifecam19 1961.87097168 805.064819336 1.00560879707
1477926535578 lifecam19 1958.80236816 800.87097168 1.01220774651
1477926535662 lifecam19 1955.13378906 796.919189453 1.02291250229
1477926535736 lifecam19 1951.56738281 792.531738281 1.08271765709
1477926535998 lifecam19 1940.88378906 775.481750488 1.13510620594
1477926536066 lifecam19 1937.8737793 771.450134277 1.17543327808
1477926536128 lifecam19 1935.67163086 766.192565918 1.1904655695
1477926536195 lifecam19 1933.02612305 762.109863281 1.21183931828
1477926536244 lifecam19 1931.4786377 757.440551758 1.24465560913
1477926536598 lifecam19 1920.9128418 733.216003418 1.34065079689
1477926536662 lifecam19 1919.02770996 727.629333496 1.34853279591
1477926536725 lifecam19 1917.11486816 723.506103516 1.37576889992
1477926536797 lifecam19 1915.94958496 718.661132812 1.38526105881
1477926536859 lifecam19 1913.83691406 713.09552002 1.40615451336
1477926537128 lifecam19 1909.60375977 693.74206543 1.51294922829
1477926537198 lifecam19 1908.9041748 688.157470703 1.52531254292
1477926537265 lifecam19 1907.48449707 682.99987793 1.56858479977
1477926537318 lifecam19 1905.23522949 676.41192627 1.58663237095
1477926537403 lifecam19 1905.49194336 671.64263916 1.60181248188
1477926537667 lifecam19 1906.21923828 651.83190918 1.67539179325
1477926537736 lifecam19 1906.81188965 646.897583008 1.7092949152
1477926537807 lifecam19 1906.51245117 642.10925293 1.72160160542
1477926537868 lifecam19 1906.98193359 635.854919434 1.74894106388
1477926537940 lifecam19 1907.33679199 631.182861328 1.76916134357
1477926538202 lifecam19 1910.11022949 610.329833984 1.86796581745
1477926538266 lifecam19 1911.57043457 605.44152832 1.8979498148
1477926538334 lifecam19 1911.40698242 600.627197266 1.91222441196
1477926538388 lifecam19 1913.13671875 595.143615723 1.92940437794
1477926538471 lifecam19 1914.65234375 589.479736328 1.94341003895
1477926538736 lifecam19 1922.11364746 570.767700195 2.05276441574
1477926538801 lifecam19 1923.93066406 565.652954102 2.06376361847
1477926538860 lifecam19 1924.89953613 561.097473145 2.08530449867
1477926538935 lifecam19 1927.27294922 556.216186523 2.09367084503
1477926539007 lifecam19 1930.47875977 550.967895508 2.12130975723
1477926539275 lifecam19 1940.86230469 532.893066406 2.2177760601
1477926539338 lifecam19 1944.21936035 528.59777832 2.23848962784
1477926539409 lifecam19 1947.71850586 525.06817627 2.26689243317
1477926539475 lifecam19 1949.47265625 520.882141113 2.29053902626
1477926539516 lifecam19 1952.97521973 517.975341797 2.32178783417
1477926539803 lifecam19 1965.88305664 499.629547119 2.40693926811
1477926539878 lifecam19 1969.36914062 496.186309814 2.44625449181
1477926539940 lifecam19 1973.86120605 491.741851807 2.49528169632
1477926539999 lifecam19 1976.99572754 488.872528076 2.5005671978
1477926540066 lifecam19 1980.72875977 485.019317627 2.51899909973
1477926540328 lifecam19 1997.13781738 472.391937256 2.61845397949
1477926540405 lifecam19 2001.13305664 469.031402588 2.62988972664
1477926540471 lifecam19 2006.0 466.000091553 2.64176392555
1477926540540 lifecam19 2011.21386719 463.184051514 2.67021822929
1477926540583 lifecam19 2015.11572266 460.683868408 2.69362473488
1477926540881 lifecam19 2034.16552734 449.935791016 2.78798031807
1477926540931 lifecam19 2038.1784668 447.403442383 2.80698990822
1477926541009 lifecam19 2043.14453125 445.784881592 2.83676886559
1477926541061 lifecam19 2047.28955078 443.012756348 2.84032011032
1477926541137 lifecam19 2052.33740234 441.47555542 2.88305544853
1477926541410 lifecam19 2071.6574707 434.666473389 2.98860955238
1477926541475 lifecam19 2077.28125 433.096282959 2.99953866005
1477926541537 lifecam19 2081.88549805 431.548797607 3.01420378685
1477926541605 lifecam19 2086.49951172 430.999969482 3.08387970924
1477926541672 lifecam19 2093.49975586 429.237060547 3.08135533333
1477926542009 lifecam19 2118.27880859 427.499969482 3.19794034958
1477926542084 lifecam19 2124.19189453 427.499908447 3.19625234604
1477926542145 lifecam19 2129.06567383 427.30645752 3.22067451477
1477926542205 lifecam19 2134.97070312 427.499969482 3.22149467468
1477926542480 lifecam19 2156.04638672 426.178985596 3.34929895401
1477926542527 lifecam19 2160.38134766 426.554962158 3.36156654358
1477926542601 lifecam19 2165.99975586 427.30770874 3.37873840332
1477926542673 lifecam19 2171.63305664 427.761535645 3.41414213181
1477926542745 lifecam19 2176.14306641 428.292755127 3.43451929092
1477926543006 lifecam19 2196.60791016 432.916900635 3.51319169998
1477926543055 lifecam19 2201.20581055 434.208404541 3.54699373245
1477926543144 lifecam19 2205.98828125 436.03338623 3.56329345703
1477926543209 lifecam19 2211.47558594 437.694824219 3.59283256531
1477926543281 lifecam19 2216.30639648 439.756072998 3.62059926987
1477926543543 lifecam19 2236.12670898 448.293640137 3.71617031097
1477926543609 lifecam19 2240.2253418 450.144927979 3.73721194267
1477926543678 lifecam19 2244.84716797 453.155731201 3.74428772926
1477926543743 lifecam19 2249.22875977 455.771942139 3.78641033173
1477926543798 lifecam19 2254.63305664 458.331634521 3.80907344818
1477926544074 lifecam19 2270.6953125 468.174468994 3.89032816887
1477926544146 lifecam19 2276.55322266 470.235076904 3.95599389076
1477926544217 lifecam19 2280.83178711 475.16897583 3.95541787148
1477926544282 lifecam19 2284.09375 477.772186279 3.96254014969
1477926544345 lifecam19 2288.0769043 481.331878662 4.03668832779
1477926544546 lifecam19 2300.33154297 492.365203857 4.10952758789
1477926544597 lifecam19 2303.67163086 495.608734131 4.1203327179
1477926544680 lifecam19 2306.3996582 498.991790771 4.1531124115
1477926544745 lifecam19 2309.79931641 503.429473877 4.1690993309
1477926544806 lifecam19 2313.16162109 507.865936279 4.20950269699
1477926544863 lifecam19 2316.18554688 511.85256958 4.20851707458
1477926545080 lifecam19 2326.22290039 524.879272461 4.2633266449
1477926545140 lifecam19 2328.72729492 529.637268066 4.29610776901
1477926545217 lifecam19 2331.94238281 533.640075684 4.34017133713
1477926545273 lifecam19 2333.58374023 537.801757812 4.34139585495
1477926545343 lifecam19 2336.96899414 543.317138672 4.36866617203
1477926545603 lifecam19 2346.30859375 560.299133301 4.45133304596
1477926545676 lifecam19 2348.58691406 565.65435791 4.49567604065
1477926545744 lifecam19 2350.03173828 570.001586914 4.50338411331
1477926545811 lifecam19 2352.02001953 575.215576172 4.53094482422
1477926545876 lifecam19 2354.09741211 580.120727539 4.55380868912
1477926546203 lifecam19 2362.43286133 606.002929688 4.65344667435
1477926546284 lifecam19 2362.99975586 611.684692383 4.68440008163
1477926546350 lifecam19 2363.0 616.499938965 4.7123875618
1477926546408 lifecam19 2363.0 621.422973633 4.73860216141
1477926546485 lifecam19 2363.0 626.438476562 4.74953174591
1477926546752 lifecam19 2365.73168945 647.923950195 4.82524394989
1477926546797 lifecam19 2365.38476562 652.766845703 4.88008451462
1477926546872 lifecam19 2365.42358398 657.744140625 4.91212940216
1477926546946 lifecam19 2365.94799805 663.210388184 4.92648363113
1477926546997 lifecam19 2366.09130859 667.130065918 4.95314502716
1477926547063 lifecam19 2365.74658203 673.055786133 4.97032642365
1477926547344 lifecam19 2362.33422852 693.618164062 5.06006383896
1477926547409 lifecam19 2361.32617188 699.10534668 5.09699058533
1477926547474 lifecam19 2360.07470703 704.272033691 5.10973119736
1477926547533 lifecam19 2358.81542969 709.384399414 5.14007854462
1477926547611 lifecam19 2357.74511719 714.803405762 5.15885257721
1477926547947 lifecam19 2349.10009766 739.940063477 5.2609205246
1477926548018 lifecam19 2346.24633789 745.037536621 5.27908658981
1477926548087 lifecam19 2344.91186523 749.902954102 5.3164563179
1477926548142 lifecam19 2341.9050293 754.062805176 5.32935428619
1477926548213 lifecam19 2339.54150391 758.651733398 5.34004831314
1477926548407 lifecam19 2331.46582031 771.743164062 5.42462778091
1477926548489 lifecam19 2330.015625 777.352905273 5.44168424606
1477926548542 lifecam19 2327.13818359 781.861572266 5.47326993942
1477926548612 lifecam19 2323.42041016 785.889038086 5.51789045334
1477926548685 lifecam19 2320.39672852 790.896728516 5.5369849205
1477926548953 lifecam19 2307.32250977 805.898925781 5.62532615662
1477926549016 lifecam19 2304.16894531 809.55456543 5.67553710938
1477926549082 lifecam19 2299.92822266 812.843322754 5.66458320618
1477926549152 lifecam19 2296.77246094 817.055053711 5.68360519409
1477926549211 lifecam19 2292.56982422 820.543395996 5.70066261292
1477926549475 lifecam19 2276.00952148 835.322998047 5.79408407211
1477926549535 lifecam19 2272.26660156 838.19342041 5.8284277916
1477926549613 lifecam19 2267.76953125 841.521789551 5.83134937286
1477926549679 lifecam19 2264.68115234 844.051635742 5.8665266037
1477926549736 lifecam19 2260.38574219 847.236206055 5.89313411713
1477926550013 lifecam19 2241.72509766 856.681396484 5.97859382629
1477926550093 lifecam19 2237.25268555 859.071289062 5.99394178391
1477926550151 lifecam19 2231.68554688 861.815612793 6.00973320007
1477926550221 lifecam19 2227.35058594 864.094238281 6.05932426453
1477926550284 lifecam19 2222.33447266 865.821166992 6.08621549606
1477926550564 lifecam19 2202.53369141 873.671875 6.16134548187
1477926550608 lifecam19 2198.22875977 874.732116699 6.17331647873
1477926550683 lifecam19 2192.31738281 875.657592773 6.18130254745
1477926550747 lifecam19 2187.44995117 877.539733887 6.19733762741
1477926550819 lifecam19 2181.87695312 878.999938965 6.25173568726
1477926551083 lifecam19 2159.99975586 881.230651855 0.0466331876814
1477926551160 lifecam19 2155.58398438 881.890563965 0.0890055373311
1477926551225 lifecam19 2150.73046875 882.366882324 0.0953946858644
1477926551292 lifecam19 2145.37866211 882.761047363 0.0993027091026
1477926551359 lifecam19 2140.70458984 883.806030273 0.129611060023
1477926551625 lifecam19 2119.26367188 882.917602539 0.215251743793
1477926551688 lifecam19 2114.30664062 882.16229248 0.24822935462
1477926551748 lifecam19 2109.2956543 881.298583984 0.263724863529
1477926551818 lifecam19 2104.05859375 880.928283691 0.287051618099
1477926551873 lifecam19 2098.88891602 879.424743652 0.302752107382
1477926552156 lifecam19 2077.43920898 875.318969727 0.401300579309
1477926552227 lifecam19 2072.61279297 874.15423584 0.417826831341
1477926552302 lifecam19 2068.13378906 872.75201416 0.439557492733
1477926552357 lifecam19 2062.56176758 870.995483398 0.472067177296
1477926552418 lifecam19 2059.23779297 869.985351562 0.48671156168
1477926552693 lifecam19 2038.19726562 861.958374023 0.566954016685
1477926552750 lifecam19 2033.9831543 860.483276367 0.589370727539
1477926552815 lifecam19 2028.75170898 857.596435547 0.618777990341
1477926552882 lifecam19 2024.1965332 855.026062012 0.629009127617
1477926552948 lifecam19 2020.12890625 852.571289062 0.666268706322
1477926553163 lifecam19 2005.89990234 844.155822754 0.737998604774
1477926553226 lifecam19 2002.49975586 840.500061035 0.757207870483
1477926553291 lifecam19 1997.02197266 838.29675293 0.738201320171
1477926553348 lifecam19 1992.92944336 835.010986328 0.853502750397
1477926553428 lifecam19 1988.3059082 830.183532715 0.8487637043
1477926553745 lifecam19 1970.13305664 812.040649414 0.935481190681
1477926553832 lifecam19 1967.046875 809.333496094 0.956062853336
1477926553892 lifecam19 1962.88696289 805.444274902 0.994089961052
1477926553955 lifecam19 1959.82141113 801.501831055 0.997349321842
1477926554030 lifecam19 1956.34228516 798.156799316 1.03267705441
1477926554228 lifecam19 1946.99291992 785.523803711 1.07492077351
1477926554291 lifecam19 1942.8170166 780.884765625 1.12184000015
1477926554357 lifecam19 1941.57373047 776.961547852 1.15036344528
1477926554428 lifecam19 1937.70678711 772.841796875 1.15229809284
1477926554495 lifecam19 1935.11584473 767.596069336 1.18789422512
1477926554827 lifecam19 1923.71972656 744.326538086 1.29062044621
1477926554899 lifecam19 1921.95715332 739.784851074 1.30641853809
1477926554955 lifecam19 1920.10241699 734.899536133 1.32295572758
1477926555030 lifecam19 1918.20556641 729.339782715 1.347671628
1477926555093 lifecam19 1916.08496094 725.076293945 1.37058484554
1477926555295 lifecam19 1912.42651367 710.0 1.4429192543
1477926555353 lifecam19 1911.84655762 704.774597168 1.45899415016
1477926555411 lifecam19 1910.69604492 699.191833496 1.48632621765
1477926555499 lifecam19 1909.71740723 694.891967773 1.51708745956
1477926555562 lifecam19 1908.26379395 689.194946289 1.53203034401
1477926555833 lifecam19 1904.89782715 669.531066895 1.60926687717
1477926555891 lifecam19 1905.45593262 663.677856445 1.62271130085
1477926555959 lifecam19 1905.30444336 658.867675781 1.64265882969
1477926556029 lifecam19 1904.91357422 654.01965332 1.68298685551
1477926556098 lifecam19 1905.16564941 648.84362793 1.71020042896
1477926556358 lifecam19 1906.44055176 627.129699707 1.78924572468
1477926556430 lifecam19 1907.60681152 622.029052734 1.81173288822
1477926556495 lifecam19 1908.38720703 616.043212891 1.82611906528
1477926556565 lifecam19 1909.66882324 610.998352051 1.86633694172
1477926556631 lifecam19 1910.35705566 605.740905762 1.88313114643
1477926556957 lifecam19 1917.27880859 581.612121582 1.98806011677
1477926557029 lifecam19 1918.59753418 577.172119141 2.0052011013
1477926557097 lifecam19 1920.65673828 572.044128418 2.02077651024
1477926557144 lifecam19 1922.56835938 566.949462891 2.04534077644
1477926557228 lifecam19 1925.44128418 562.073242188 2.06992793083
1477926557500 lifecam19 1933.88085938 542.985595703 2.16111040115
1477926557561 lifecam19 1936.98913574 539.138183594 2.18621325493
1477926557627 lifecam19 1939.41748047 534.140930176 2.21305704117
1477926557699 lifecam19 1942.2479248 531.133544922 2.24188542366
1477926557755 lifecam19 1945.75268555 525.634643555 2.2835495472
1477926557963 lifecam19 1955.11157227 513.111755371 2.344622612
1477926558025 lifecam19 1958.46826172 509.468231201 2.33826136589
1477926558082 lifecam19 1962.72912598 506.068695068 2.36252498627
1477926558160 lifecam19 1965.20715332 500.947662354 2.40759778023
1477926558236 lifecam19 1968.83093262 497.043670654 2.45489096642
1477926558495 lifecam19 1982.58996582 482.40512085 2.5509853363
1477926558568 lifecam19 1986.25024414 478.817962646 2.54778027534
1477926558628 lifecam19 1991.36828613 475.414764404 2.57782268524
1477926558696 lifecam19 1994.60510254 472.548431396 2.62505269051
1477926558770 lifecam19 1999.15625 469.882293701 2.60015296936
1477926558969 lifecam19 2012.27685547 460.694488525 2.68154740334
1477926559031 lifecam19 2016.54956055 457.560699463 2.72017765045
1477926559103 lifecam19 2021.11694336 454.972625732 2.75157999992
1477926559166 lifecam19 2026.73925781 452.955871582 2.76661252975
1477926559236 lifecam19 2031.14086914 451.177642822 2.7810819149
1477926559500 lifecam19 2050.64526367 443.003417969 2.8662083149
1477926559568 lifecam19 2055.69238281 440.957366943 2.86819958687
1477926559632 lifecam19 2059.44360352 438.559265137 2.91252112389
1477926559705 lifecam19 2065.35791016 437.21887207 2.9159553051
1477926559771 lifecam19 2070.14306641 435.698181152 2.96709799767
1477926560033 lifecam19 2092.40576172 429.659240723 3.05096459389
1477926560099 lifecam19 2095.46044922 428.928131104 3.11085295677
1477926560174 lifecam19 2100.49975586 427.951934814 3.11302828789
1477926560234 lifecam19 2107.27783203 427.387542725 3.15807056427
1477926560489 lifecam19 2126.42285156 427.500030518 3.20168304443
1477926560573 lifecam19 2131.67651367 427.125488281 3.22243833542
1477926560644 lifecam19 2137.31689453 426.930206299 3.24829244614
1477926560698 lifecam19 2142.72460938 425.649291992 3.28340816498
1477926560772 lifecam19 2148.63208008 426.158905029 3.30638742447
1477926561044 lifecam19 2168.6418457 427.916229248 3.40776443481
1477926561099 lifecam19 2174.16333008 428.920440674 3.42153406143
1477926561171 lifecam19 2179.0703125 429.312469482 3.45569038391
1477926561242 lifecam19 2183.75048828 431.019805908 3.47586345673
1477926561311 lifecam19 2189.56323242 431.788299561 3.50421476364
1477926561501 lifecam19 2204.46557617 435.443939209 3.55669546127
1477926561560 lifecam19 2208.43408203 436.911346436 3.59596586227
1477926561640 lifecam19 2214.12524414 438.762023926 3.62797212601
1477926561704 lifecam19 2218.59863281 440.890319824 3.64991760254
1477926561768 lifecam19 2223.86474609 442.838134766 3.67561888695
1477926562099 lifecam19 2247.54101562 453.47354126 3.79158425331
1477926562174 lifecam19 2251.75634766 456.025299072 3.80552387238
1477926562234 lifecam19 2256.53515625 459.937652588 3.8408639431
1477926562303 lifecam19 2260.73754883 462.756256104 3.84819984436
1477926562371 lifecam19 2264.9753418 466.332244873 3.88209795952
1477926562569 lifecam19 2277.64770508 475.115570068 3.91518902779
1477926562637 lifecam19 2282.46728516 477.881317139 4.01197004318
1477926562691 lifecam19 2286.05078125 481.141693115 4.02710914612
1477926562774 lifecam19 2289.9375 484.511993408 4.04107236862
1477926562841 lifecam19 2293.9765625 487.673309326 4.06352043152
1477926563107 lifecam19 2308.14160156 502.704193115 4.16688537598
1477926563157 lifecam19 2311.30810547 506.550262451 4.18360996246
1477926563242 lifecam19 2314.80712891 510.514984131 4.19726848602
1477926563304 lifecam19 2318.08081055 514.72869873 4.23302650452
1477926563373 lifecam19 2321.92407227 519.539245605 4.23270130157
1477926563703 lifecam19 2335.74707031 541.768310547 4.3510093689
1477926563778 lifecam19 2338.42944336 545.809509277 4.39851236343
1477926563839 lifecam19 2341.08105469 551.37677002 4.40634822845
1477926563888 lifecam19 2343.29541016 554.808105469 4.42911148071
1477926563974 lifecam19 2344.94848633 559.863769531 4.43825054169
1477926564171 lifecam19 2350.18554688 573.208984375 4.51563882828
1477926564235 lifecam19 2352.56835938 578.544128418 4.57408237457
1477926564308 lifecam19 2355.13574219 583.291625977 4.56913614273
1477926564374 lifecam19 2356.68505859 588.893859863 4.58659791946
1477926564447 lifecam19 2358.11328125 592.870239258 4.6206870079
1477926564696 lifecam19 2363.0 613.592224121 4.72650003433
1477926564779 lifecam19 2362.99975586 619.130737305 4.73055791855
1477926564830 lifecam19 2363.0 623.499938965 4.71238899231
1477926564909 lifecam19 2363.91186523 628.884521484 4.76032304764
1477926564976 lifecam19 2364.45898438 634.541931152 4.80087423325
1477926565249 lifecam19 2364.70849609 656.506835938 4.88262367249
1477926565296 lifecam19 2364.03808594 662.025268555 4.90468645096
1477926565386 lifecam19 2365.01000977 666.876464844 4.93904972076
1477926565443 lifecam19 2363.66162109 672.163452148 4.96841192245
1477926565509 lifecam19 2364.55932617 678.021057129 4.98572683334
1477926565767 lifecam19 2361.31030273 697.233093262 5.07724714279
1477926565848 lifecam19 2359.68408203 703.479797363 5.09891939163
1477926565902 lifecam19 2358.57177734 707.791137695 5.1335515976
1477926565974 lifecam19 2356.97265625 712.512329102 5.14371824265
1477926566043 lifecam19 2356.10668945 717.802490234 5.18087005615
1477926566311 lifecam19 2348.67626953 737.609863281 5.27001428604
1477926566378 lifecam19 2347.15673828 743.479125977 5.26934766769
1477926566427 lifecam19 2344.96191406 747.42590332 5.29591226578
1477926566504 lifecam19 2342.76171875 752.157653809 5.33454370499
1477926566580 lifecam19 2339.54638672 756.62097168 5.33964776993
1477926566914 lifecam19 2327.13793945 780.839355469 5.44092750549
1477926566976 lifecam19 2324.17456055 784.643676758 5.51077985764
1477926567032 lifecam19 2321.44384766 788.570739746 5.52877855301
1477926567094 lifecam19 2319.03588867 793.290344238 5.59046649933
1477926567175 lifecam19 2316.21875 796.294189453 5.59256649017
1477926567448 lifecam19 2301.20507812 813.089050293 5.65912389755
1477926567514 lifecam19 2298.29980469 815.799072266 5.69892501831
1477926567581 lifecam19 2294.36450195 819.444274902 5.7029747963
1477926567650 lifecam19 2290.59204102 822.743408203 5.74373674393
1477926567714 lifecam19 2286.65283203 826.139160156 5.75025177002
1477926568048 lifecam19 2264.41967773 842.757568359 5.87249660492
1477926568116 lifecam19 2260.58544922 845.367126465 5.90147066116
1477926568182 lifecam19 2255.23876953 848.35534668 5.89910030365
1477926568253 lifecam19 2251.7668457 850.93927002 5.92114591599
1477926568521 lifecam19 2233.28857422 860.754516602 6.01991987228
1477926568584 lifecam19 2228.9934082 863.15057373 6.03715848923
1477926568652 lifecam19 2224.03027344 864.807556152 6.05808353424
1477926568716 lifecam19 2219.07836914 866.652038574 6.0768532753
1477926568786 lifecam19 2213.21386719 869.339233398 6.09611797333
1477926569118 lifecam19 2188.00195312 878.511962891 6.23027276993
1477926569186 lifecam19 2183.43847656 878.99987793 6.23847055435
1477926569249 lifecam19 2178.59228516 879.0 6.24413108826
1477926569322 lifecam19 2173.59228516 879.0 6.2700548172
1477926569365 lifecam19 2167.0 879.0 6.283182621
1477926569650 lifecam19 2147.12988281 882.299072266 0.0917336344719
1477926569714 lifecam19 2141.7878418 882.347961426 0.118102610111
1477926569786 lifecam19 2136.73242188 882.761230469 0.154989883304
1477926569852 lifecam19 2131.48242188 882.609375 0.188584625721
1477926569914 lifecam19 2126.18066406 882.772460938 0.194041892886
1477926570176 lifecam19 2105.93457031 881.356567383 0.287823528051
1477926570252 lifecam19 2100.29589844 880.851196289 0.310668766499
1477926570317 lifecam19 2094.53369141 879.364013672 0.330142199993
1477926570386 lifecam19 2090.06567383 878.799682617 0.344645291567
1477926570454 lifecam19 2085.01049805 877.965759277 0.372674077749
1477926570721 lifecam19 2063.98242188 871.653198242 0.450912296772
1477926570777 lifecam19 2059.46923828 870.116271973 0.488823235035
1477926570851 lifecam19 2053.40844727 868.231689453 0.491949617863
1477926570924 lifecam19 2049.07763672 866.573364258 0.525523126125
1477926570985 lifecam19 2044.85864258 864.384033203 0.541650474072
1477926571251 lifecam19 2025.84277344 854.927978516 0.638188064098
1477926571305 lifecam19 2020.92993164 852.321472168 0.657504975796
1477926571373 lifecam19 2016.71655273 849.914550781 0.663677632809
1477926571458 lifecam19 2011.79248047 846.866088867 0.694348752499
1477926571520 lifecam19 2007.59448242 844.748168945 0.727691709995
1477926571791 lifecam19 1990.8494873 832.114196777 0.866980314255
1477926571865 lifecam19 1987.64086914 829.567871094 0.872602105141
1477926571915 lifecam19 1982.75378418 825.236083984 0.888584136963
1477926571983 lifecam19 1978.79663086 822.004577637 0.885144650936
1477926572058 lifecam19 1974.89233398 818.339477539 0.908022880554
1477926572257 lifecam19 1963.92822266 806.743041992 0.982587337494
1477926572318 lifecam19 1960.67456055 802.200561523 1.0005402565
1477926572390 lifecam19 1956.61096191 798.58013916 1.02634739876
1477926572448 lifecam19 1953.92895508 794.350219727 1.03228127956
1477926572523 lifecam19 1949.89916992 789.963745117 1.07326519489
1477926572788 lifecam19 1938.85083008 773.55480957 1.15504074097
1477926572853 lifecam19 1936.21972656 769.041259766 1.16797041893
1477926572925 lifecam19 1933.98461914 765.356323242 1.19948911667
1477926572987 lifecam19 1930.94580078 759.547485352 1.2185447216
1477926573054 lifecam19 1928.37756348 755.369384766 1.22864413261
1477926573310 lifecam19 1920.06115723 736.555786133 1.32492315769
1477926573377 lifecam19 1918.38916016 731.486022949 1.3528418541
1477926573455 lifecam19 1916.48620605 727.114746094 1.36666071415
1477926573525 lifecam19 1915.33398438 721.959960938 1.39125216007
1477926573586 lifecam19 1913.91357422 716.258911133 1.42368912697
1477926573858 lifecam19 1910.05895996 696.297973633 1.49889612198
1477926573919 lifecam19 1909.27294922 690.179016113 1.52523982525
1477926573992 lifecam19 1908.28466797 685.389160156 1.54702913761
1477926574050 lifecam19 1907.83679199 679.708190918 1.58508503437
1477926574109 lifecam19 1906.06176758 675.633361816 1.61060774326
1477926574177 lifecam19 1905.34350586 669.303955078 1.596113801
1477926574445 lifecam19 1905.12988281 649.142272949 1.70505964756
1477926574522 lifecam19 1905.55529785 643.78894043 1.71116745472
1477926574585 lifecam19 1905.68994141 639.891479492 1.74517548084
1477926574652 lifecam19 1905.8581543 633.889770508 1.76100647449
1477926574722 lifecam19 1906.31445312 628.325561523 1.78923523426
1477926574995 lifecam19 1909.84301758 608.123962402 1.88056147099
1477926575042 lifecam19 1911.42700195 602.721069336 1.89514791965
1477926575112 lifecam19 1912.60742188 597.617370605 1.92316305637
1477926575184 lifecam19 1914.15246582 592.131347656 1.94391310215
1477926575241 lifecam19 1915.42199707 587.917297363 1.95457518101
1477926575588 lifecam19 1924.80883789 563.597900391 2.07972359657
1477926575655 lifecam19 1926.25561523 558.842529297 2.10647892952
1477926575717 lifecam19 1928.63549805 554.209472656 2.13500022888
1477926575782 lifecam19 1930.15515137 548.360961914 2.1413435936
1477926575846 lifecam19 1932.85083008 544.630859375 2.16486001015
1477926576182 lifecam19 1946.53515625 522.137207031 2.25016665459
1477926576249 lifecam19 1950.97631836 517.223449707 2.29199671745
1477926576310 lifecam19 1952.73339844 513.873962402 2.31040453911
1477926576374 lifecam19 1956.98706055 510.199249268 2.35987114906
1477926576458 lifecam19 1960.88562012 506.475006104 2.36831974983
1477926576721 lifecam19 1975.17785645 490.292572021 2.48953986168
1477926576791 lifecam19 1979.17138672 487.380828857 2.50024247169
1477926576858 lifecam19 1982.95532227 484.320220947 2.52483773232
1477926576924 lifecam19 1986.94750977 480.524200439 2.56918168068
1477926576986 lifecam19 1991.05603027 477.039886475 2.56623768806
1477926577323 lifecam19 2012.05371094 462.224304199 2.68119263649
1477926577390 lifecam19 2016.38232422 459.37008667 2.70928931236
1477926577450 lifecam19 2020.62451172 455.977325439 2.74461174011
1477926577527 lifecam19 2025.47875977 453.681427002 2.74938845634
1477926577595 lifecam19 2030.33691406 451.52432251 2.76805233955
1477926577925 lifecam19 2055.01220703 440.142150879 2.88333964348
1477926577979 lifecam19 2059.14453125 438.641296387 2.91651082039
1477926578067 lifecam19 2064.9140625 437.882019043 2.92752051353
1477926578123 lifecam19 2069.3112793 435.899841309 2.97096133232
1477926578189 lifecam19 2074.03588867 434.816589355 2.97956347466
1477926578520 lifecam19 2100.49975586 428.730712891 3.1088449955
1477926578585 lifecam19 2105.77880859 427.760528564 3.17145490646
1477926578655 lifecam19 2108.74975586 427.499969482 3.16597890854
1477926578727 lifecam19 2115.08325195 427.499969482 3.15896034241
1477926578789 lifecam19 2120.21142578 427.499969482 3.19067192078
1477926579061 lifecam19 2140.9543457 425.291656494 3.29109477997
1477926579122 lifecam19 2146.74609375 425.432220459 3.32029342651
1477926579190 lifecam19 2152.12792969 425.197174072 3.33129692078
1477926579251 lifecam19 2157.09521484 425.742919922 3.3531332016
1477926579334 lifecam19 2162.72412109 426.968719482 3.38524580002
1477926579598 lifecam19 2183.49829102 430.953094482 3.47811365128
1477926579665 lifecam19 2189.56323242 431.788299561 3.50421476364
1477926579728 lifecam19 2194.14868164 433.426391602 3.51856565475
1477926579792 lifecam19 2198.02392578 434.284393311 3.53047895432
1477926579858 lifecam19 2203.06201172 436.495361328 3.54936885834
1477926580197 lifecam19 2227.64697266 445.198181152 3.67068004608
1477926580256 lifecam19 2232.78515625 446.895690918 3.7006316185
1477926580334 lifecam19 2237.70410156 448.602325439 3.7245631218
1477926580390 lifecam19 2242.40698242 451.64755249 3.75991821289
1477926580463 lifecam19 2246.10400391 453.873413086 3.7915995121
1477926580812 lifecam19 2269.4465332 468.553070068 3.89344954491
1477926580859 lifecam19 2273.25219727 471.687835693 3.88492250443
1477926580929 lifecam19 2276.32958984 474.979888916 3.91835188866
1477926580991 lifecam19 2281.95263672 477.332489014 4.02064466476
1477926581062 lifecam19 2285.30761719 480.240814209 4.02877664566
1477926581394 lifecam19 2304.97509766 498.495574951 4.14665317535
1477926581458 lifecam19 2307.80761719 502.552764893 4.15889835358
1477926581537 lifecam19 2311.18286133 505.579193115 4.17554140091
1477926581601 lifecam19 2314.234375 509.584625244 4.21873760223
1477926581666 lifecam19 2317.63964844 513.982788086 4.21446704865
1477926582002 lifecam19 2332.59765625 535.601867676 4.35539150238
1477926582070 lifecam19 2334.96118164 540.395935059 4.36520147324
1477926582118 lifecam19 2337.26025391 543.720947266 4.39200639725
1477926582189 lifecam19 2339.609375 549.652587891 4.40226173401
1477926582269 lifecam19 2341.87597656 553.026977539 4.45383262634
1477926582533 lifecam19 2349.69702148 573.616088867 4.51925134659
1477926582598 lifecam19 2351.61108398 578.731262207 4.54610347748
1477926582671 lifecam19 2353.26196289 583.804992676 4.57592535019
1477926582730 lifecam19 2355.20410156 588.397644043 4.5684261322
1477926582802 lifecam19 2357.57128906 593.236816406 4.62027645111
1477926583144 lifecam19 2362.99975586 619.123046875 4.73172664642
1477926583189 lifecam19 2363.0 623.499938965 4.71238899231
1477926583262 lifecam19 2363.30981445 628.913696289 4.74864149094
1477926583333 lifecam19 2364.06323242 634.33203125 4.79892635345
1477926583398 lifecam19 2364.54418945 639.594543457 4.795358181
1477926583670 lifecam19 2364.13793945 661.094055176 4.90436601639
1477926583730 lifecam19 2364.23681641 666.506835938 4.92330551147
1477926583810 lifecam19 2363.43359375 671.813293457 4.95909929276
1477926583867 lifecam19 2363.10888672 677.101196289 4.98180294037
1477926583936 lifecam19 2363.05541992 682.015869141 4.998067379
1477926584202 lifecam19 2358.97924805 702.265930176 5.08902549744
1477926584255 lifecam19 2358.30151367 707.598022461 5.1246380806
1477926584326 lifecam19 2356.97265625 712.512329102 5.14371824265
1477926584398 lifecam19 2356.36450195 717.92010498 5.18402147293
1477926584465 lifecam19 2354.50878906 722.279968262 5.19408416748
1477926584742 lifecam19 2347.53759766 742.371887207 5.28814983368
1477926584807 lifecam19 2345.75512695 747.628356934 5.30498123169
1477926584870 lifecam19 2343.12646484 752.100952148 5.33794641495
1477926584936 lifecam19 2341.21972656 757.676086426 5.36378002167
1477926585008 lifecam19 2338.98046875 761.34967041 5.38518953323
1477926585278 lifecam19 2326.35522461 779.714050293 5.47535037994
1477926585329 lifecam19 2323.94140625 784.529602051 5.50775718689
1477926585388 lifecam19 2320.6015625 787.432617188 5.55091428757
1477926585468 lifecam19 2317.85058594 791.902160645 5.57252216339
1477926585527 lifecam19 2314.62011719 796.428649902 5.5700545311
1477926585592 lifecam19 2311.05322266 800.610290527 5.58540439606
1477926585881 lifecam19 2297.47509766 815.539794922 5.69516420364
1477926585939 lifecam19 2293.82250977 819.38067627 5.67852449417
1477926586006 lifecam19 2290.26660156 822.557495117 5.7349486351
1477926586071 lifecam19 2285.8671875 826.297851562 5.73758268356
1477926586142 lifecam19 2281.79638672 829.986450195 5.78342008591
1477926586406 lifecam19 2264.41967773 842.757568359 5.87249660492
1477926586469 lifecam19 2261.25195312 846.008422852 5.8807888031
1477926586539 lifecam19 2256.09179688 849.119262695 5.89518070221
1477926586617 lifecam19 2251.5390625 851.014343262 5.91887140274
1477926586675 lifecam19 2247.15136719 853.580444336 5.94669818878
1477926587012 lifecam19 2223.88793945 864.275939941 6.0498085022
1477926587076 lifecam19 2218.63867188 866.137145996 6.07453203201
1477926587141 lifecam19 2213.45458984 869.304443359 6.09654331207
1477926587208 lifecam19 2208.70361328 870.414550781 6.11694383621
1477926587274 lifecam19 2203.76953125 873.57800293 6.15152597427
1477926587619 lifecam19 2179.68457031 878.999938965 6.2571644783
1477926587676 lifecam19 2173.99975586 878.99987793 6.28318500519
1477926587749 lifecam19 2166.99975586 879.792114258 0.0202447827905
1477926587808 lifecam19 2163.5 881.579101562 0.0477287210524
1477926587875 lifecam19 2159.00292969 882.278137207 0.0776117444038
1477926588215 lifecam19 2131.36206055 883.358642578 0.175298154354
1477926588277 lifecam19 2126.18066406 882.772460938 0.194041892886
1477926588345 lifecam19 2120.07226562 882.803833008 0.216190516949
1477926588415 lifecam19 2115.91186523 882.398071289 0.236461699009
1477926588475 lifecam19 2110.02441406 881.962036133 0.237317979336
1477926588745 lifecam19 2090.14208984 878.567993164 0.342281520367
1477926588810 lifecam19 2085.17749023 877.498046875 0.36374220252
1477926588869 lifecam19 2078.91918945 876.214355469 0.385256111622
1477926588947 lifecam19 2074.53588867 875.070739746 0.411984831095
1477926589008 lifecam19 2069.35449219 874.062072754 0.436962813139
1477926589341 lifecam19 2045.51611328 865.35546875 0.543568313122
1477926589395 lifecam19 2040.43457031 863.248596191 0.547503769398
1477926589474 lifecam19 2035.66992188 860.297119141 0.571263551712
1477926589538 lifecam19 2030.93530273 858.415771484 0.595382213593
1477926589608 lifecam19 2025.46801758 855.375976562 0.61844855547
1477926589940 lifecam19 2003.51318359 841.479431152 0.786261737347
1477926590005 lifecam19 2000.10107422 839.016235352 0.786854565144
1477926590075 lifecam19 1994.58911133 837.860961914 0.839798569679
1477926590135 lifecam19 1990.44384766 834.844116211 0.866482436657
1477926590210 lifecam19 1986.63500977 831.483764648 0.86109817028
1477926590479 lifecam19 1971.46386719 815.481933594 0.925308823586
1477926590544 lifecam19 1967.71691895 811.071228027 0.960458576679
1477926590612 lifecam19 1963.4230957 807.815124512 0.960699141026
1477926590678 lifecam19 1959.75537109 803.333984375 0.99651736021
1477926590753 lifecam19 1956.22436523 800.028442383 1.02508187294
1477926591088 lifecam19 1941.64355469 778.16394043 1.11812508106
1477926591132 lifecam19 1938.79138184 774.064941406 1.15545141697
1477926591211 lifecam19 1936.90625 769.343505859 1.16745233536
1477926591272 lifecam19 1933.9440918 765.208740234 1.18044638634
1477926591340 lifecam19 1931.71765137 760.288269043 1.2079180479
1477926591615 lifecam19 1921.87231445 741.113952637 1.31756305695
1477926591679 lifecam19 1919.59094238 737.364379883 1.31579256058
1477926591749 lifecam19 1917.3927002 730.975769043 1.35311162472
1477926591815 lifecam19 1916.04211426 727.155212402 1.35942280293
1477926591881 lifecam19 1914.74121094 722.652954102 1.38780128956
1477926592216 lifecam19 1909.07299805 697.385314941 1.48776054382
1477926592284 lifecam19 1907.92602539 691.213867188 1.5187112093
1477926592350 lifecam19 1907.4732666 686.218994141 1.55032348633
1477926592407 lifecam19 1906.92016602 682.776672363 1.5653012991
1477926592479 lifecam19 1905.09216309 675.99987793 1.58438503742
1477926592749 lifecam19 1904.71630859 655.86730957 1.67845404148
1477926592815 lifecam19 1905.21044922 650.255310059 1.70155155659
1477926592881 lifecam19 1905.10119629 645.427124023 1.70947611332
1477926592946 lifecam19 1905.11328125 640.293029785 1.74218094349
1477926593012 lifecam19 1905.09667969 634.914001465 1.75794231892
1477926593285 lifecam19 1907.27600098 614.401794434 1.84569275379
1477926593351 lifecam19 1908.60864258 608.342529297 1.87934029102
1477926593404 lifecam19 1909.72021484 603.891235352 1.88238584995
1477926593482 lifecam19 1910.93066406 598.446228027 1.93349516392
1477926593548 lifecam19 1912.66235352 593.912597656 1.94412004948
1477926593817 lifecam19 1918.62878418 574.564453125 2.02471113205
1477926593881 lifecam19 1921.10961914 569.37286377 2.04558682442
1477926593954 lifecam19 1923.37744141 564.775390625 2.05815076828
1477926594019 lifecam19 1926.23754883 560.347412109 2.0911257267
1477926594081 lifecam19 1928.53540039 555.055114746 2.11286306381
1477926594417 lifecam19 1940.84912109 532.617248535 2.21853280067
1477926594485 lifecam19 1943.32788086 526.837646484 2.26017212868
1477926594553 lifecam19 1945.35766602 524.292541504 2.27303647995
1477926594621 lifecam19 1949.12182617 519.436767578 2.27895140648
1477926594683 lifecam19 1951.77307129 516.772949219 2.32130622864
1477926595020 lifecam19 1970.24157715 495.133514404 2.47006177902
1477926595088 lifecam19 1973.30395508 491.487823486 2.47783303261
1477926595152 lifecam19 1978.01049805 488.146942139 2.50745511055
1477926595222 lifecam19 1981.78601074 483.95614624 2.54146313667
1477926595287 lifecam19 1984.93005371 481.377593994 2.54617333412
1477926595552 lifecam19 2003.19799805 467.836578369 2.63930416107
1477926595618 lifecam19 2005.99975586 465.999938965 2.65414357185
1477926595689 lifecam19 2010.52587891 463.438323975 2.67928433418
1477926595753 lifecam19 2015.18017578 460.846221924 2.71178221703
1477926595817 lifecam19 2018.85717773 457.383270264 2.73156142235
1477926596158 lifecam19 2042.04833984 444.788299561 2.82296872139
1477926596220 lifecam19 2047.56542969 443.224243164 2.87235617638
1477926596286 lifecam19 2051.9597168 441.049865723 2.89539361
1477926596355 lifecam19 2057.06347656 439.219238281 2.91464924812
1477926596419 lifecam19 2061.97900391 437.821014404 2.95117354393
1477926596686 lifecam19 2081.66845703 432.22958374 3.00987243652
1477926596758 lifecam19 2087.53271484 431.284454346 3.0477502346
1477926596829 lifecam19 2093.49951172 430.452026367 3.08525729179
1477926596888 lifecam19 2100.49975586 429.355712891 3.09626984596
1477926596953 lifecam19 2104.15771484 428.854125977 3.12282252312
1477926597228 lifecam19 2124.99951172 427.5 3.19913768768
1477926597291 lifecam19 2129.359375 427.305023193 3.22452545166
1477926597354 lifecam19 2134.98681641 427.183990479 3.23860216141
1477926597423 lifecam19 2139.62573242 426.229431152 3.281229496
1477926597498 lifecam19 2144.45629883 426.458312988 3.30180263519
1477926597826 lifecam19 2171.47460938 428.224090576 3.41929006577
1477926597890 lifecam19 2176.82177734 429.262512207 3.43742418289
1477926597961 lifecam19 2181.65209961 430.384674072 3.45843696594
1477926598025 lifecam19 2186.3737793 431.563415527 3.48942661285
1477926598093 lifecam19 2191.91601562 432.831176758 3.50491285324
1477926598424 lifecam19 2216.83691406 440.775115967 3.62432956696
1477926598493 lifecam19 2221.78027344 442.717468262 3.65857863426
1477926598557 lifecam19 2226.01806641 444.995117188 3.66296815872
1477926598623 lifecam19 2231.24853516 447.3175354 3.7040040493
1477926598690 lifecam19 2235.79418945 449.133972168 3.73499059677
1477926598958 lifecam19 2255.0534668 458.347320557 3.8267993927
1477926599023 lifecam19 2258.45385742 460.395477295 3.81485652924
1477926599091 lifecam19 2263.63061523 464.325378418 3.86798596382
1477926599155 lifecam19 2265.99926758 466.638519287 3.89466977119
1477926599225 lifecam19 2269.82177734 470.152130127 3.91726136208
1477926599562 lifecam19 2291.98608398 487.125335693 4.06762361526
1477926599626 lifecam19 2295.45581055 490.745269775 4.08125686646
1477926599693 lifecam19 2299.12329102 494.586029053 4.12377023697
1477926599762 lifecam19 2302.56713867 498.797515869 4.12224960327
1477926599828 lifecam19 2305.97729492 502.668487549 4.16400098801
1477926600096 lifecam19 2318.953125 517.678955078 4.23910903931
1477926600159 lifecam19 2321.74389648 523.091796875 4.2609796524
1477926600233 lifecam19 2325.01269531 527.034179688 4.29727554321
1477926600300 lifecam19 2328.35546875 530.581542969 4.30867052078
1477926600358 lifecam19 2331.30297852 535.4921875 4.34760475159
1477926600627 lifecam19 2341.08032227 553.683837891 4.43109416962
1477926600694 lifecam19 2344.2121582 558.407592773 4.44426012039
1477926600763 lifecam19 2346.20605469 563.535217285 4.47016143799
1477926600825 lifecam19 2348.20288086 567.947143555 4.50367927551
1477926600893 lifecam19 2348.89208984 572.453857422 4.51963281631
1477926601229 lifecam19 2356.86962891 598.521606445 4.64123773575
1477926601297 lifecam19 2357.48510742 604.017333984 4.65096330643
1477926601361 lifecam19 2359.39868164 608.673217773 4.64629840851
1477926601437 lifecam19 2363.0 613.199951172 4.70471572876
1477926601496 lifecam19 2363.0 618.407714844 4.72634363174
1477926601762 lifecam19 2363.69799805 637.568969727 4.82629489899
1477926601830 lifecam19 2364.57421875 644.467895508 4.85384750366
1477926601897 lifecam19 2364.54541016 648.92578125 4.87010765076
1477926601961 lifecam19 2364.19238281 654.960632324 4.88981628418
1477926602040 lifecam19 2364.11669922 660.024353027 4.9141330719
1477926602364 lifecam19 2362.16748047 687.618835449 5.02172613144
1477926602432 lifecam19 2361.09521484 691.708374023 5.05854129791
1477926602489 lifecam19 2360.01196289 697.578063965 5.07546281815
1477926602551 lifecam19 2358.88476562 702.501037598 5.09134721756
1477926602617 lifecam19 2357.43847656 706.998046875 5.11340522766
1477926602896 lifecam19 2350.81518555 727.657653809 5.19491291046
1477926602966 lifecam19 2349.54052734 732.314025879 5.22998046875
1477926603029 lifecam19 2347.83374023 737.188232422 5.25003242493
1477926603094 lifecam19 2345.67114258 742.601318359 5.2676076889
1477926603172 lifecam19 2344.32910156 747.013793945 5.30037498474
1477926603430 lifecam19 2334.48510742 765.032836914 5.39314413071
1477926603503 lifecam19 2332.67382812 769.63470459 5.41570949554
1477926603571 lifecam19 2329.32739258 773.73223877 5.42885732651
1477926603642 lifecam19 2326.83129883 778.920410156 5.49806308746
1477926603695 lifecam19 2324.51049805 783.491088867 5.51569414139
1477926603953 lifecam19 2310.69628906 800.052001953 5.59204387665
1477926604032 lifecam19 2306.99658203 804.770080566 5.59745931625
1477926604104 lifecam19 2303.80004883 808.207519531 5.66046619415
1477926604164 lifecam19 2300.26171875 812.041870117 5.64885091782
1477926604241 lifecam19 2296.59887695 816.137817383 5.69671964645
1477926604506 lifecam19 2281.80395508 828.822265625 5.76998567581
1477926604568 lifecam19 2277.43237305 832.513427734 5.79102516174
1477926604644 lifecam19 2274.29248047 836.086181641 5.82425260544
1477926604698 lifecam19 2269.5324707 840.097351074 5.83011674881
1477926604774 lifecam19 2265.16601562 842.526794434 5.87917089462
1477926605106 lifecam19 2243.37011719 855.719909668 5.97145795822
1477926605170 lifecam19 2238.19726562 858.598937988 5.99410295486
1477926605219 lifecam19 2233.98364258 860.309326172 6.01432943344
1477926605301 lifecam19 2228.90063477 862.814025879 6.02546691895
1477926605369 lifecam19 2224.03027344 864.807556152 6.05808353424
1477926605710 lifecam19 2198.21826172 874.092041016 6.16577911377
1477926605776 lifecam19 2193.13256836 875.696838379 6.16474342346
1477926605843 lifecam19 2188.50268555 877.463439941 6.19626665115
1477926605908 lifecam19 2183.15380859 878.99987793 6.24348688126
1477926605974 lifecam19 2178.30761719 879.0 6.23912906647
1477926606241 lifecam19 2158.92919922 882.201904297 0.073107548058
1477926606305 lifecam19 2153.0 882.153076172 0.0572000220418
1477926606375 lifecam19 2146.99658203 882.721679688 0.0776100754738
1477926606425 lifecam19 2141.92700195 882.983276367 0.120032854378
1477926606503 lifecam19 2136.14404297 883.469604492 0.133570626378
1477926606831 lifecam19 2110.29150391 881.855957031 0.248664110899
1477926606904 lifecam19 2104.8737793 881.287597656 0.286841452122
1477926606985 lifecam19 2100.13916016 880.461853027 0.299362361431
1477926607036 lifecam19 2095.40966797 879.649658203 0.312778532505
1477926607104 lifecam19 2089.69824219 879.151489258 0.332482784986
1477926607444 lifecam19 2064.55664062 873.55480957 0.470661818981
1477926607506 lifecam19 2059.40405273 871.897521973 0.470149457455
1477926607579 lifecam19 2053.51733398 869.039794922 0.504049599171
1477926607641 lifecam19 2049.58691406 868.290771484 0.525264084339
1477926607706 lifecam19 2044.19189453 865.649047852 0.543207466602
1477926608046 lifecam19 2021.20605469 854.296936035 0.65086710453
1477926608114 lifecam19 2016.40478516 850.91784668 0.681546032429
1477926608177 lifecam19 2011.51928711 848.590820312 0.686174571514
1477926608248 lifecam19 2007.8581543 845.198913574 0.722833573818
1477926608306 lifecam19 2002.82739258 841.387695312 0.735217809677
1477926608644 lifecam19 1982.55090332 825.786743164 0.883258759975
1477926608697 lifecam19 1979.12792969 822.411743164 0.885145783424
1477926608773 lifecam19 1974.68286133 818.911376953 0.907989025116
1477926608840 lifecam19 1971.17480469 815.269897461 0.905955314636
1477926608905 lifecam19 1966.82226562 812.197387695 0.963713645935
1477926609235 lifecam19 1949.55847168 791.743835449 1.07605862617
1477926609310 lifecam19 1946.44042969 788.329589844 1.07837057114
1477926609380 lifecam19 1944.35620117 783.836120605 1.11812508106
1477926609447 lifecam19 1940.89440918 778.403076172 1.13771760464
1477926609506 lifecam19 1937.66442871 775.097595215 1.15697932243
1477926609791 lifecam19 1928.81762695 756.000366211 1.21839511395
1477926609844 lifecam19 1926.125 751.696411133 1.25358009338
1477926609913 lifecam19 1924.29406738 746.898010254 1.26744842529
1477926609980 lifecam19 1921.93139648 742.234008789 1.3123806715
1477926610036 lifecam19 1919.76147461 737.067810059 1.31770575047
1477926610385 lifecam19 1911.34680176 713.428466797 1.4160233736
1477926610445 lifecam19 1910.15649414 708.173217773 1.45080411434
1477926610496 lifecam19 1908.75183105 703.674682617 1.47923982143
1477926610562 lifecam19 1908.0859375 698.096679688 1.49323487282
1477926610649 lifecam19 1906.38964844 692.929748535 1.52881813049
1477926610918 lifecam19 1904.22912598 672.499938965 1.57652103901
1477926610979 lifecam19 1903.86865234 667.152832031 1.62322580814
1477926611035 lifecam19 1902.93725586 661.478942871 1.65744078159
1477926611109 lifecam19 1903.76171875 657.155151367 1.67094099522
1477926611178 lifecam19 1903.47619629 650.857299805 1.69159710407
1477926611513 lifecam19 1906.64880371 625.05291748 1.80441343784
1477926611570 lifecam19 1907.35412598 619.835205078 1.82749474049
1477926611651 lifecam19 1907.50109863 614.472717285 1.84067308903
1477926611725 lifecam19 1908.34216309 609.414245605 1.86549293995
1477926611775 lifecam19 1909.56225586 604.362609863 1.88781988621
1477926612048 lifecam19 1914.92089844 584.720336914 1.97855627537
1477926612115 lifecam19 1916.26904297 579.839355469 1.99565136433
1477926612192 lifecam19 1918.27612305 574.388061523 2.03330516815
1477926612254 lifecam19 1920.21923828 570.576049805 2.04856944084
1477926612324 lifecam19 1922.09277344 565.051025391 2.06304645538
1477926612576 lifecam19 1931.86572266 545.676635742 2.17393875122
1477926612650 lifecam19 1934.7487793 541.099243164 2.17329525948
1477926612723 lifecam19 1936.57507324 537.014099121 2.19598507881
1477926612780 lifecam19 1939.78186035 532.3984375 2.22672796249
1477926612852 lifecam19 1942.38427734 528.090637207 2.25532460213
1477926613142 lifecam19 1954.59851074 511.984649658 2.32965779305
1477926613178 lifecam19 1958.11157227 507.514007568 2.35607981682
1477926613249 lifecam19 1960.87316895 503.439056396 2.44412541389
1477926613328 lifecam19 1964.37634277 499.583343506 2.447483778
1477926613377 lifecam19 1968.50280762 495.873809814 2.47368168831
1477926613724 lifecam19 1987.64160156 477.617706299 2.57987976074
1477926613791 lifecam19 1991.30493164 474.673126221 2.60193777084
1477926613848 lifecam19 1995.4720459 472.177154541 2.62384772301
1477926613919 lifecam19 2000.55383301 468.878631592 2.65476202965
1477926613993 lifecam19 2004.77270508 466.175415039 2.68136096001
1477926614323 lifecam19 2028.05078125 452.65612793 2.76984238625
1477926614384 lifecam19 2032.85668945 450.748260498 2.78512167931
1477926614454 lifecam19 2037.54833984 447.666320801 2.81763482094
1477926614512 lifecam19 2041.85327148 445.998138428 2.84179663658
1477926614588 lifecam19 2046.85107422 443.771820068 2.85711050034
1477926614924 lifecam19 2070.78076172 434.776397705 2.99874377251
1477926614979 lifecam19 2076.47558594 433.537719727 2.99686169624
1477926615057 lifecam19 2081.13842773 432.600006104 3.01930832863
1477926615116 lifecam19 2086.49951172 431.359008789 3.07194781303
1477926615186 lifecam19 2093.22705078 430.439300537 3.07664227486
1477926615447 lifecam19 2113.11523438 427.499969482 3.17709064484
1477926615527 lifecam19 2117.99975586 427.499969482 3.19913721085
1477926615588 lifecam19 2123.73046875 427.499969482 3.20168066025
1477926615666 lifecam19 2128.04785156 427.499969482 3.21075582504
1477926615730 lifecam19 2133.66333008 427.499908447 3.21903753281
1477926615983 lifecam19 2154.07958984 426.570343018 3.35725641251
1477926616053 lifecam19 2159.87133789 427.209991455 3.38019275665
1477926616120 lifecam19 2164.55419922 427.165740967 3.4085354805
1477926616192 lifecam19 2170.30419922 427.959136963 3.43158578873
1477926616255 lifecam19 2174.92651367 428.705780029 3.4497089386
1477926616532 lifecam19 2195.30444336 433.341644287 3.54217433929
1477926616588 lifecam19 2200.18505859 434.73324585 3.55949878693
1477926616658 lifecam19 2205.06494141 436.669525146 3.57429647446
1477926616718 lifecam19 2209.56640625 438.247589111 3.61089944839
1477926616774 lifecam19 2215.36791992 440.20880127 3.63018512726
1477926617063 lifecam19 2234.90527344 449.934783936 3.72907876968
1477926617106 lifecam19 2239.43457031 452.28237915 3.74126720428
1477926617205 lifecam19 2243.87036133 454.865325928 3.77039527893
1477926617262 lifecam19 2248.35961914 457.070953369 3.79937076569
1477926617331 lifecam19 2253.30737305 459.719116211 3.81088852882
1477926617592 lifecam19 2268.68798828 469.311859131 3.90812897682
1477926617650 lifecam19 2274.25317383 474.450469971 3.9462954998
1477926617726 lifecam19 2277.42138672 478.157562256 3.95396161079
1477926617794 lifecam19 2282.41699219 480.068572998 3.99810242653
1477926617860 lifecam19 2287.01074219 483.27255249 4.03875541687
1477926618055 lifecam19 2298.94970703 494.3152771 4.12880134583
1477926618123 lifecam19 2301.8684082 498.225189209 4.13416194916
1477926618194 lifecam19 2305.84716797 502.473236084 4.16230964661
1477926618240 lifecam19 2308.66113281 506.125274658 4.18531131744
1477926618322 lifecam19 2312.14624023 510.661712646 4.20702838898
1477926618660 lifecam19 2326.32641602 531.344299316 4.30303955078
1477926618723 lifecam19 2329.78076172 535.588684082 4.32480573654
1477926618792 lifecam19 2332.16015625 540.37902832 4.34582185745
1477926618848 lifecam19 2335.45874023 544.208740234 4.37959098816
1477926618921 lifecam19 2337.17333984 549.071899414 4.38536071777
1477926619263 lifecam19 2348.34375 572.266540527 4.51410913467
1477926619325 lifecam19 2349.80078125 577.336242676 4.53573226929
1477926619396 lifecam19 2352.23608398 581.546386719 4.5660738945
1477926619462 lifecam19 2352.98681641 587.114807129 4.584171772
1477926619786 lifecam19 2360.16308594 613.206420898 4.678794384
1477926619863 lifecam19 2363.0 617.846130371 4.71961307526
1477926619913 lifecam19 2363.0 623.49987793 4.71238803864
1477926619990 lifecam19 2362.7590332 629.125 4.7548160553
1477926620044 lifecam19 2362.38818359 634.157409668 4.79440879822
1477926620328 lifecam19 2362.24560547 654.392089844 4.88301420212
1477926620395 lifecam19 2363.0925293 659.765625 4.90575313568
1477926620446 lifecam19 2362.83959961 665.233642578 4.93384075165
1477926620531 lifecam19 2362.56958008 670.565246582 4.96029663086
1477926620591 lifecam19 2361.84887695 675.942321777 4.97039556503
1477926620866 lifecam19 2359.16943359 696.341674805 5.07244205475
1477926620929 lifecam19 2357.97290039 701.467895508 5.0916185379
1477926620995 lifecam19 2357.0090332 706.043945312 5.11707115173
1477926621060 lifecam19 2355.40234375 711.4765625 5.12696218491
1477926621116 lifecam19 2354.10986328 717.01953125 5.14740610123
1477926621466 lifecam19 2345.61328125 742.567016602 5.26595687866
1477926621520 lifecam19 2343.99194336 747.065734863 5.30291509628
1477926621596 lifecam19 2341.20678711 752.19921875 5.33317089081
1477926621658 lifecam19 2339.38745117 756.827880859 5.33972263336
1477926621727 lifecam19 2337.96630859 760.860107422 5.38236761093
1477926621990 lifecam19 2326.72485352 778.576660156 5.4804649353
1477926622062 lifecam19 2325.09643555 782.349365234 5.5287861824
1477926622130 lifecam19 2320.6015625 787.432617188 5.55091428757
1477926622194 lifecam19 2317.5 791.5 5.56058263779
1477926622249 lifecam19 2314.51513672 795.695495605 5.56625890732
1477926622532 lifecam19 2300.45336914 811.907226562 5.65166664124
1477926622596 lifecam19 2297.22216797 815.701171875 5.69985485077
1477926622662 lifecam19 2293.06030273 818.544921875 5.68601751328
1477926622731 lifecam19 2288.56640625 822.96496582 5.72463083267
1477926622784 lifecam19 2285.18261719 825.558227539 5.72885560989
1477926623126 lifecam19 2264.20117188 842.289672852 5.87100982666
1477926623183 lifecam19 2259.57080078 845.601379395 5.87514257431
1477926623262 lifecam19 2255.97216797 848.854614258 5.89617729187
1477926623328 lifecam19 2251.54833984 851.041503906 5.91017484665
1477926623400 lifecam19 2246.64892578 853.731628418 5.93469953537
1477926624861 lifecam19 2136.08398438 885.099975586 0.136633723974
1477926624928 lifecam19 2131.88671875 884.860900879 0.176915332675
1477926624993 lifecam19 2125.98925781 884.862426758 0.186880767345
1477926625054 lifecam19 2120.87231445 884.299072266 0.218109309673
1477926625128 lifecam19 2115.62036133 884.247436523 0.233688890934
1477926625462 lifecam19 2089.86743164 880.18927002 0.34369379282
1477926625526 lifecam19 2085.40332031 879.094421387 0.351353704929
1477926625593 lifecam19 2079.86767578 877.245544434 0.373744904995
1477926625655 lifecam19 2075.03344727 875.890808105 0.402779787779
1477926625719 lifecam19 2069.27856445 874.857543945 0.426822930574
1477926626070 lifecam19 2044.8737793 867.521118164 0.529942929745
1477926626137 lifecam19 2039.41357422 864.51965332 0.550286352634
1477926626198 lifecam19 2035.5378418 862.784057617 0.582530558109
1477926626269 lifecam19 2031.15478516 860.657470703 0.603923499584
1477926626337 lifecam19 2025.91137695 857.655151367 0.616781353951
1477926626600 lifecam19 2007.39648438 847.433898926 0.715069532394
1477926626671 lifecam19 2003.0534668 844.796142578 0.704810917377
1477926626724 lifecam19 1997.25939941 841.871582031 0.811667203903
