1477928326433 lifecam19 1871.1060791 127.094856262 3.11011719704
1477928326498 lifecam19 1876.92700195 127.924186707 3.13167452812
1477928326782 lifecam19 1902.70629883 129.852966309 3.14907360077
1477928326843 lifecam19 1907.3828125 130.386764526 3.15694332123
1477928326902 lifecam19 1914.31848145 130.691635132 3.16205358505
1477928326973 lifecam19 1920.00537109 130.847351074 3.16139936447
1477928327046 lifecam19 1925.61975098 131.488128662 3.15820598602
1477928327321 lifecam19 1951.11962891 133.120376587 3.22994041443
1477928327387 lifecam19 1957.30761719 133.499954224 3.25756120682
1477928327439 lifecam19 1963.73071289 133.499816895 3.25254869461
1477928327512 lifecam19 1970.12365723 133.779876709 3.23648500443
1477928327575 lifecam19 1975.71606445 133.762893677 3.23939752579
1477928327779 lifecam19 1994.0958252 140.499923706 3.24976301193
1477928327846 lifecam19 1999.83642578 140.5 3.25613021851
1477928327912 lifecam19 2007.05981445 141.024230957 3.23771047592
1477928327977 lifecam19 2012.99511719 140.776992798 3.24442911148
1477928328042 lifecam19 2018.43237305 147.499984741 3.25861501694
1477928328247 lifecam19 2037.46118164 147.5 3.270008564
1477928328307 lifecam19 2043.54443359 147.728134155 3.28561496735
1477928328380 lifecam19 2050.14770508 148.204940796 3.30118465424
1477928328453 lifecam19 2055.98120117 150.342590332 3.33098268509
1477928328508 lifecam19 2061.21142578 154.499908447 3.27458620071
1477928328770 lifecam19 2086.28173828 158.696014404 3.35259485245
1477928328842 lifecam19 2091.89941406 160.662445068 3.32670402527
1477928328910 lifecam19 2098.90283203 161.762115479 3.31245756149
1477928328975 lifecam19 2104.43334961 162.464080811 3.3241686821
1477928329046 lifecam19 2110.87036133 163.650650024 3.36992073059
1477928329319 lifecam19 2134.125 170.19140625 3.35794353485
1477928329369 lifecam19 2140.35986328 171.805282593 3.39603328705
1477928329449 lifecam19 2144.9909668 174.488891602 3.38991498947
1477928329515 lifecam19 2150.60766602 175.641021729 3.39019775391
1477928329583 lifecam19 2157.25317383 178.40776062 3.37758111954
1477928329841 lifecam19 2182.28491211 186.477767944 3.42787408829
1477928329918 lifecam19 2186.79003906 188.295516968 3.42018461227
1477928329987 lifecam19 2192.70703125 190.506698608 3.41695213318
1477928330049 lifecam19 2198.26489258 192.393493652 3.43551969528
1477928330116 lifecam19 2204.38061523 193.75932312 3.44497966766
1477928330381 lifecam19 2227.41967773 202.574081421 3.4381980896
1477928330449 lifecam19 2232.64501953 204.998718262 3.45103025436
1477928330514 lifecam19 2239.37792969 206.925720215 3.47772598267
1477928330579 lifecam19 2245.96191406 209.686157227 3.47244739532
1477928330638 lifecam19 2251.57470703 212.216339111 3.48524475098
1477928330921 lifecam19 2274.53833008 220.98928833 3.50980567932
1477928330987 lifecam19 2279.56005859 222.341461182 3.51751565933
1477928331053 lifecam19 2286.08813477 224.929077148 3.53503084183
1477928331116 lifecam19 2290.1340332 226.90725708 3.51057529449
1477928331189 lifecam19 2296.08691406 229.87902832 3.53690052032
1477928331390 lifecam19 2313.40332031 237.965606689 3.54700708389
1477928331436 lifecam19 2319.11914062 241.022613525 3.55812454224
1477928331527 lifecam19 2324.67382812 243.412567139 3.5514383316
1477928331585 lifecam19 2330.61425781 246.128112793 3.56211233139
1477928331662 lifecam19 2336.52685547 249.77041626 3.5523519516
1477928331922 lifecam19 2357.60644531 261.200256348 3.58559513092
1477928331983 lifecam19 2362.82373047 263.289001465 3.59254837036
1477928332050 lifecam19 2368.64599609 265.926879883 3.60345649719
1477928332117 lifecam19 2374.27563477 269.402130127 3.59317350388
1477928332177 lifecam19 2379.50366211 272.154052734 3.60800170898
1477928332526 lifecam19 2407.36352539 288.040893555 3.64587521553
1477928332652 lifecam19 2417.98510742 293.790527344 3.65198993683
1477928332708 lifecam19 2423.33935547 296.610595703 3.65898537636
1477928332789 lifecam19 2428.80883789 299.80670166 3.66243553162
1477928332922 lifecam19 2438.609375 306.109832764 3.69417238235
1477928332987 lifecam19 2444.29296875 308.884613037 3.67898797989
1477928333122 lifecam19 2454.40942383 315.891174316 3.70575809479
1477928333170 lifecam19 2459.18945312 319.885467529 3.70645356178
1477928333457 lifecam19 2480.49853516 333.191070557 3.73819684982
1477928333515 lifecam19 2485.64135742 336.961151123 3.72063660622
1477928333582 lifecam19 2491.15893555 341.297393799 3.74689030647
1477928333656 lifecam19 2496.12841797 345.290771484 3.72044205666
1477928333719 lifecam19 2500.42089844 348.727996826 3.74926567078
1477928333993 lifecam19 2521.66503906 363.295440674 3.75853919983
1477928334055 lifecam19 2526.88818359 366.419006348 3.78476166725
1477928334112 lifecam19 2531.49121094 370.7371521 3.77437067032
1477928334179 lifecam19 2536.4855957 373.655517578 3.78423523903
1477928334256 lifecam19 2542.14648438 378.679718018 3.81277871132
1477928334454 lifecam19 2557.18115234 390.829040527 3.82761335373
1477928334524 lifecam19 2561.78881836 394.335449219 3.81485342979
1477928334594 lifecam19 2566.06811523 397.603179932 3.82714748383
1477928334657 lifecam19 2570.8684082 402.386077881 3.80815672874
1477928334726 lifecam19 2575.92822266 407.071594238 3.85341072083
1477928334938 lifecam19 2589.62548828 418.672210693 3.87182593346
1477928334989 lifecam19 2595.70605469 422.538238525 3.83797883987
1477928335045 lifecam19 2598.98144531 426.313568115 3.86367988586
1477928335191 lifecam19 2608.97045898 435.646392822 3.89275717735
1477928335524 lifecam19 2630.33618164 457.201629639 3.88814473152
1477928335589 lifecam19 2635.56201172 462.157012939 3.90517401695
1477928335660 lifecam19 2639.49487305 466.372283936 3.92941522598
1477928335719 lifecam19 2644.29663086 470.752105713 3.8994743824
1477928336130 lifecam19 2671.04272461 497.678070068 3.93082928658
1477928336257 lifecam19 2679.21362305 507.278656006 3.96443724632
1477928336458 lifecam19 2691.78369141 521.783752441 3.98759865761
1477928336515 lifecam19 2695.55029297 525.908935547 3.99143767357
1477928336595 lifecam19 2699.64428711 529.644287109 3.99177622795
1477928336729 lifecam19 2707.89526367 539.999084473 4.00759267807
1477928337059 lifecam19 2727.3918457 563.375793457 4.04481554031
1477928337124 lifecam19 2731.73217773 568.425292969 4.0743932724
1477928337177 lifecam19 2734.61962891 573.230407715 4.07004117966
1477928337263 lifecam19 2739.71777344 578.209777832 4.07993602753
1477928337520 lifecam19 2754.39453125 599.151611328 4.08352708817
1477928337596 lifecam19 2757.8125 604.701660156 4.1093082428
1477928337734 lifecam19 2764.88232422 614.313354492 4.09395170212
1477928337794 lifecam19 2769.5378418 619.475158691 4.1295042038
1477928338130 lifecam19 2787.06298828 643.810302734 4.17953634262
1477928338198 lifecam19 2789.7644043 649.598510742 4.16098403931
1477928338256 lifecam19 2793.04223633 654.973266602 4.15351343155
1477928338331 lifecam19 2796.43994141 660.580322266 4.14961338043
1477928338595 lifecam19 2810.68432617 682.330200195 4.18141555786
1477928338663 lifecam19 2813.64233398 687.205505371 4.20367479324
1477928338734 lifecam19 2817.65014648 692.570373535 4.18691778183
1477928338811 lifecam19 2820.46435547 698.178527832 4.2004570961
1477928338860 lifecam19 2824.16625977 701.112243652 4.22037506104
1477928339135 lifecam19 2835.74072266 723.397644043 4.23580169678
1477928339206 lifecam19 2838.04980469 728.943664551 4.23077869415
1477928339270 lifecam19 2842.03466797 734.574951172 4.26339149475
1477928339324 lifecam19 2844.80615234 741.636474609 4.25746011734
1477928339398 lifecam19 2847.58984375 746.872131348 4.25817584991
1477928339664 lifecam19 2858.7668457 769.928405762 4.27227115631
1477928339733 lifecam19 2862.98144531 774.537109375 4.27951669693
1477928339794 lifecam19 2865.42333984 780.657409668 4.2750453949
1477928339862 lifecam19 2868.99609375 785.384155273 4.28044319153
1477928339933 lifecam19 2869.31616211 792.063842773 4.30278730392
1477928340197 lifecam19 2879.96728516 814.044006348 4.30103826523
1477928340266 lifecam19 2883.17578125 819.748535156 4.31180953979
1477928340336 lifecam19 2885.29492188 825.997375488 4.32508611679
1477928340403 lifecam19 2887.87792969 831.666381836 4.32692050934
1477928340467 lifecam19 2890.68652344 837.488830566 4.34426879883
1477928340732 lifecam19 2899.97436523 859.700805664 4.3647236824
1477928340787 lifecam19 2903.06445312 865.22064209 4.37319993973
1477928340871 lifecam19 2904.6796875 870.86920166 4.3914399147
1477928340940 lifecam19 2907.12988281 876.34942627 4.37931442261
1477928341001 lifecam19 2909.01733398 882.884521484 4.38269090652
1477928341205 lifecam19 2916.15087891 900.815490723 4.42271995544
1477928341267 lifecam19 2918.53662109 907.192077637 4.41934204102
1477928341334 lifecam19 2920.22119141 913.081970215 4.42246055603
1477928341400 lifecam19 2922.56054688 919.233581543 4.43115329742
1477928341468 lifecam19 2924.54443359 925.391052246 4.41098165512
1477928341805 lifecam19 2933.32446289 954.317932129 4.44524240494
1477928341871 lifecam19 2934.89794922 961.128967285 4.45301675797
1477928341936 lifecam19 2936.99975586 966.499938965 4.45826625824
1477928342004 lifecam19 2938.59814453 972.383483887 4.47356367111
1477928342066 lifecam19 2940.92993164 978.393920898 4.44933652878
1477928342273 lifecam19 2945.01220703 997.009216309 4.48796129227
1477928342330 lifecam19 2946.9765625 1003.56512451 4.49769830704
1477928342392 lifecam19 2949.15283203 1008.78533936 4.51134729385
1477928342471 lifecam19 2949.99584961 1014.84698486 4.50626516342
1477928342551 lifecam19 2951.41235352 1021.03094482 4.49753808975
1477928342806 lifecam19 2958.17041016 1044.28100586 4.52662658691
1477928342860 lifecam19 2959.76831055 1051.00695801 4.53843641281
1477928342937 lifecam19 2960.73999023 1057.32531738 4.55362510681
1477928342991 lifecam19 2962.33813477 1063.31994629 4.56180906296
1477928343058 lifecam19 2963.53564453 1068.86401367 4.56303691864
1477928343324 lifecam19 2968.41821289 1094.65332031 4.58077430725
1477928343392 lifecam19 2968.59301758 1100.58032227 4.58637952805
1477928343468 lifecam19 2968.85400391 1106.76538086 4.57513999939
1477928343534 lifecam19 2969.64819336 1112.58996582 4.5989356041
1477928343602 lifecam19 2970.20263672 1118.69897461 4.60162305832
1477928343874 lifecam19 2975.6418457 1142.98486328 4.59592247009
1477928343940 lifecam19 2976.1730957 1149.41931152 4.59982585907
1477928344007 lifecam19 2977.68237305 1155.77246094 4.631295681
1477928344073 lifecam19 2978.31518555 1162.25231934 4.64534902573
1477928344135 lifecam19 2978.99951172 1168.45397949 4.67432689667
1477928344402 lifecam19 2980.03076172 1191.97167969 4.64906644821
1477928344468 lifecam19 2980.69458008 1198.89160156 4.63957595825
1477928344543 lifecam19 2982.57519531 1205.09802246 4.62414169312
1477928344611 lifecam19 2984.86889648 1211.18481445 4.66044044495
1477928344872 lifecam19 2985.99951172 1235.99987793 4.71238851547
1477928344940 lifecam19 2985.99975586 1243.0 4.71238994598
1477928345010 lifecam19 2985.99951172 1249.74609375 4.71179294586
1477928345072 lifecam19 2985.99975586 1254.5769043 4.72606515884
1477928345140 lifecam19 2986.0 1262.06140137 4.72205924988
1477928345405 lifecam19 2985.99975586 1285.72277832 4.71656227112
1477928345476 lifecam19 2985.99951172 1291.99975586 4.71238851547
1477928345522 lifecam19 2986.0 1299.0 4.71238470078
1477928345613 lifecam19 2985.99951172 1305.99975586 4.71238565445
1477928345729 lifecam19 2986.74853516 1317.75170898 4.77342176437
1477928346000 lifecam19 2985.96801758 1341.69433594 4.76766347885
1477928346072 lifecam19 2985.97753906 1348.49291992 4.7646856308
1477928346142 lifecam19 2984.8984375 1355.36169434 4.78092765808
1477928346208 lifecam19 2984.51733398 1361.45849609 4.78740978241
1477928346290 lifecam19 2984.61279297 1367.42248535 4.79603528976
1477928346467 lifecam19 2983.8984375 1386.63818359 4.82549858093
1477928346543 lifecam19 2983.84643555 1392.74145508 4.85073566437
1477928346611 lifecam19 2983.88671875 1399.47485352 4.85251522064
1477928346677 lifecam19 2983.88769531 1404.22888184 4.86767911911
1477928346744 lifecam19 2983.51074219 1411.44885254 4.86433362961
1477928347014 lifecam19 2980.66479492 1434.78125 4.87819576263
1477928347076 lifecam19 2979.09179688 1442.05895996 4.88708209991
1477928347143 lifecam19 2978.19360352 1448.11657715 4.88492298126
1477928347212 lifecam19 2976.50268555 1454.38720703 4.89309358597
1477928347277 lifecam19 2976.26196289 1461.34960938 4.8876581192
1477928347540 lifecam19 2973.0456543 1485.63244629 4.92305469513
1477928347606 lifecam19 2971.67382812 1492.39697266 4.93276977539
1477928347672 lifecam19 2970.70507812 1497.90576172 4.94227743149
1477928347743 lifecam19 2970.38964844 1504.07568359 4.92799758911
1477928347803 lifecam19 2969.20996094 1510.17175293 4.94071340561
1477928348081 lifecam19 2964.12133789 1535.55322266 4.96375322342
1477928348151 lifecam19 2962.99414062 1541.2019043 4.96610736847
1477928348210 lifecam19 2961.68261719 1547.80078125 4.9732336998
1477928348283 lifecam19 2960.51367188 1553.97106934 4.97887086868
1477928348338 lifecam19 2959.82739258 1560.01428223 4.99720191956
1477928348617 lifecam19 2955.17822266 1584.22949219 5.00810909271
1477928348666 lifecam19 2952.96850586 1590.67907715 5.01049232483
1477928348748 lifecam19 2951.22436523 1595.81359863 5.01749038696
1477928348813 lifecam19 2949.90698242 1601.94433594 5.02823877335
1477928348873 lifecam19 2947.5925293 1608.14404297 5.02734899521
1477928349153 lifecam19 2940.68847656 1632.63208008 5.06292533875
1477928349217 lifecam19 2939.4855957 1638.72973633 5.06592702866
1477928349282 lifecam19 2937.09863281 1645.27697754 5.05767202377
1477928349350 lifecam19 2935.47021484 1650.14892578 5.07279586792
1477928349413 lifecam19 2933.74853516 1656.08190918 5.06132364273
1477928349685 lifecam19 2926.59033203 1679.80175781 5.0887465477
1477928349742 lifecam19 2925.14160156 1685.8125 5.09360313416
1477928349812 lifecam19 2923.0 1692.34619141 5.11493682861
1477928349884 lifecam19 2920.45800781 1697.77416992 5.11909914017
1477928350224 lifecam19 2909.75488281 1727.95727539 5.14076709747
1477928350276 lifecam19 2908.37207031 1733.53515625 5.15072107315
1477928350340 lifecam19 2905.95458984 1739.09106445 5.14519357681
1477928350414 lifecam19 2904.39892578 1745.15869141 5.15163183212
1477928350483 lifecam19 2901.72802734 1750.26538086 5.16281175613
1477928350752 lifecam19 2891.92944336 1773.60986328 5.18892765045
1477928350811 lifecam19 2890.08984375 1778.30126953 5.18759584427
1477928350884 lifecam19 2887.23583984 1785.17260742 5.20853424072
1477928350949 lifecam19 2884.52734375 1790.89819336 5.20297718048
1477928351014 lifecam19 2881.47998047 1797.57446289 5.21427726746
1477928351213 lifecam19 2872.48510742 1813.88928223 5.21995782852
1477928351286 lifecam19 2870.46533203 1818.77868652 5.21681451797
1477928351353 lifecam19 2867.37768555 1824.68103027 5.2161564827
1477928351422 lifecam19 2865.56933594 1830.00366211 5.233066082
1477928351485 lifecam19 2862.46289062 1835.68713379 5.24885654449
1477928351816 lifecam19 2848.64257812 1864.01403809 5.27178573608
1477928351883 lifecam19 2845.14941406 1869.80749512 5.27786636353
1477928351947 lifecam19 2842.24462891 1875.52233887 5.28490543365
1477928352020 lifecam19 2839.16870117 1880.94836426 5.29049348831
1477928352276 lifecam19 2826.71142578 1901.68249512 5.29816246033
1477928352349 lifecam19 2824.13037109 1907.06591797 5.30899858475
1477928352414 lifecam19 2820.55957031 1912.85253906 5.31756019592
1477928352476 lifecam19 2817.78686523 1917.92980957 5.3158493042
1477928352550 lifecam19 2814.47192383 1923.83251953 5.32534599304
1477928352809 lifecam19 2801.04077148 1944.91894531 5.34295654297
1477928352872 lifecam19 2797.9921875 1950.14672852 5.35265398026
1477928352942 lifecam19 2793.82617188 1955.3894043 5.34881591797
1477928353023 lifecam19 2790.14428711 1960.02307129 5.36359548569
1477928353084 lifecam19 2786.38549805 1965.18457031 5.36733484268
1477928353357 lifecam19 2772.74707031 1986.14758301 5.38829565048
1477928353420 lifecam19 2769.13183594 1992.09680176 5.40100002289
1477928353479 lifecam19 2765.4597168 1997.37255859 5.39973545074
1477928353554 lifecam19 2761.91015625 2002.15332031 5.39647722244
1477928353620 lifecam19 2758.77099609 2007.48706055 5.40269374847
1477928353837 lifecam19 2746.96362305 2022.03344727 5.41433763504
1477928353889 lifecam19 2742.63037109 2026.39111328 5.42547702789
1477928353956 lifecam19 2738.0859375 2031.8059082 5.41640996933
1477928354018 lifecam19 2735.54541016 2036.20996094 5.43773603439
1477928354088 lifecam19 2732.2746582 2041.86230469 5.42471599579
1477928354356 lifecam19 2715.6784668 2060.8815918 5.48513221741
1477928354420 lifecam19 2713.64160156 2066.84692383 5.52769088745
1477928354483 lifecam19 2708.3046875 2072.00634766 5.48907423019
1477928354555 lifecam19 2704.38134766 2076.25488281 5.52075052261
1477928354620 lifecam19 2700.24902344 2080.69848633 5.50635766983
1477928354893 lifecam19 2683.41040039 2098.71606445 5.5245218277
1477928354953 lifecam19 2679.6496582 2103.25585938 5.53404951096
1477928355012 lifecam19 2674.83911133 2108.70556641 5.54146146774
1477928355086 lifecam19 2669.61694336 2112.91845703 5.53000497818
1477928355146 lifecam19 2666.53466797 2117.22290039 5.55603027344
1477928355426 lifecam19 2649.01806641 2135.84594727 5.56859636307
1477928355488 lifecam19 2644.55981445 2140.55981445 5.56262636185
1477928355558 lifecam19 2640.69677734 2144.99853516 5.58885669708
1477928355621 lifecam19 2636.21972656 2149.75170898 5.58814668655
1477928355671 lifecam19 2631.17944336 2153.52856445 5.60656785965
1477928355959 lifecam19 2612.66992188 2170.27587891 5.60379648209
1477928356028 lifecam19 2607.72949219 2174.1940918 5.62059545517
1477928356079 lifecam19 2603.00976562 2178.99511719 5.61354970932
1477928356159 lifecam19 2599.0378418 2183.31152344 5.6215929985
1477928356220 lifecam19 2594.79150391 2187.64038086 5.64156913757
1477928356424 lifecam19 2580.61474609 2200.46948242 5.66345310211
1477928356492 lifecam19 2575.953125 2203.84472656 5.65325260162
1477928356540 lifecam19 2571.66210938 2207.69946289 5.6588139534
1477928356610 lifecam19 2566.4453125 2212.27197266 5.65619421005
1477928356680 lifecam19 2562.04760742 2216.4609375 5.67319965363
1477928356954 lifecam19 2541.83496094 2232.61816406 5.69882154465
1477928357029 lifecam19 2536.58081055 2236.36914062 5.69947147369
1477928357090 lifecam19 2532.2578125 2240.55224609 5.69324159622
1477928357158 lifecam19 2526.85327148 2243.921875 5.70546579361
1477928357207 lifecam19 2522.68847656 2248.48632812 5.71849584579
1477928357424 lifecam19 2507.06884766 2259.12939453 5.74412488937
1477928357486 lifecam19 2502.60644531 2262.67626953 5.72638988495
1477928357562 lifecam19 2497.68554688 2266.11621094 5.73149013519
1477928357617 lifecam19 2492.98803711 2269.72143555 5.74237632751
1477928357681 lifecam20 2419.37915039 2252.26416016 5.76358270645
1477928357691 lifecam19 2416.1171875 2254.02514648 5.76706457138
1477928357740 lifecam20 2413.56054688 2255.74121094 5.76577377319
1477928357951 lifecam20 2324.6875 2249.16455078 5.80485534668
1477928357959 lifecam19 2395.40795898 2268.27124023 5.78699922562
1477928358006 lifecam20 2392.95605469 2269.92773438 5.79692792892
1477928358028 lifecam19 2390.41503906 2272.02539062 5.80153417587
1477928358075 lifecam20 2387.92919922 2273.90209961 5.80324220657
1477928358094 lifecam19 2385.32226562 2275.59082031 5.8006362915
1477928358145 lifecam20 2382.62158203 2277.11328125 5.79957723618
1477928358159 lifecam19 2380.09228516 2278.8449707 5.80594682693
1477928358210 lifecam20 2377.82519531 2280.79345703 5.80544710159
1477928358214 lifecam19 2375.46020508 2282.52978516 5.80589675903
1477928358491 lifecam19 2424.82788086 2314.54711914 5.8015871048
1477928358494 lifecam20 2353.83349609 2295.07470703 5.82051134109
1477928358549 lifecam20 2350.82910156 2296.58154297 5.82740879059
1477928358558 lifecam19 2348.26660156 2298.55664062 5.83146524429
1477928358608 lifecam20 2345.83691406 2300.203125 5.82801294327
1477928358625 lifecam19 2342.91943359 2301.4765625 5.82703304291
1477928358677 lifecam20 2340.02832031 2303.34570312 5.83728790283
1477928358698 lifecam19 2337.48681641 2305.47900391 5.84962701797
1477928358748 lifecam20 2334.60449219 2306.70483398 5.84748268127
1477928358764 lifecam19 2331.23583984 2308.14550781 5.8432264328
1477928359020 lifecam20 2237.3894043 2301.23803711 5.87773084641
1477928359028 lifecam19 2309.26586914 2320.64501953 5.86116504669
1477928359073 lifecam20 2306.62158203 2321.87451172 5.86963796616
1477928359096 lifecam19 2303.65478516 2323.42431641 5.87127447128
1477928359163 lifecam19 2301.19482422 2324.97875977 5.87334346771
1477928359171 lifecam20 2298.39453125 2326.88037109 5.87188243866
1477928359216 lifecam20 2295.41503906 2327.76757812 5.87601041794
1477928359223 lifecam19 2292.47363281 2329.12304688 5.87316322327
1477928359280 lifecam20 2289.62695312 2330.58447266 5.87881422043
1477928359294 lifecam19 2287.05419922 2332.10839844 5.88425397873
1477928359547 lifecam20 2192.64355469 2323.42578125 5.91891527176
1477928359568 lifecam19 2264.61181641 2343.51318359 5.89620161057
1477928359610 lifecam20 2261.67138672 2344.66455078 5.89934158325
1477928359631 lifecam19 2258.81030273 2345.94433594 5.91509246826
1477928359692 lifecam20 2255.97802734 2347.42773438 5.91572999954
1477928359703 lifecam19 2252.81323242 2348.79003906 5.9133105278
1477928359742 lifecam20 2249.72753906 2350.2109375 5.92322826385
1477928359761 lifecam19 2246.79736328 2351.83398438 5.92650604248
1477928359814 lifecam20 2243.96142578 2353.25146484 5.91952228546
1477928359837 lifecam19 2241.31787109 2354.30224609 5.92635774612
1477928360082 lifecam20 2146.31787109 2343.88891602 5.96284294128
1477928360095 lifecam19 2218.73291016 2364.30639648 5.94360589981
1477928360145 lifecam20 2215.84619141 2365.83056641 5.94008398056
1477928360163 lifecam19 2212.76513672 2367.11083984 5.94072008133
1477928360222 lifecam19 2210.51220703 2368.67138672 5.94530057907
1477928360228 lifecam20 2207.50878906 2370.05908203 5.94922113419
1477928360286 lifecam20 2204.97851562 2371.19482422 5.96505451202
1477928360298 lifecam19 2201.93066406 2372.54248047 5.96829175949
1477928360352 lifecam20 2198.61450195 2374.12988281 5.96272611618
1477928360363 lifecam19 2195.53125 2375.16186523 5.96244907379
1477928360620 lifecam20 2099.77294922 2364.79663086 6.01896524429
1477928360631 lifecam19 2172.53442383 2385.28271484 5.99778270721
1477928360678 lifecam20 2169.47998047 2386.23632812 6.00044870377
1477928360693 lifecam19 2166.32397461 2387.04003906 5.99515151978
1477928360745 lifecam20 2163.08300781 2388.11767578 5.98586988449
1477928360762 lifecam19 2160.06005859 2389.39038086 5.98865652084
1477928360821 lifecam20 2157.01416016 2390.27978516 5.99127435684
1477928360826 lifecam19 2153.98876953 2391.12353516 5.99015283585
1477928360880 lifecam20 2150.74951172 2392.50634766 5.99565601349
1477928360896 lifecam19 2147.78173828 2393.77587891 6.00122261047
1477928361152 lifecam20 2050.84448242 2379.83666992 6.03761959076
1477928361163 lifecam19 2124.22900391 2400.63427734 6.01631546021
1477928361228 lifecam20 2120.828125 2401.7199707 6.01634120941
1477928361231 lifecam19 2117.9921875 2402.92382812 6.02023601532
1477928361277 lifecam20 2115.32788086 2404.49438477 6.03182411194
1477928361307 lifecam19 2111.94677734 2405.49560547 6.03718471527
1477928361347 lifecam20 2108.78027344 2406.28027344 6.03291273117
1477928361367 lifecam19 2106.01831055 2407.52539062 6.04053211212
1477928361418 lifecam20 2103.05957031 2408.56860352 6.0460267067
1477928361436 lifecam19 2099.96337891 2409.56860352 6.04525518417
1477928361702 lifecam20 2001.81774902 2396.05908203 6.06628417969
1477928361703 lifecam19 2075.87475586 2416.71728516 6.05523681641
1477928361753 lifecam20 2072.77050781 2417.58251953 6.06698226929
1477928361766 lifecam19 2069.69946289 2418.19970703 6.07238292694
1477928361824 lifecam20 2066.67919922 2418.61816406 6.0785946846
1477928361842 lifecam19 2064.00219727 2419.72851562 6.0786280632
1477928361889 lifecam20 2061.02709961 2420.66455078 6.06938743591
1477928361905 lifecam19 2057.90454102 2421.3527832 6.06758165359
1477928361954 lifecam20 2054.96484375 2422.01708984 6.06981134415
1477928361969 lifecam19 2051.78393555 2423.36035156 6.07425785065
1477928362215 lifecam20 1953.61035156 2409.87915039 6.14961242676
1477928362242 lifecam19 2028.17004395 2430.86816406 6.11941957474
1477928362284 lifecam19 2024.85046387 2431.65820312 6.12117195129
1477928362297 lifecam20 2021.21728516 2432.15698242 6.11218357086
1477928362348 lifecam20 2018.30505371 2433.03613281 6.10804080963
1477928362369 lifecam19 2015.09814453 2433.69628906 6.10719776154
1477928362415 lifecam20 2011.79003906 2434.52832031 6.11504888535
1477928362435 lifecam19 2008.98608398 2435.34277344 6.12161493301
1477928362485 lifecam20 2005.95581055 2436.30078125 6.13257217407
1477928362508 lifecam19 2002.71508789 2437.01538086 6.13252353668
1477928362759 lifecam20 1902.42602539 2419.89794922 6.14366102219
1477928362763 lifecam19 1977.59777832 2441.07763672 6.13433218002
1477928362812 lifecam20 1974.36694336 2441.9543457 6.14360761642
1477928362831 lifecam19 1971.24829102 2442.60009766 6.14839029312
1477928362883 lifecam20 1967.97802734 2442.98681641 6.15536594391
1477928362907 lifecam19 1965.16870117 2443.22460938 6.15782594681
1477928362958 lifecam20 1962.10681152 2443.51220703 6.16553592682
1477928362971 lifecam19 1958.88720703 2444.18310547 6.16264772415
1477928363020 lifecam20 1955.6295166 2444.18310547 6.16182565689
1477928363037 lifecam19 1952.53027344 2444.79296875 6.1662106514
1477928363292 lifecam20 1851.73840332 2430.0 6.20036554337
1477928363302 lifecam19 1927.64013672 2450.81176758 6.17912721634
1477928363349 lifecam20 1924.64379883 2450.81152344 6.18277788162
1477928363367 lifecam19 1921.72033691 2451.10180664 6.18925571442
1477928363415 lifecam20 1918.33178711 2451.10205078 6.18752527237
1477928363437 lifecam19 1915.19458008 2452.2175293 6.20092439651
1477928363480 lifecam20 1912.06396484 2452.21728516 6.20526361465
1477928363488 lifecam19 1908.94946289 2452.22216797 6.20819044113
1477928363556 lifecam20 1905.47412109 2452.49707031 6.21421861649
1477928363564 lifecam19 1902.13891602 2453.02978516 6.22124052048
1477928363828 lifecam20 1799.90734863 2435.69116211 6.25007343292
1477928363837 lifecam19 1876.73168945 2457.31933594 6.2121963501
1477928363881 lifecam20 1873.10583496 2457.44995117 6.21400308609
1477928363899 lifecam19 1870.17871094 2458.10595703 6.22774648666
1477928363950 lifecam20 1867.17346191 2458.24291992 6.22482967377
1477928363968 lifecam19 1864.16552734 2458.97680664 6.24043130875
1477928364023 lifecam20 1860.70825195 2459.62939453 6.23996496201
1477928364033 lifecam19 1857.35009766 2459.76513672 6.24176549911
1477928364089 lifecam19 1854.23852539 2459.76513672 6.2393155098
1477928364095 lifecam20 1850.87963867 2459.90869141 6.24736404419
1477928364360 lifecam20 1748.60351562 2440.55834961 0.00860947929323
1477928364375 lifecam19 1826.26513672 2463.0065918 6.25455856323
1477928364420 lifecam20 1822.92456055 2463.61669922 6.2442574501
1477928364439 lifecam19 1819.61621094 2464.11865234 6.25745153427
1477928364485 lifecam20 1816.35656738 2464.03857422 6.25970172882
1477928364494 lifecam19 1813.35058594 2465.19238281 6.26959514618
1477928364548 lifecam20 1810.43078613 2465.38867188 6.26137399673
1477928364570 lifecam19 1807.00952148 2464.92504883 6.25347566605
1477928364617 lifecam20 1803.16967773 2464.67333984 6.26449251175
1477928364634 lifecam19 1799.85803223 2464.90380859 6.26708269119
1477928364897 lifecam19 1854.4230957 2488.99975586 6.25956821442
1477928364897 lifecam20 1774.89746094 2465.80371094 6.27735424042
1477928364964 lifecam20 1772.32250977 2465.86669922 0.00795197766274
1477928364968 lifecam19 1769.25512695 2465.75244141 0.0191607493907
1477928365017 lifecam20 1766.14404297 2466.05615234 0.0331654585898
1477928365028 lifecam19 1762.75 2466.17041016 0.033763885498
1477928365081 lifecam20 1759.24987793 2465.68554688 0.0298883300275
1477928365098 lifecam19 1755.74975586 2465.68554688 0.0298880916089
1477928365157 lifecam20 1752.24975586 2466.02099609 0.0293645262718
1477928365161 lifecam19 1748.74975586 2466.02099609 0.0293663777411
1477928365492 lifecam20 1635.42272949 2442.50561523 0.0755317881703
1477928365502 lifecam19 1717.08300781 2465.67089844 0.0469400323927
1477928365555 lifecam20 1715.07373047 2465.32617188 0.0684072375298
1477928365573 lifecam19 1711.95214844 2464.94140625 0.0712181925774
1477928365619 lifecam20 1708.30419922 2464.91650391 0.0730974078178
1477928365639 lifecam19 1704.80419922 2464.81542969 0.0754306390882
1477928365693 lifecam20 1701.72363281 2464.88256836 0.0767697691917
1477928365701 lifecam19 1698.22363281 2464.75048828 0.0790348649025
1477928365750 lifecam20 1694.96936035 2464.79345703 0.0842151045799
1477928365772 lifecam19 1691.46948242 2464.79345703 0.0842150449753
1477928365963 lifecam19 1752.63317871 2488.10546875 0.101229012012
1477928365967 lifecam20 1672.24902344 2464.71655273 0.112267248333
1477928366028 lifecam19 1669.5057373 2464.4675293 0.117860138416
1477928366028 lifecam20 1666.46557617 2464.70703125 0.107310295105
1477928366081 lifecam20 1663.07324219 2464.78466797 0.105409093201
1477928366105 lifecam19 1660.0 2465.30859375 0.105171084404
1477928366159 lifecam20 1656.39147949 2465.11181641 0.108673214912
1477928366173 lifecam19 1653.04968262 2464.54589844 0.1059653759
1477928366221 lifecam20 1650.15649414 2464.04541016 0.118787765503
1477928366233 lifecam19 1647.03894043 2463.62792969 0.111198186874
1477928366501 lifecam20 1540.25378418 2437.3527832 0.163912832737
1477928366505 lifecam19 1621.81420898 2460.70849609 0.134482800961
1477928366560 lifecam20 1618.01000977 2460.36035156 0.131525114179
1477928366570 lifecam19 1614.61816406 2460.28320312 0.135433852673
1477928366616 lifecam20 1611.26977539 2459.55932617 0.138179898262
1477928366637 lifecam19 1608.08508301 2458.77880859 0.146311700344
1477928366688 lifecam20 1604.59741211 2458.66845703 0.146821096539
1477928366696 lifecam19 1601.21630859 2458.68676758 0.147574305534
1477928366753 lifecam20 1597.97949219 2457.94287109 0.14806227386
1477928366762 lifecam19 1594.78674316 2457.40722656 0.149522125721
1477928367026 lifecam20 1487.14050293 2430.81445312 0.200550377369
1477928367041 lifecam19 1570.02832031 2454.91772461 0.184441626072
1477928367098 lifecam20 1566.92480469 2454.71875 0.188429415226
1477928367101 lifecam19 1564.00354004 2454.21435547 0.188201844692
1477928367161 lifecam19 1560.66235352 2453.78051758 0.186327651143
1477928367176 lifecam20 1557.23059082 2453.35522461 0.189373254776
1477928367225 lifecam20 1554.29492188 2452.9765625 0.186653137207
1477928367231 lifecam19 1551.35644531 2452.71118164 0.182455077767
1477928367285 lifecam20 1547.71264648 2451.89379883 0.187976926565
1477928367306 lifecam19 1544.57421875 2451.42504883 0.192514315248
1477928367562 lifecam20 1433.61669922 2422.35351562 0.224932491779
1477928367575 lifecam19 1518.05810547 2446.92797852 0.208219692111
1477928367628 lifecam19 1515.13989258 2446.46313477 0.209207341075
1477928367636 lifecam20 1512.3527832 2446.08105469 0.215032875538
1477928367691 lifecam20 1508.91882324 2445.74316406 0.220931172371
1477928367705 lifecam19 1505.74731445 2445.3503418 0.225688710809
1477928367764 lifecam20 1502.77429199 2444.6328125 0.22676551342
1477928367783 lifecam19 1499.4765625 2443.97167969 0.222447216511
1477928367840 lifecam20 1496.16992188 2443.60620117 0.225253105164
1477928368160 lifecam19 1548.28466797 2461.17114258 0.237067639828
1477928368231 lifecam19 1541.75854492 2459.48535156 0.236834004521
1477928368304 lifecam19 1535.70617676 2458.75634766 0.250020712614
1477928368357 lifecam20 1446.80395508 2432.77709961 0.27164581418
1477928368376 lifecam19 1443.69958496 2432.07983398 0.277132630348
1477928368437 lifecam19 1440.51611328 2431.24047852 0.277169436216
1477928368436 lifecam20 1437.14916992 2430.75146484 0.279097288847
1477928368631 lifecam20 1331.22143555 2399.62866211 0.301002174616
1477928368642 lifecam19 1417.86132812 2424.91259766 0.290968000889
1477928368695 lifecam20 1415.1229248 2424.5390625 0.294770479202
1477928368696 lifecam19 1412.37719727 2423.69970703 0.297071278095
1477928368751 lifecam20 1409.16625977 2422.50878906 0.302734792233
1477928368770 lifecam19 1406.15625 2421.79736328 0.297114849091
1477928368829 lifecam20 1403.37109375 2420.97119141 0.300502866507
1477928368848 lifecam19 1400.57409668 2420.07470703 0.305245995522
1477928368890 lifecam20 1397.41467285 2419.42675781 0.30803617835
1477928368897 lifecam19 1394.18701172 2418.63110352 0.307608902454
1477928369171 lifecam20 1280.61499023 2385.96826172 0.344892203808
1477928369191 lifecam19 1368.83740234 2411.32397461 0.326880514622
1477928369220 lifecam20 1365.84741211 2410.38427734 0.333412975073
1477928369238 lifecam19 1362.74804688 2409.57763672 0.334187924862
1477928369303 lifecam19 1359.4786377 2408.75292969 0.342648506165
1477928369312 lifecam20 1356.10559082 2407.89208984 0.339833557606
1477928369366 lifecam19 1353.10620117 2407.10791016 0.344360888004
1477928369378 lifecam20 1350.0769043 2406.15527344 0.351886570454
1477928369420 lifecam20 1346.97583008 2404.99291992 0.353038668633
1477928369446 lifecam19 1344.11206055 2403.94946289 0.35199406743
1477928369699 lifecam20 1231.12268066 2369.90478516 0.393213778734
1477928369710 lifecam19 1320.07080078 2395.67138672 0.37351834774
1477928369758 lifecam20 1316.80895996 2394.33398438 0.37340503931
1477928369778 lifecam19 1313.81542969 2393.31542969 0.37657469511
1477928369823 lifecam20 1311.14746094 2392.14794922 0.378330588341
1477928369839 lifecam19 1308.77075195 2391.2980957 0.377131700516
1477928369895 lifecam20 1305.62902832 2390.33691406 0.373997211456
1477928369910 lifecam19 1302.75268555 2389.04443359 0.381842881441
1477928369957 lifecam20 1299.51074219 2387.92749023 0.386063575745
1477928369975 lifecam19 1296.39282227 2387.31494141 0.38795992732
1477928370236 lifecam19 1362.83300781 2404.41186523 0.390054881573
1477928370242 lifecam20 1271.77502441 2377.82421875 0.408812433481
1477928370302 lifecam19 1268.4901123 2376.42578125 0.411139845848
1477928370304 lifecam20 1265.82727051 2375.24658203 0.412989020348
1477928370358 lifecam20 1262.89196777 2373.81274414 0.413177907467
1477928370370 lifecam19 1260.54296875 2372.76025391 0.415732145309
1477928370434 lifecam19 1257.34033203 2371.39941406 0.418614000082
1477928370438 lifecam20 1254.23779297 2370.00390625 0.420200049877
1477928370494 lifecam20 1251.29125977 2368.99072266 0.4242002666
1477928370500 lifecam19 1248.69677734 2367.59814453 0.425840318203
1477928370762 lifecam20 1133.41052246 2330.42431641 0.454533755779
1477928370770 lifecam19 1225.11950684 2357.15283203 0.437728434801
1477928370826 lifecam20 1222.06616211 2355.63452148 0.441099196672
1477928370845 lifecam19 1219.02832031 2354.51049805 0.441758722067
1477928370897 lifecam20 1215.70397949 2353.10595703 0.446089923382
1477928370902 lifecam19 1213.21020508 2351.61328125 0.451148420572
1477928370960 lifecam20 1210.33935547 2350.34033203 0.457590430975
1477928370974 lifecam19 1207.34008789 2349.59667969 0.464254528284
1477928371025 lifecam20 1204.48413086 2348.29833984 0.464657336473
1477928371041 lifecam19 1201.31201172 2346.82836914 0.47525665164
1477928371295 lifecam20 1084.421875 2308.04272461 0.505708396435
1477928371310 lifecam19 1177.9543457 2335.64111328 0.482313454151
1477928371368 lifecam20 1175.15783691 2334.30078125 0.485874563456
1477928371374 lifecam19 1172.12548828 2332.79199219 0.489857494831
1477928371428 lifecam20 1169.02148438 2330.91650391 0.482251465321
1477928371447 lifecam19 1166.19116211 2329.48510742 0.478007614613
1477928371496 lifecam20 1163.28466797 2327.99414062 0.484091073275
1477928371504 lifecam19 1160.71313477 2326.5703125 0.490689903498
1477928371567 lifecam20 1158.34667969 2325.06298828 0.489247322083
1477928371586 lifecam19 1155.68725586 2323.73925781 0.494238585234
1477928371838 lifecam20 1037.74450684 2283.34936523 0.531620323658
1477928371841 lifecam19 1132.33789062 2311.48828125 0.515936493874
1477928371900 lifecam20 1129.46484375 2309.94189453 0.523741960526
1477928371907 lifecam19 1126.71069336 2308.84545898 0.529225766659
1477928371967 lifecam20 1123.79882812 2307.82495117 0.529221355915
1477928371985 lifecam19 1120.87109375 2306.22167969 0.535358428955
1477928372029 lifecam20 1118.07739258 2304.2409668 0.540117025375
1477928372045 lifecam19 1115.40722656 2302.87988281 0.536527812481
1477928372092 lifecam20 1112.35888672 2301.40209961 0.539497792721
1477928372114 lifecam19 1110.25952148 2299.78466797 0.547884762287
1477928372373 lifecam19 1183.94995117 2314.62011719 0.548532366753
1477928372375 lifecam20 1088.26928711 2286.03369141 0.559525430202
1477928372433 lifecam19 1085.81604004 2284.3190918 0.554643332958
1477928372445 lifecam20 1082.63891602 2282.41308594 0.557442843914
1477928372503 lifecam19 1079.75146484 2280.67114258 0.557537555695
1477928372505 lifecam20 1077.25390625 2278.95556641 0.557912826538
1477928372574 lifecam20 1074.01660156 2276.92333984 0.557078123093
1477928372584 lifecam19 1071.26391602 2275.03491211 0.559387803078
1477928372637 lifecam19 1068.4909668 2273.65527344 0.569857120514
1477928372639 lifecam20 1065.58154297 2271.70214844 0.576490998268
1477928372965 lifecam20 941.062744141 2225.62695312 0.607508301735
1477928372989 lifecam19 1038.59106445 2255.12890625 0.599941968918
1477928373028 lifecam20 1035.57263184 2253.20117188 0.610700070858
1477928373048 lifecam19 1032.82788086 2251.47314453 0.612014949322
1477928373098 lifecam20 1030.49487305 2249.8203125 0.610832929611
1477928373115 lifecam19 1028.03625488 2247.99511719 0.613291323185
1477928373173 lifecam20 1024.76672363 2246.28271484 0.614148437977
1477928373176 lifecam19 1022.36120605 2244.82617188 0.611924886703
1477928373231 lifecam20 1020.12609863 2242.70092773 0.613967299461
1477928373253 lifecam19 1017.54425049 2240.68115234 0.619381904602
1477928373444 lifecam20 903.818115234 2198.26074219 0.648246347904
1477928373447 lifecam19 1002.80554199 2228.50585938 0.63454836607
1477928373496 lifecam20 1000.32910156 2226.68408203 0.631372213364
1477928373527 lifecam19 997.516967773 2224.88525391 0.62790453434
1477928373566 lifecam20 994.267883301 2222.8269043 0.634294390678
1477928373577 lifecam19 991.725585938 2220.93432617 0.641237616539
1477928373631 lifecam20 988.916320801 2219.02832031 0.654772818089
1477928373644 lifecam19 986.373901367 2217.38208008 0.660337686539
1477928373700 lifecam20 984.04888916 2215.73632812 0.656077027321
1477928373708 lifecam19 981.328796387 2213.97290039 0.661460876465
1477928374028 lifecam20 855.432678223 2163.34082031 0.69828081131
1477928374047 lifecam19 956.004150391 2194.35351562 0.683234930038
1477928374105 lifecam19 953.279907227 2192.21069336 0.685852050781
1477928374109 lifecam20 950.674682617 2189.73339844 0.697487592697
1477928374169 lifecam20 947.891967773 2187.85400391 0.697320401669
1477928374184 lifecam19 945.515014648 2185.65820312 0.724374651909
1477928374231 lifecam20 943.225830078 2183.78198242 0.71588909626
1477928374244 lifecam19 940.935668945 2182.35375977 0.693200051785
1477928374299 lifecam20 937.848999023 2179.89160156 0.711329817772
1477928374507 lifecam20 819.365783691 2132.76269531 0.74391824007
1477928374514 lifecam19 921.123291016 2164.57470703 0.717534184456
1477928374573 lifecam20 918.835632324 2162.22607422 0.719941198826
1477928374577 lifecam19 916.175048828 2159.77294922 0.730375528336
1477928374643 lifecam19 914.295532227 2158.06958008 0.727192521095
1477928374646 lifecam20 911.613952637 2156.09960938 0.728715896606
1477928374702 lifecam20 909.037719727 2153.56298828 0.737004578114
1477928374706 lifecam19 906.290527344 2151.69482422 0.735517323017
1477928374769 lifecam20 903.764587402 2150.01782227 0.734411537647
1477928374795 lifecam19 901.453491211 2147.82373047 0.73992061615
1477928375051 lifecam19 985.341308594 2161.92724609 0.773321628571
1477928375101 lifecam20 880.652954102 2127.10473633 0.791875064373
1477928375113 lifecam19 878.816650391 2125.45703125 0.785688757896
1477928375170 lifecam20 876.326171875 2123.31152344 0.777278006077
1477928375186 lifecam19 874.61907959 2120.72485352 0.788167715073
1477928375232 lifecam20 872.009094238 2117.9453125 0.807192444801
1477928375245 lifecam19 869.0390625 2115.07739258 0.826991975307
1477928375304 lifecam19 867.260986328 2113.35668945 0.81470066309
1477928375310 lifecam20 865.36138916 2111.28173828 0.804087102413
1477928375374 lifecam20 862.522094727 2108.52978516 0.804202318192
1477928375582 lifecam19 950.637634277 2126.47167969 0.814009726048
1477928375580 lifecam20 846.568725586 2092.73583984 0.819638073444
1477928375640 lifecam20 844.313598633 2090.73828125 0.825361847878
1477928375651 lifecam19 842.79699707 2089.22607422 0.819467008114
1477928375704 lifecam20 840.706665039 2087.01269531 0.817951917648
1477928375721 lifecam19 838.132263184 2084.54443359 0.843175470829
1477928375766 lifecam20 835.714477539 2082.10595703 0.844420909882
1477928375786 lifecam19 833.402160645 2079.75 0.845194876194
1477928375833 lifecam20 831.315063477 2077.95166016 0.859182953835
1477928375847 lifecam19 829.212463379 2075.95654297 0.842220366001
1477928376105 lifecam20 706.263366699 2022.45361328 0.854084849358
1477928376119 lifecam19 811.73449707 2056.67333984 0.844367980957
1477928376173 lifecam19 809.455810547 2054.51000977 0.863468587399
1477928376180 lifecam20 807.072570801 2051.75756836 0.868748426437
1477928376237 lifecam20 804.985961914 2049.8059082 0.884121060371
1477928376244 lifecam19 803.454345703 2047.05541992 0.873095452785
1477928376305 lifecam20 801.240722656 2044.04345703 0.867004096508
1477928376308 lifecam19 798.839233398 2041.57641602 0.8674274683
1477928376369 lifecam20 796.657043457 2039.1328125 0.862987458706
1477928376392 lifecam19 794.767944336 2036.56542969 0.874906539917
1477928376582 lifecam20 674.845581055 1986.43579102 0.893895089626
1477928376594 lifecam19 781.887573242 2021.51794434 0.884555399418
1477928376642 lifecam20 780.108398438 2018.85351562 0.889051914215
1477928376645 lifecam19 778.231567383 2016.41503906 0.888372957706
1477928376697 lifecam20 775.683288574 2014.17358398 0.886636853218
1477928376716 lifecam19 773.420471191 2011.85986328 0.895405769348
1477928376773 lifecam20 771.778930664 2009.0065918 0.90277582407
1477928376797 lifecam19 770.016418457 2006.68286133 0.897973060608
1477928376847 lifecam20 768.119506836 2004.57788086 0.892734110355
1477928376852 lifecam19 766.580932617 2001.82531738 0.906269788742
1477928377180 lifecam20 637.858886719 1939.43823242 0.933582186699
1477928377187 lifecam19 746.204223633 1975.73242188 0.927997529507
1477928377237 lifecam20 744.213439941 1973.08178711 0.935530722141
1477928377251 lifecam19 742.405151367 1969.90576172 0.939511954784
1477928377306 lifecam20 740.695556641 1967.49658203 0.941509187222
1477928377316 lifecam19 738.795532227 1965.1472168 0.936763763428
1477928377370 lifecam20 736.676452637 1962.34484863 0.936728000641
1477928377382 lifecam19 734.938659668 1959.99438477 0.954065561295
1477928377439 lifecam20 732.978027344 1957.44873047 0.955180943012
1477928377460 lifecam19 731.116210938 1955.03955078 0.944089770317
1477928377716 lifecam20 606.679016113 1897.01806641 0.974656105042
1477928377724 lifecam19 716.292480469 1934.24047852 0.967922031879
1477928377780 lifecam20 714.286987305 1932.046875 0.966424524784
1477928377793 lifecam19 712.641723633 1929.86779785 0.972292363644
1477928377842 lifecam20 710.805419922 1926.91699219 0.985290527344
1477928377857 lifecam19 708.764160156 1923.7175293 0.985184252262
1477928377916 lifecam20 706.959228516 1921.00170898 0.977846622467
1477928377920 lifecam19 705.570800781 1918.77856445 0.978914678097
1477928377969 lifecam20 703.767333984 1915.78222656 0.983153164387
1477928377987 lifecam19 701.872070312 1913.19274902 0.983920276165
1477928378242 lifecam20 576.274597168 1852.79919434 1.01912844181
1477928378254 lifecam19 686.978515625 1890.88500977 1.00600063801
1477928378304 lifecam20 685.419311523 1888.27905273 1.00957000256
1477928378324 lifecam19 684.258056641 1885.65771484 1.01626217365
1477928378381 lifecam20 682.642456055 1882.59838867 1.00888597965
1477928378388 lifecam19 680.668579102 1880.04589844 1.01549446583
1477928378435 lifecam20 679.141906738 1877.65820312 1.02795493603
1477928378460 lifecam19 677.941162109 1874.61096191 1.02840566635
1477928378513 lifecam20 676.153381348 1871.62207031 1.03081059456
1477928378525 lifecam19 674.875 1869.03015137 1.03010892868
1477928378779 lifecam20 550.12689209 1808.73791504 1.06149625778
1477928378786 lifecam19 662.084960938 1847.04077148 1.04581022263
1477928378843 lifecam20 660.760620117 1844.24230957 1.04055273533
1477928378855 lifecam19 658.80480957 1841.59716797 1.03809046745
1477928378906 lifecam20 656.513793945 1838.57177734 1.04233336449
1477928378919 lifecam19 655.274902344 1836.13549805 1.04912483692
1477928378975 lifecam20 653.724731445 1832.4296875 1.05557119846
1477928378982 lifecam19 651.897216797 1829.34338379 1.0635226965
1477928379044 lifecam19 650.943664551 1827.09655762 1.06208992004
1477928379046 lifecam20 649.233886719 1824.37915039 1.0603312254
1477928379309 lifecam20 525.056640625 1761.84020996 1.07532691956
1477928379330 lifecam19 637.988769531 1802.01196289 1.06560230255
1477928379372 lifecam20 636.467895508 1799.17504883 1.06663393974
1477928379393 lifecam19 635.231811523 1796.36572266 1.07635259628
1477928379441 lifecam20 633.574951172 1793.55566406 1.09210705757
1477928379457 lifecam19 632.07043457 1790.91601562 1.08531093597
1477928379508 lifecam20 630.597900391 1788.45227051 1.07660198212
1477928379515 lifecam19 629.213500977 1785.78808594 1.0893253088
1477928379571 lifecam20 627.667358398 1782.69372559 1.09479999542
1477928379588 lifecam19 626.078308105 1779.90356445 1.09348249435
1477928379866 lifecam19 727.731445312 1796.83764648 1.1188608408
1477928379919 lifecam20 612.471801758 1753.52270508 1.13320684433
1477928379924 lifecam19 611.282470703 1750.7421875 1.13006007671
1477928379973 lifecam20 609.720581055 1747.87963867 1.12367129326
1477928379992 lifecam19 608.420837402 1745.4777832 1.13197755814
1477928380054 lifecam20 607.537719727 1742.50732422 1.13087713718
1477928380056 lifecam19 606.36126709 1739.18310547 1.12444138527
1477928380110 lifecam20 604.778137207 1736.53222656 1.13197386265
1477928380126 lifecam19 604.005981445 1734.12109375 1.14063727856
1477928380169 lifecam20 603.015686035 1730.80297852 1.13727641106
1477928380461 lifecam19 708.457519531 1745.58117676 1.16387593746
1477928380527 lifecam19 705.721679688 1739.41455078 1.1646707058
1477928380581 lifecam19 702.278320312 1733.58520508 1.16466903687
1477928380658 lifecam19 699.961608887 1727.90869141 1.15375077724
1477928380718 lifecam19 697.864746094 1722.24365234 1.17082190514
1477928381056 lifecam19 687.855102539 1692.83679199 1.19682812691
1477928381131 lifecam19 686.271789551 1687.25927734 1.18221628666
1477928381191 lifecam19 684.598999023 1681.56286621 1.21922004223
1477928381251 lifecam19 682.588378906 1675.4017334 1.2169021368
1477928381329 lifecam19 679.967529297 1669.37426758 1.2044993639
1477928381669 lifecam19 670.270629883 1640.57543945 1.24382710457
1477928381730 lifecam19 668.01550293 1633.52685547 1.2436093092
1477928381797 lifecam19 666.879272461 1628.06518555 1.25537598133
1477928381862 lifecam19 664.736572266 1621.91992188 1.26059019566
1477928381917 lifecam19 662.916259766 1615.88061523 1.25829410553
1477928382199 lifecam19 657.951171875 1591.94836426 1.27531087399
1477928382260 lifecam19 656.910400391 1585.20410156 1.28292191029
1477928382325 lifecam19 656.087768555 1579.71459961 1.28473055363
1477928382387 lifecam19 653.997009277 1573.19677734 1.28547143936
1477928382451 lifecam19 653.179870605 1567.26452637 1.30088639259
1477928382520 lifecam19 650.915039062 1561.19067383 1.30109751225
1477928382789 lifecam19 645.474853516 1537.83276367 1.32965385914
1477928382852 lifecam19 645.212768555 1531.41906738 1.33037233353
1477928382918 lifecam19 643.462524414 1525.01879883 1.32762408257
1477928382995 lifecam19 642.75769043 1518.69885254 1.31962573528
1477928383059 lifecam19 641.231994629 1512.45776367 1.32857096195
1477928383395 lifecam19 635.418884277 1481.2401123 1.37268352509
1477928383454 lifecam19 634.555908203 1474.51123047 1.38511610031
1477928383522 lifecam19 633.324829102 1469.5057373 1.37044799328
1477928383586 lifecam19 632.32434082 1464.07519531 1.37585186958
1477928383665 lifecam19 631.013244629 1458.10583496 1.39196956158
1477928383994 lifecam19 628.658630371 1426.89367676 1.41171169281
1477928384063 lifecam19 628.348327637 1419.53320312 1.40923285484
1477928384130 lifecam19 627.643859863 1413.86181641 1.43539881706
1477928384192 lifecam19 628.060424805 1407.5 1.4607899189
1477928384265 lifecam19 627.289550781 1400.49987793 1.46269285679
1477928384523 lifecam19 624.891906738 1376.23156738 1.41624748707
1477928384597 lifecam19 624.861694336 1371.40856934 1.44438040257
1477928384663 lifecam19 625.062438965 1365.5 1.47415316105
1477928384730 lifecam19 623.758239746 1358.49987793 1.48163807392
1477928384796 lifecam19 623.758239746 1351.49987793 1.48163807392
1477928385125 lifecam19 623.530883789 1321.72521973 1.50886821747
1477928385203 lifecam19 623.764526367 1316.5 1.49397993088
1477928385264 lifecam19 623.014587402 1309.49987793 1.49226474762
1477928385332 lifecam19 622.800048828 1302.49987793 1.49492967129
1477928385389 lifecam19 623.020812988 1295.49987793 1.49665331841
1477928385661 lifecam19 622.92956543 1272.0324707 1.55723571777
1477928385734 lifecam19 624.01763916 1266.50439453 1.54267454147
1477928385790 lifecam19 624.070983887 1260.23962402 1.53632354736
1477928385869 lifecam19 624.520812988 1253.5 1.51568961143
1477928385931 lifecam19 624.047851562 1246.49987793 1.52425301075
1477928386265 lifecam19 626.971191406 1214.7130127 1.56952178478
1477928386323 lifecam19 628.066162109 1209.16345215 1.57415926456
1477928386399 lifecam19 629.304199219 1202.9230957 1.59177076817
1477928386474 lifecam19 629.457519531 1196.92822266 1.59194529057
1477928386535 lifecam19 629.966186523 1191.51538086 1.60998499393
1477928386869 lifecam19 630.945922852 1159.1907959 1.62118160725
1477928386943 lifecam19 631.830322266 1152.86010742 1.60080206394
1477928386990 lifecam19 635.019226074 1146.76904297 1.61935245991
1477928387069 lifecam19 637.499938965 1141.25952148 1.65070641041
1477928387132 lifecam19 637.499938965 1135.03845215 1.65424263477
1477928387187 lifecam19 637.499938965 1128.82678223 1.64693844318
1477928387400 lifecam19 637.5 1111.14404297 1.65870821476
1477928387469 lifecam19 640.684448242 1104.2890625 1.69475996494
1477928387542 lifecam19 641.77520752 1098.79394531 1.69212925434
1477928387596 lifecam19 644.283325195 1092.27807617 1.67277157307
1477928387669 lifecam19 644.28338623 1085.27807617 1.67277157307
1477928388001 lifecam19 650.823486328 1055.27368164 1.70759546757
1477928388066 lifecam19 652.209289551 1049.27490234 1.70022881031
1477928388127 lifecam19 654.232299805 1043.03173828 1.72540009022
1477928388200 lifecam19 655.812683105 1036.69641113 1.7213293314
1477928388272 lifecam19 657.086547852 1031.49597168 1.71160805225
1477928388547 lifecam19 662.794555664 1006.80517578 1.74779236317
1477928388605 lifecam19 663.655883789 1000.4107666 1.76817810535
1477928388672 lifecam19 665.754455566 994.581176758 1.75457441807
1477928388736 lifecam19 667.303588867 988.421386719 1.78495562077
1477928388804 lifecam19 668.905822754 982.901611328 1.75700819492
1477928389147 lifecam19 678.558837891 952.705688477 1.8001447916
1477928389200 lifecam19 681.494384766 946.984985352 1.79780066013
1477928389268 lifecam19 682.797119141 941.599914551 1.8080021143
1477928389331 lifecam19 684.148498535 935.393432617 1.80136358738
1477928389395 lifecam19 686.217041016 929.088684082 1.80813324451
1477928389808 lifecam19 697.939147949 893.756774902 1.8442555666
1477928389871 lifecam19 701.149658203 888.533081055 1.85929071903
1477928389943 lifecam19 703.808105469 882.682861328 1.85099709034
1477928390007 lifecam19 705.780944824 876.751586914 1.86191475391
1477928390070 lifecam19 708.439880371 870.822143555 1.87696373463
1477928390284 lifecam19 715.706604004 853.567504883 1.89043915272
1477928390330 lifecam19 717.796264648 847.447753906 1.87203466892
1477928390407 lifecam19 720.35723877 841.163208008 1.8909059763
1477928390478 lifecam19 722.570983887 836.168762207 1.88728964329
1477928390540 lifecam19 725.276184082 830.20324707 1.87885439396
1477928390596 lifecam19 727.841125488 825.043029785 1.89378035069
1477928390872 lifecam19 738.427978516 803.700927734 1.92742455006
1477928390934 lifecam19 741.057739258 797.778808594 1.93397533894
1477928391002 lifecam19 744.137939453 792.279541016 1.93382322788
1477928391081 lifecam19 746.525695801 786.081176758 1.94463264942
1477928391136 lifecam19 749.307739258 779.801391602 1.94967520237
1477928391469 lifecam19 762.936401367 752.342102051 1.97391760349
1477928391533 lifecam19 765.182678223 746.38269043 1.97433722019
1477928391615 lifecam19 768.923706055 741.88458252 1.96914684772
1477928391671 lifecam19 772.089599609 736.424804688 1.98275816441
1477928391732 lifecam19 774.935791016 730.668273926 1.98183596134
1477928392015 lifecam19 788.703796387 709.20135498 1.99936497211
1477928392066 lifecam19 792.420532227 704.24041748 1.99797070026
1477928392132 lifecam19 795.362670898 698.198608398 2.03527808189
1477928392206 lifecam19 798.368835449 693.093688965 2.0114133358
1477928392273 lifecam19 800.779968262 687.512207031 2.02599453926
1477928392609 lifecam19 818.235351562 662.225646973 2.05167269707
1477928392679 lifecam19 821.214233398 657.130432129 2.05399179459
1477928392742 lifecam19 825.166748047 652.158813477 2.04817056656
1477928392810 lifecam19 829.16583252 646.130126953 2.06950449944
1477928392877 lifecam19 832.867797852 641.24017334 2.07055354118
1477928393198 lifecam19 850.538452148 615.432495117 2.10667705536
1477928393267 lifecam19 853.659545898 610.575866699 2.09851241112
1477928393337 lifecam19 856.352539062 605.787963867 2.10645079613
1477928393400 lifecam19 860.905883789 600.272033691 2.12405800819
1477928393486 lifecam19 864.593261719 595.918884277 2.114757061
1477928393736 lifecam19 879.287841797 575.801391602 2.14568853378
1477928393809 lifecam19 884.681884766 570.926513672 2.15002083778
1477928393875 lifecam19 888.48059082 565.48626709 2.14389801025
1477928393945 lifecam19 892.875488281 560.735900879 2.16367483139
1477928394011 lifecam19 896.82598877 556.908813477 2.16405081749
1477928394279 lifecam19 912.340820312 537.729736328 2.17037415504
1477928394351 lifecam19 916.250366211 532.528686523 2.17765474319
1477928394414 lifecam19 920.938537598 528.236206055 2.18407130241
1477928394478 lifecam19 924.462402344 523.472045898 2.18363690376
1477928394543 lifecam19 928.617675781 519.446594238 2.21280407906
1477928394816 lifecam19 946.087463379 500.684204102 2.22950577736
1477928394880 lifecam19 950.489746094 495.489685059 2.22902274132
1477928394946 lifecam19 954.219299316 492.219299316 2.23296046257
1477928395011 lifecam19 959.317443848 486.817443848 2.22668862343
1477928395085 lifecam19 963.28894043 482.327209473 2.26019215584
1477928395352 lifecam19 979.387817383 465.061340332 2.26924467087
1477928395404 lifecam19 984.469726562 460.40222168 2.26412272453
1477928395482 lifecam19 989.518920898 456.593536377 2.28011536598
1477928395552 lifecam19 993.533813477 451.292419434 2.27489352226
1477928395612 lifecam19 998.273193359 447.442932129 2.28040218353
1477928395950 lifecam19 1022.21081543 426.808441162 2.31677365303
1477928396020 lifecam19 1027.21948242 422.408996582 2.31752038002
1477928396082 lifecam19 1031.31628418 419.033782959 2.31610274315
1477928396150 lifecam19 1035.79223633 414.592498779 2.32561683655
1477928396208 lifecam19 1040.84301758 410.830627441 2.32328796387
1477928396548 lifecam19 1064.76208496 390.214416504 2.41338086128
1477928396620 lifecam19 1069.93481445 386.638214111 2.37844944
1477928396683 lifecam19 1074.64599609 383.173492432 2.41620707512
1477928396753 lifecam19 1080.0378418 379.871459961 2.3696410656
1477928396823 lifecam19 1085.16467285 374.923400879 2.43847036362
1477928397147 lifecam19 1109.26538086 356.377593994 2.42421960831
1477928397216 lifecam19 1113.69726562 352.466491699 2.46837711334
1477928397285 lifecam19 1118.69335938 349.781982422 2.43805956841
1477928397350 lifecam19 1124.73327637 345.921661377 2.46887111664
1477928397421 lifecam19 1129.71765137 342.084747314 2.45514392853
1477928397689 lifecam19 1150.27880859 327.963134766 2.47056889534
1477928397758 lifecam19 1155.40124512 323.071136475 2.51037693024
1477928397811 lifecam19 1162.17272949 321.66003418 2.51151156425
1477928397884 lifecam19 1167.14331055 318.09487915 2.49599432945
1477928397952 lifecam19 1172.56115723 315.220397949 2.49259638786
1477928398216 lifecam19 1192.96508789 301.084716797 2.54961323738
1477928398282 lifecam19 1198.98474121 299.493347168 2.54310870171
1477928398355 lifecam19 1204.05200195 295.42288208 2.53336334229
1477928398423 lifecam19 1209.14648438 291.918792725 2.54437375069
1477928398484 lifecam19 1214.75439453 289.640106201 2.54875135422
1477928398687 lifecam19 1231.2130127 280.691345215 2.57702755928
1477928398752 lifecam19 1236.578125 278.267181396 2.55885338783
1477928398822 lifecam19 1241.90026855 274.672546387 2.566375494
1477928398884 lifecam19 1247.18151855 271.444000244 2.57094860077
1477928398956 lifecam19 1253.11071777 269.175598145 2.56420969963
1477928399222 lifecam19 1274.69750977 256.090240479 2.58832621574
1477928399287 lifecam19 1280.59326172 252.675033569 2.60921430588
1477928399355 lifecam19 1286.60107422 250.670791626 2.62717580795
1477928399420 lifecam19 1291.90283203 247.809768677 2.61057305336
1477928399491 lifecam19 1297.40246582 245.680984497 2.64252543449
1477928399758 lifecam19 1320.61682129 236.259628296 2.66578602791
1477928399819 lifecam19 1326.15710449 233.741592407 2.64367985725
1477928399882 lifecam19 1332.39672852 231.713180542 2.65846562386
1477928399955 lifecam19 1337.13598633 228.596664429 2.64539957047
1477928400024 lifecam19 1343.68200684 226.238998413 2.67125296593
1477928400292 lifecam19 1366.05419922 216.461196899 2.68410015106
1477928400366 lifecam19 1371.77148438 213.322769165 2.69352984428
1477928400430 lifecam19 1376.35876465 211.953903198 2.70672559738
1477928400485 lifecam19 1382.8302002 209.928359985 2.70834684372
1477928400562 lifecam19 1389.24682617 207.751113892 2.70993304253
1477928400880 lifecam19 1418.40600586 196.7421875 2.72526669502
1477928400956 lifecam19 1424.38867188 195.218948364 2.72824597359
1477928401022 lifecam19 1429.8861084 192.51953125 2.76570820808
1477928401095 lifecam19 1435.84533691 189.609985352 2.74466013908
1477928401150 lifecam19 1440.23925781 187.804946899 2.74598026276
1477928401423 lifecam19 1464.98339844 181.082046509 2.77142429352
1477928401492 lifecam19 1470.27270508 179.121780396 2.80347967148
1477928401553 lifecam19 1476.39941406 177.884506226 2.78703141212
1477928401626 lifecam19 1483.39282227 175.838882446 2.77218914032
1477928401692 lifecam19 1489.48046875 174.759689331 2.80427384377
1477928401957 lifecam19 1513.57067871 168.514572144 2.80159473419
1477928402023 lifecam19 1519.80151367 166.569061279 2.82979941368
1477928402094 lifecam19 1525.78857422 164.273513794 2.83239579201
1477928402155 lifecam19 1531.2166748 164.222106934 2.81850838661
1477928402221 lifecam19 1537.3190918 162.392837524 2.82968258858
1477928402491 lifecam19 1562.02758789 155.855834961 2.85690140724
1477928402560 lifecam19 1568.67456055 155.041427612 2.85804343224
1477928402624 lifecam19 1574.61901855 153.325439453 2.87543654442
1477928402691 lifecam19 1581.30004883 152.534072876 2.87273001671
1477928402756 lifecam19 1587.3104248 150.985153198 2.88676095009
1477928403022 lifecam19 1610.94287109 146.183654785 2.89144921303
1477928403091 lifecam19 1617.0670166 144.812011719 2.91074347496
1477928403150 lifecam19 1623.69482422 143.676940918 2.90884184837
1477928403223 lifecam19 1629.10266113 143.089263916 2.92339158058
1477928403294 lifecam19 1635.77490234 142.876876831 2.92820477486
1477928403560 lifecam19 1660.68078613 139.852218628 2.93063569069
1477928403623 lifecam19 1667.11914062 139.089492798 2.94569325447
1477928403694 lifecam19 1674.07141113 138.473937988 2.94695353508
1477928403762 lifecam19 1680.32617188 138.743850708 2.9378631115
1477928403819 lifecam19 1685.89550781 136.905975342 2.97410225868
1477928404095 lifecam19 1712.0 134.568756104 3.01754164696
1477928404161 lifecam19 1716.27563477 134.366348267 2.9856107235
1477928404218 lifecam19 1722.20983887 133.422241211 2.97790932655
1477928404290 lifecam19 1728.95349121 132.635253906 2.99645876884
1477928404359 lifecam19 1735.16015625 132.89125061 2.98322033882
1477928404563 lifecam19 1754.0 131.823348999 3.02582001686
1477928404620 lifecam19 1761.0 132.284378052 3.0417239666
1477928404692 lifecam19 1768.0 130.546585083 3.02505803108
1477928404761 lifecam19 1774.1027832 130.813796997 3.03642630577
1477928404825 lifecam19 1779.67138672 129.744369507 3.06873679161
1477928405036 lifecam19 1796.0 129.343139648 3.04005646706
1477928405090 lifecam19 1802.82714844 129.695449829 3.06230711937
1477928405155 lifecam19 1809.00500488 129.727310181 3.07218909264
1477928405224 lifecam19 1815.70617676 129.940872192 3.07924008369
1477928405291 lifecam19 1822.16699219 129.631072998 3.0860645771
1477928405571 lifecam19 1847.52001953 130.945114136 3.11997866631
1477928405639 lifecam19 1853.59814453 131.357757568 3.10730862617
1477928405698 lifecam19 1860.30541992 132.2396698 3.10799145699
1477928405765 lifecam19 1865.65563965 132.381866455 3.1173312664
1477928405823 lifecam19 1871.3182373 133.246688843 3.10795998573
1477928406099 lifecam19 1897.16992188 133.730606079 3.15464735031
1477928406155 lifecam19 1903.46447754 133.212936401 3.17413187027
1477928406232 lifecam19 1909.82104492 134.266906738 3.16906881332
1477928406302 lifecam19 1915.17053223 134.47366333 3.18959522247
1477928406370 lifecam19 1921.13806152 134.911834717 3.19297599792
1477928406636 lifecam19 1946.03869629 137.951477051 3.16377401352
1477928406693 lifecam19 1951.93505859 139.408340454 3.19725990295
1477928406771 lifecam19 1958.21789551 139.653396606 3.21868419647
1477928406843 lifecam19 1963.83312988 140.755767822 3.23050546646
1477928406900 lifecam19 1970.25964355 140.50012207 3.24184894562
1477928407234 lifecam19 2000.5369873 146.7394104 3.26809120178
1477928407300 lifecam19 2007.35546875 147.500030518 3.26750040054
1477928407373 lifecam19 2012.99975586 147.500030518 3.2628660202
1477928407430 lifecam19 2019.99975586 147.500030518 3.26286506653
1477928407501 lifecam19 2025.94213867 147.500061035 3.26362085342
1477928407765 lifecam19 2050.72363281 154.715118408 3.27541780472
1477928407836 lifecam19 2057.0078125 154.724822998 3.28973388672
1477928407899 lifecam19 2063.68041992 155.853759766 3.3178858757
1477928407967 lifecam19 2069.88696289 157.687744141 3.33771371841
1477928408033 lifecam19 2075.18603516 161.037643433 3.30613565445
1477928408370 lifecam19 2105.06665039 167.857955933 3.33656454086
1477928408423 lifecam19 2111.86865234 169.266296387 3.32956361771
1477928408500 lifecam19 2116.89013672 170.475723267 3.34975481033
1477928408568 lifecam19 2123.08764648 172.173248291 3.35643339157
1477928408621 lifecam19 2129.31298828 174.719024658 3.3563117981
1477928408971 lifecam19 2158.07763672 181.631790161 3.39608669281
1477928409023 lifecam19 2164.34326172 183.745819092 3.40692090988
1477928409092 lifecam19 2170.38305664 185.659439087 3.38943147659
1477928409171 lifecam19 2176.80322266 187.474609375 3.40665912628
1477928409228 lifecam19 2181.58276367 189.579467773 3.41224575043
1477928409500 lifecam19 2206.36572266 198.397750854 3.42065620422
1477928409559 lifecam19 2211.84838867 201.005706787 3.42862462997
1477928409640 lifecam19 2217.46826172 202.718017578 3.4258389473
1477928409702 lifecam19 2223.44189453 204.839019775 3.44069385529
1477928409771 lifecam19 2228.91796875 206.763946533 3.46749973297
1477928410099 lifecam19 2257.99487305 217.135131836 3.47386932373
1477928410170 lifecam19 2263.70507812 219.689453125 3.48681592941
1477928410229 lifecam19 2268.76245117 222.22442627 3.4870762825
1477928410302 lifecam19 2274.81420898 224.319122314 3.4951672554
1477928410371 lifecam19 2280.28027344 227.811828613 3.48482608795
1477928410632 lifecam19 2304.16699219 237.405609131 3.5440196991
1477928410696 lifecam19 2308.68066406 239.478424072 3.53820753098
1477928410771 lifecam19 2314.82617188 241.864715576 3.52394008636
1477928410837 lifecam19 2320.69482422 243.918823242 3.54476499557
1477928410905 lifecam19 2326.02026367 245.997589111 3.57565784454
1477928411238 lifecam19 2353.64160156 260.200012207 3.58218765259
1477928411297 lifecam19 2359.35791016 263.829437256 3.58595085144
1477928411375 lifecam19 2364.72412109 266.483093262 3.5892701149
1477928411441 lifecam19 2370.74023438 269.885009766 3.60435152054
1477928411506 lifecam19 2376.38085938 272.92868042 3.60984230042
1477928411769 lifecam19 2397.96582031 284.738098145 3.62026548386
1477928411835 lifecam19 2403.77685547 287.034667969 3.63597774506
1477928411905 lifecam19 2408.52050781 291.324005127 3.62541007996
1477928411965 lifecam19 2413.80810547 293.563293457 3.63055372238
1477928412042 lifecam19 2419.07299805 297.061767578 3.65551829338
1477928412312 lifecam19 2440.37426758 310.613433838 3.67350292206
1477928412368 lifecam19 2445.82055664 313.732696533 3.66867351532
1477928412437 lifecam19 2451.2121582 316.494476318 3.66271901131
1477928412567 lifecam19 2460.85595703 324.143768311 3.71167206764
1477928412841 lifecam19 2482.37695312 335.579803467 3.72445106506
1477928412903 lifecam19 2487.49853516 340.191192627 3.73819589615
1477928412974 lifecam19 2492.16967773 343.700408936 3.71912384033
1477928413029 lifecam19 2497.88745117 347.379211426 3.73968958855
1477928413122 lifecam19 2503.06103516 350.884063721 3.76154947281
1477928413382 lifecam19 2523.16967773 366.296661377 3.75862145424
1477928413449 lifecam19 2528.72070312 370.322113037 3.7645816803
1477928413505 lifecam19 2533.72729492 374.486480713 3.77848291397
1477928413580 lifecam19 2538.4987793 378.099761963 3.77013683319
1477928413650 lifecam19 2542.91381836 381.705322266 3.77840685844
1477928413918 lifecam19 2562.48632812 397.138549805 3.80476403236
1477928413981 lifecam19 2567.57910156 401.776245117 3.8431699276
1477928414044 lifecam19 2572.07373047 404.688751221 3.83842206001
1477928414111 lifecam19 2577.33544922 409.712310791 3.82606744766
1477928414182 lifecam19 2582.88183594 414.117889404 3.84553003311
1477928414383 lifecam19 2597.21826172 427.088531494 3.85522580147
1477928414452 lifecam19 2601.15087891 431.110748291 3.85195231438
1477928414522 lifecam19 2604.19213867 434.80770874 3.8480257988
1477928414579 lifecam19 2608.24951172 438.567840576 3.86892700195
1477928414991 lifecam19 2637.41601562 464.680999756 3.9005689621
1477928415035 lifecam19 2642.51025391 468.907012939 3.90865683556
1477928415105 lifecam19 2647.05810547 473.088226318 3.93758368492
1477928415170 lifecam19 2650.69775391 477.680084229 3.91710019112
1477928415506 lifecam19 2671.10595703 501.105926514 3.98121643066
1477928415575 lifecam19 2676.14306641 506.522674561 3.95636153221
1477928415647 lifecam19 2680.20092773 509.819366455 3.96112847328
1477928415700 lifecam19 2684.60864258 514.608886719 3.98296189308
1477928415768 lifecam19 2689.1015625 519.457458496 3.98432040215
1477928416255 lifecam19 2716.44580078 553.445739746 4.00783157349
1477928416314 lifecam19 2720.42480469 557.424743652 4.00291109085
1477928416710 lifecam19 2744.79956055 585.787963867 4.08376693726
1477928416767 lifecam19 2748.42675781 591.612976074 4.09068107605
1477928416978 lifecam19 2760.31982422 606.077819824 4.10777425766
1477928417320 lifecam19 2777.64355469 632.804260254 4.13933467865
1477928417390 lifecam19 2780.76367188 638.208312988 4.13382720947
1477928417435 lifecam19 2784.51245117 643.130310059 4.13848114014
1477928417519 lifecam19 2787.96582031 648.618347168 4.14467859268
1477928417584 lifecam19 2791.56787109 653.213439941 4.14772224426
1477928417857 lifecam19 2805.02587891 673.958190918 4.16446971893
1477928417908 lifecam19 2808.58886719 678.840759277 4.18878793716
1477928417978 lifecam19 2811.60791016 684.122802734 4.17715835571
1477928418062 lifecam19 2815.39770508 689.428771973 4.17386054993
1477928418124 lifecam19 2817.75634766 695.673461914 4.18522930145
1477928418333 lifecam19 2828.64892578 712.538024902 4.21148443222
1477928418385 lifecam19 2831.65673828 717.936340332 4.19989442825
1477928418451 lifecam19 2834.54882812 723.28302002 4.2379822731
1477928418520 lifecam19 2838.32446289 728.084350586 4.24318504333
1477928418589 lifecam19 2841.45581055 733.523193359 4.24827718735
1477928418862 lifecam19 2853.60253906 755.170654297 4.26751470566
1477928418922 lifecam19 2856.11450195 759.860595703 4.27501726151
1477928418986 lifecam19 2858.48339844 765.505187988 4.2667889595
1477928419052 lifecam19 2861.46142578 770.975646973 4.26711654663
1477928419132 lifecam19 2863.07788086 777.594482422 4.28663015366
1477928419389 lifecam19 2873.7277832 800.853027344 4.29528999329
1477928419461 lifecam19 2876.54370117 806.544677734 4.30281877518
1477928419516 lifecam19 2879.82373047 811.928771973 4.3034696579
1477928419591 lifecam19 2881.9765625 817.842163086 4.30015182495
1477928419652 lifecam19 2884.92602539 822.995910645 4.32867002487
1477928419987 lifecam19 2897.60083008 852.09161377 4.34275817871
1477928420056 lifecam19 2899.54443359 857.655456543 4.36555719376
1477928420128 lifecam19 2901.87402344 863.377990723 4.34799051285
1477928420190 lifecam19 2904.14794922 869.573059082 4.35467815399
1477928420256 lifecam19 2906.78466797 875.346130371 4.36158132553
1477928420466 lifecam19 2913.84619141 892.674987793 4.38644838333
1477928420525 lifecam19 2915.80029297 898.195617676 4.39542722702
1477928420591 lifecam19 2919.26904297 902.794433594 4.39769792557
1477928420655 lifecam19 2921.09741211 909.287719727 4.38969659805
1477928420720 lifecam19 2922.76806641 915.296325684 4.40625
1477928420989 lifecam19 2929.55322266 939.092041016 4.42592000961
1477928421061 lifecam19 2932.0390625 945.933349609 4.43271017075
1477928421127 lifecam19 2933.43676758 951.89050293 4.42914485931
1477928421189 lifecam19 2935.51757812 958.096130371 4.43843841553
1477928421249 lifecam19 2937.32543945 964.278625488 4.46407794952
1477928421529 lifecam19 2943.93676758 987.234191895 4.48034000397
1477928421590 lifecam19 2945.64794922 993.340148926 4.47552013397
1477928421658 lifecam19 2946.98779297 999.629089355 4.47472190857
1477928421714 lifecam19 2949.46020508 1005.42230225 4.47605895996
1477928421793 lifecam19 2950.89575195 1011.55950928 4.49126768112
1477928422060 lifecam19 2956.95263672 1036.39868164 4.51651000977
1477928422134 lifecam19 2959.16918945 1043.00561523 4.52225780487
1477928422194 lifecam19 2960.06274414 1048.41760254 4.51972579956
1477928422261 lifecam19 2961.44750977 1054.0090332 4.55790567398
1477928422332 lifecam19 2963.0793457 1060.86157227 4.53334856033
1477928422533 lifecam19 2967.48193359 1077.60144043 4.55825662613
1477928422590 lifecam19 2967.95825195 1083.86218262 4.5734205246
1477928422661 lifecam19 2968.5246582 1090.34863281 4.57845783234
1477928422734 lifecam19 2969.10009766 1096.48876953 4.58648633957
1477928422794 lifecam19 2971.59106445 1102.53894043 4.56180524826
1477928423064 lifecam19 2975.13232422 1127.53625488 4.59935951233
1477928423130 lifecam19 2976.05053711 1134.4453125 4.6021323204
1477928423195 lifecam19 2976.4152832 1141.19250488 4.60411119461
1477928423265 lifecam19 2976.91870117 1147.08044434 4.61589860916
1477928423324 lifecam19 2978.15234375 1152.23657227 4.62683582306
1477928423528 lifecam19 2980.68066406 1170.2989502 4.6274189949
1477928423589 lifecam19 2981.0637207 1177.06848145 4.61910533905
1477928423661 lifecam19 2982.44824219 1183.09130859 4.61740207672
1477928423716 lifecam19 2983.31201172 1189.79614258 4.61831617355
1477928423793 lifecam19 2985.55200195 1195.91943359 4.66530132294
1477928424129 lifecam19 2986.0 1228.74645996 4.71179676056
1477928424187 lifecam19 2985.99975586 1233.81530762 4.68329429626
1477928424252 lifecam19 2985.99975586 1239.09204102 4.69768714905
1477928424326 lifecam19 2985.99951172 1245.65380859 4.6880106926
1477928424392 lifecam19 2985.99951172 1250.5 4.71238708496
1477928424719 lifecam19 2989.43212891 1282.58032227 4.7941775322
1477928424795 lifecam19 2989.49487305 1289.05126953 4.78421640396
1477928424866 lifecam19 2990.4675293 1294.96118164 4.77867507935
1477928424931 lifecam19 2988.98779297 1301.65332031 4.79762649536
1477928424995 lifecam19 2989.00878906 1307.87255859 4.79801559448
