1477927490751 lifecam19 262.999938965 647.714477539 3.081584692
1477927490817 lifecam19 262.999969482 648.0 3.080940485
1477927490871 lifecam19 262.999938965 647.742919922 3.08042407036
1477927490939 lifecam19 263.284515381 647.678710938 3.08452391624
1477927491012 lifecam19 265.576477051 647.860046387 3.12590193748
1477927491212 lifecam19 263.546813965 648.516357422 3.09220385551
1477927491269 lifecam19 262.999908447 648.893249512 3.08535170555
1477927491346 lifecam19 261.334564209 649.902954102 3.08491683006
1477927491410 lifecam19 260.396514893 650.994750977 3.10411715508
1477927491477 lifecam19 260.117034912 651.387451172 3.08814692497
1477927491746 lifecam19 262.999969482 648.285522461 3.08158516884
1477927491808 lifecam19 264.201538086 647.657531738 3.10558772087
1477927491876 lifecam19 271.718933105 647.691833496 3.11520552635
1477927491950 lifecam19 284.0 647.143188477 3.0849750042
1477927492010 lifecam19 286.523834229 647.814941406 3.11264300346
1477927492285 lifecam19 311.999969482 647.106567383 3.08535075188
1477927492342 lifecam19 318.999969482 647.416625977 3.08263039589
1477927492401 lifecam19 325.999938965 647.702087402 3.08198618889
1477927492485 lifecam19 333.0 647.416625977 3.08263039589
1477927492554 lifecam19 339.999969482 647.416564941 3.08263087273
1477927492817 lifecam19 368.000061035 647.99987793 3.08094239235
1477927492880 lifecam19 375.000030518 647.999938965 3.08094239235
1477927492959 lifecam19 382.000030518 647.99987793 3.08094239235
1477927493018 lifecam19 388.999969482 648.297668457 3.08198571205
1477927493080 lifecam19 393.842346191 648.456359863 3.06982827187
1477927493349 lifecam19 418.321411133 648.197509766 3.10917448997
1477927493412 lifecam19 424.68347168 648.270202637 3.09970211983
1477927493482 lifecam19 431.347076416 648.307983398 3.09280371666
1477927493551 lifecam19 438.713134766 648.402709961 3.08734440804
1477927493612 lifecam19 445.0 648.309936523 3.08572459221
1477927493949 lifecam19 479.999938965 647.106567383 3.08535170555
1477927494016 lifecam19 486.119018555 647.195129395 3.08976149559
1477927494083 lifecam19 493.112121582 647.484985352 3.09092593193
1477927494136 lifecam19 499.06640625 647.835998535 3.06335616112
1477927494215 lifecam19 503.925415039 647.565490723 3.08783936501
1477927494421 lifecam19 523.244689941 647.923034668 3.10221028328
1477927494486 lifecam19 531.081115723 647.806335449 3.1002137661
1477927494557 lifecam19 536.674682617 647.987670898 3.09982466698
1477927494614 lifecam19 543.360778809 648.717224121 3.07887482643
1477927494680 lifecam19 550.0 648.0 3.08302235603
1477927494946 lifecam19 578.0 647.392089844 3.08470034599
1477927495012 lifecam19 585.0 646.698730469 3.07111763954
1477927495080 lifecam19 591.999938965 646.380493164 3.07568717003
1477927495151 lifecam19 598.721435547 646.406188965 3.06643033028
1477927495203 lifecam19 605.721435547 646.40612793 3.0664293766
1477927495480 lifecam19 629.964599609 646.323974609 3.07275938988
1477927495538 lifecam19 635.131225586 645.883544922 3.08007407188
1477927495620 lifecam19 641.575378418 645.63269043 3.08643889427
1477927495680 lifecam19 648.312194824 645.053222656 3.07513260841
1477927495749 lifecam19 654.999938965 644.846618652 3.0628259182
1477927496029 lifecam19 683.0 644.5 3.07053971291
1477927496086 lifecam19 690.0 643.533081055 3.0761244297
1477927496139 lifecam19 696.690246582 644.369140625 3.06194090843
1477927496211 lifecam19 703.702087402 644.623535156 3.05799365044
1477927496290 lifecam19 710.408752441 644.672180176 3.04960513115
1477927496338 lifecam19 716.843811035 644.763793945 3.03902316093
1477927496609 lifecam19 739.0 644.251159668 3.06733250618
1477927496690 lifecam19 746.0 644.5 3.07054162025
1477927496759 lifecam19 753.0 643.259887695 3.07385325432
1477927496819 lifecam19 760.000061035 643.520996094 3.06994700432
1477927496873 lifecam19 767.000061035 642.925354004 3.06781411171
1477927497215 lifecam19 801.470214844 642.014282227 3.0548593998
1477927497284 lifecam19 807.87109375 640.971679688 3.04855895042
1477927497356 lifecam19 814.071838379 641.080200195 3.04677414894
1477927497417 lifecam19 819.172851562 641.103881836 3.0658018589
1477927497481 lifecam19 823.541809082 640.146362305 3.06802582741
1477927497760 lifecam19 850.999938965 640.310546875 3.05552649498
1477927497822 lifecam19 857.999938965 639.396728516 3.06340146065
1477927497893 lifecam19 864.999938965 639.682312012 3.06282687187
1477927497948 lifecam19 871.999938965 639.074584961 3.06781363487
1477927498022 lifecam19 879.0 639.396789551 3.06340146065
1477927498289 lifecam19 905.887451172 638.065246582 3.03363060951
1477927498352 lifecam19 912.63494873 638.109008789 3.03208565712
1477927498420 lifecam19 917.842590332 637.508911133 3.04675745964
1477927498490 lifecam19 923.955322266 637.311279297 3.04608988762
1477927498551 lifecam19 930.327697754 637.133239746 3.0491912365
1477927498827 lifecam19 957.053222656 636.434204102 3.02473044395
1477927498890 lifecam19 963.0 635.603149414 3.06340241432
1477927498954 lifecam19 969.99987793 635.007568359 3.06006503105
1477927499022 lifecam19 977.0 634.758728027 3.06565499306
1477927499083 lifecam19 983.228637695 634.363037109 3.03573966026
1477927499358 lifecam19 1009.09130859 632.418212891 3.0347135067
1477927499418 lifecam19 1014.71044922 632.98059082 3.02328515053
1477927499487 lifecam19 1021.05712891 632.247436523 3.04071879387
1477927499558 lifecam19 1027.1673584 631.858581543 3.01918005943
1477927499620 lifecam19 1033.59753418 631.545471191 3.03736710548
1477927499891 lifecam19 1061.29272461 630.996032715 3.04790234566
1477927499958 lifecam19 1067.73144531 630.814453125 3.04260849953
1477927500026 lifecam19 1074.36450195 629.97442627 3.02793860435
1477927500091 lifecam19 1081.34509277 629.711914062 3.03018116951
1477927500155 lifecam19 1087.86010742 629.198242188 3.01731562614
1477927500427 lifecam19 1115.12866211 627.587158203 3.03759694099
1477927500492 lifecam19 1121.8638916 627.6328125 3.03882193565
1477927500559 lifecam19 1129.18725586 626.669494629 3.01761078835
1477927500628 lifecam19 1135.31958008 626.296630859 3.03365015984
1477927500699 lifecam19 1142.23071289 625.433837891 3.03927969933
1477927501093 lifecam19 1179.37158203 623.609619141 3.03322434425
1477927501163 lifecam19 1186.72070312 623.800170898 3.00806450844
1477927501226 lifecam19 1193.11010742 622.749389648 3.02580237389
1477927501291 lifecam19 1199.86621094 622.790893555 3.02283883095
1477927501365 lifecam19 1206.82775879 621.956054688 3.02125477791
1477927501626 lifecam19 1234.51831055 621.686096191 3.02648854256
1477927501692 lifecam19 1241.17456055 620.247253418 3.02599930763
1477927501756 lifecam19 1247.93261719 620.018005371 3.01983952522
1477927501830 lifecam19 1254.37231445 619.829162598 3.02519965172
1477927501892 lifecam19 1261.09313965 619.260314941 3.02197670937
1477927502161 lifecam19 1287.49401855 617.279052734 3.00860381126
1477927502229 lifecam19 1293.13269043 617.147583008 3.01317811012
1477927502291 lifecam19 1300.95935059 616.710571289 3.02229332924
1477927502359 lifecam19 1306.53344727 616.397399902 3.00267004967
1477927502428 lifecam19 1313.39611816 615.55871582 3.00277209282
1477927502762 lifecam19 1345.33898926 611.949157715 3.02408051491
1477927502823 lifecam19 1352.31958008 612.296691895 3.03364777565
1477927502884 lifecam19 1359.11474609 611.997070312 3.03132081032
1477927502964 lifecam19 1365.49938965 612.117736816 3.02903199196
1477927503029 lifecam19 1371.27539062 611.509399414 3.00830149651
1477927503238 lifecam19 1392.15930176 609.776428223 3.01591706276
1477927503288 lifecam19 1398.39135742 610.165527344 3.01029801369
1477927503371 lifecam19 1404.83068848 609.887878418 2.999532938
1477927503432 lifecam19 1411.21374512 609.21685791 2.99768280983
1477927503483 lifecam19 1417.95092773 608.957336426 2.99022126198
1477927503833 lifecam19 1450.98535156 606.019165039 3.00935530663
1477927503895 lifecam19 1457.66687012 604.84185791 3.00724577904
1477927503974 lifecam19 1464.66687012 604.84173584 3.00724625587
1477927504036 lifecam19 1471.6685791 603.678100586 3.01282715797
1477927504100 lifecam19 1478.66882324 603.678161621 3.01282668114
1477927504369 lifecam19 1503.54614258 601.699279785 3.00674176216
1477927504437 lifecam19 1509.62060547 600.990661621 3.00111985207
1477927504487 lifecam19 1516.1126709 600.138549805 2.98586249352
1477927504571 lifecam19 1522.5567627 599.642578125 2.98817276955
1477927504636 lifecam19 1529.51428223 599.092041016 2.98021674156
1477927504969 lifecam19 1563.17333984 596.401428223 3.01886057854
1477927505038 lifecam19 1570.18310547 596.366210938 3.00849461555
1477927505099 lifecam19 1576.8527832 595.576843262 3.01694178581
1477927505151 lifecam19 1583.54309082 595.64465332 3.02078509331
1477927505234 lifecam19 1589.81188965 594.839233398 3.0207054615
1477927505570 lifecam19 1621.52758789 592.118774414 2.97942614555
1477927505621 lifecam19 1628.44104004 591.286193848 2.98305630684
1477927505688 lifecam19 1635.41247559 591.010131836 2.98452591896
1477927505766 lifecam19 1642.06640625 590.268615723 2.9774916172
1477927505832 lifecam19 1649.29516602 589.926025391 2.98318696022
1477927506104 lifecam19 1675.5501709 587.364868164 3.00208353996
1477927506170 lifecam19 1681.76538086 585.899169922 3.00792050362
1477927506233 lifecam19 1687.81286621 584.926635742 3.00311732292
1477927506287 lifecam19 1694.20678711 583.990722656 2.99006390572
1477927506365 lifecam19 1700.36950684 584.183898926 2.98433613777
1477927506698 lifecam19 1733.72924805 581.995849609 2.98118281364
1477927506769 lifecam19 1740.47753906 581.092773438 2.98658204079
1477927506837 lifecam19 1747.4519043 580.859375 2.98912549019
1477927506898 lifecam19 1753.97241211 580.329223633 2.97541213036
1477927506964 lifecam19 1760.93334961 579.731445312 2.97749018669
1477927507228 lifecam19 1785.90039062 577.09161377 2.96053433418
1477927507301 lifecam19 1792.14953613 575.819091797 2.97592234612
1477927507356 lifecam19 1799.08752441 575.266601562 2.97716450691
1477927507427 lifecam19 1805.43786621 574.877929688 2.97742915154
1477927507504 lifecam19 1812.14794922 573.894470215 2.97656273842
1477927507778 lifecam19 1838.28344727 571.221313477 2.96577334404
1477927507840 lifecam19 1845.18713379 570.368103027 2.96434521675
1477927507908 lifecam19 1851.52404785 569.082397461 2.97147679329
1477927507974 lifecam19 1858.17028809 568.338012695 2.97396588326
1477927508046 lifecam19 1864.62670898 567.469970703 2.99436068535
1477927508314 lifecam19 1889.70739746 565.411010742 2.96979832649
1477927508377 lifecam19 1896.49438477 563.38873291 2.9570043087
1477927508440 lifecam19 1903.50390625 563.677734375 2.96585774422
1477927508503 lifecam19 1910.44287109 563.095947266 2.96377229691
1477927508569 lifecam19 1916.75463867 562.463439941 2.96479153633
1477927508845 lifecam19 1942.96862793 560.204467773 2.96516776085
1477927508910 lifecam19 1949.67089844 558.7890625 2.97733521461
1477927508976 lifecam19 1956.64428711 558.535400391 2.97000002861
1477927509048 lifecam19 1962.94848633 556.968139648 2.95515322685
1477927509112 lifecam19 1970.14709473 556.589416504 2.95996022224
1477927509363 lifecam19 1996.19592285 554.045227051 2.95811152458
1477927509442 lifecam19 2001.76342773 553.620727539 2.96544623375
1477927509509 lifecam19 2008.99487305 551.76940918 2.94386839867
1477927509576 lifecam19 2014.80175781 551.093017578 2.96775603294
1477927509647 lifecam19 2021.08813477 550.349609375 2.96289086342
1477927509845 lifecam19 2040.7109375 547.496398926 2.97027945518
1477927509913 lifecam19 2047.69628906 546.917724609 2.97019505501
1477927509974 lifecam19 2053.8659668 546.976074219 2.96410655975
1477927510034 lifecam19 2060.83203125 546.117919922 2.97454857826
1477927510102 lifecam19 2067.48974609 544.671447754 2.96434855461
1477927510374 lifecam19 2093.98730469 542.604858398 2.93432784081
1477927510441 lifecam19 2100.7722168 541.284790039 2.9383995533
1477927510508 lifecam19 2107.1953125 541.169006348 2.9386241436
1477927510581 lifecam19 2112.92431641 539.720092773 2.94329333305
1477927510641 lifecam19 2119.57788086 539.261901855 2.94958853722
1477927510849 lifecam19 2139.30615234 536.323486328 2.95351815224
1477927510909 lifecam19 2146.17041016 535.146850586 2.9597094059
1477927510980 lifecam19 2152.58837891 534.767272949 2.95789170265
1477927511047 lifecam19 2159.44873047 533.557312012 2.97012019157
1477927511115 lifecam19 2166.27416992 533.072753906 2.94429183006
1477927511313 lifecam19 2185.54785156 530.098815918 2.94361329079
1477927511379 lifecam19 2192.02880859 528.863342285 2.93446278572
1477927511442 lifecam19 2197.84326172 528.364013672 2.92516064644
1477927511504 lifecam19 2204.37792969 527.37512207 2.94625973701
1477927511567 lifecam19 2209.82348633 526.467773438 2.95757222176
1477927511838 lifecam19 2236.82861328 522.853149414 2.9597094059
1477927511922 lifecam19 2243.37841797 521.817077637 2.94372391701
1477927511973 lifecam19 2250.64257812 521.238098145 2.96146130562
1477927512051 lifecam19 2257.54467773 520.390930176 2.96692824364
1477927512121 lifecam19 2263.77661133 520.102844238 2.94614005089
1477927512385 lifecam19 2289.50097656 516.849243164 2.92631649971
1477927512445 lifecam19 2295.99755859 515.366149902 2.92381691933
1477927512522 lifecam19 2302.11035156 515.381591797 2.92681288719
1477927512593 lifecam19 2308.65039062 514.059387207 2.93166470528
1477927512635 lifecam19 2315.7902832 513.278320312 2.93689703941
1477927512922 lifecam19 2341.76367188 509.408233643 2.93694329262
1477927512986 lifecam19 2348.45263672 508.490447998 2.94339108467
1477927513050 lifecam19 2354.97705078 507.319366455 2.93617510796
1477927513108 lifecam19 2361.54541016 506.148223877 2.94076323509
1477927513177 lifecam19 2367.63012695 504.743255615 2.92115998268
1477927513513 lifecam19 2400.33520508 500.800384521 2.93422150612
1477927513580 lifecam19 2406.60888672 499.832794189 2.92916226387
1477927513644 lifecam19 2413.44311523 498.778594971 2.93415808678
1477927513717 lifecam19 2420.42285156 498.095550537 2.93233513832
1477927513775 lifecam19 2427.16577148 496.534515381 2.92421126366
1477927514046 lifecam19 2452.13305664 493.551422119 2.92532372475
1477927514113 lifecam19 2458.49511719 492.626373291 2.92244315147
1477927514180 lifecam19 2464.97192383 491.468231201 2.90837073326
1477927514247 lifecam19 2471.56005859 490.830230713 2.91215825081
1477927514313 lifecam19 2478.21923828 488.950653076 2.91357111931
1477927514589 lifecam19 2505.94165039 485.708831787 2.92375063896
1477927514645 lifecam19 2512.67675781 485.541778564 2.9239590168
1477927514713 lifecam19 2518.5925293 483.705474854 2.91736531258
1477927514781 lifecam19 2525.21508789 482.900787354 2.90093302727
1477927514848 lifecam19 2531.93164062 481.364349365 2.90818190575
1477927515182 lifecam19 2564.20727539 476.838470459 2.92501759529
1477927515251 lifecam19 2570.5456543 476.218353271 2.91722273827
1477927515311 lifecam19 2577.05639648 474.906890869 2.90581297874
1477927515385 lifecam19 2583.81494141 472.913421631 2.91727614403
1477927515454 lifecam19 2590.5 472.999847412 2.92237305641
1477927515719 lifecam19 2617.89404297 469.196563721 2.91623234749
1477927515779 lifecam19 2623.89599609 468.169586182 2.90620160103
1477927515836 lifecam19 2630.33789062 466.743377686 2.90687394142
1477927515914 lifecam19 2637.12768555 466.810852051 2.91090250015
1477927515979 lifecam19 2643.22412109 464.878936768 2.90482831001
1477927516316 lifecam19 2676.37036133 459.66116333 2.92148089409
1477927516379 lifecam19 2682.91723633 458.610534668 2.92127251625
1477927516436 lifecam19 2688.67675781 456.87600708 2.9052054882
1477927516505 lifecam19 2695.98144531 456.49029541 2.90957760811
1477927516586 lifecam19 2702.3503418 454.722503662 2.90041327477
1477927516853 lifecam19 2726.94091797 450.959991455 2.90651488304
1477927516919 lifecam19 2733.61328125 449.183654785 2.90797400475
1477927516987 lifecam19 2740.32446289 449.283599854 2.9002764225
1477927517035 lifecam19 2746.14672852 447.430389404 2.89237380028
