1477927368688 lifecam19 246.122817993 652.425537109 3.04218268394
1477927368751 lifecam19 247.874588013 652.380615234 3.05359053612
1477927368823 lifecam19 248.730789185 652.566223145 3.07374596596
1477927369083 lifecam19 247.547317505 649.342407227 3.08104348183
1477927369146 lifecam19 247.549240112 649.89654541 3.07640433311
1477927369215 lifecam19 246.729141235 651.305480957 3.06036114693
1477927369298 lifecam19 247.355880737 651.196594238 3.0730574131
1477927369368 lifecam19 247.916915894 651.457336426 3.0862262249
1477927369629 lifecam19 249.000015259 651.108276367 3.1084291935
1477927369695 lifecam19 245.741104126 651.589172363 3.06270623207
1477927369764 lifecam19 247.047195435 651.926940918 3.05344128609
1477927369828 lifecam19 247.867324829 651.737792969 3.04406619072
1477927369907 lifecam19 256.0 652.132141113 3.06576275826
1477927370090 lifecam19 276.999938965 649.574584961 3.07340312004
1477927370166 lifecam19 284.0 649.301269531 3.07111763954
1477927370229 lifecam19 290.715759277 649.40435791 3.07203221321
1477927370298 lifecam19 297.68182373 650.124633789 3.05249190331
1477927370370 lifecam19 304.204925537 649.369018555 3.05339360237
1477927370693 lifecam19 338.678344727 649.093811035 3.04180169106
1477927370769 lifecam19 344.853637695 648.916870117 3.04265856743
1477927370819 lifecam19 348.604827881 649.046630859 3.02099871635
1477927370892 lifecam19 355.362243652 648.139404297 3.0224173069
1477927370965 lifecam19 360.999969482 647.99987793 3.0554754734
1477927371228 lifecam19 388.999969482 646.706787109 3.06063294411
1477927371296 lifecam19 395.999969482 646.682250977 3.06282734871
1477927371358 lifecam19 402.737792969 646.353759766 3.05649590492
1477927371427 lifecam19 409.999969482 646.396789551 3.06340146065
1477927371484 lifecam19 416.71585083 645.803527832 3.06337571144
1477927371830 lifecam19 448.527709961 643.603881836 3.04909682274
1477927371885 lifecam19 453.345947266 642.805725098 3.03187251091
1477927371960 lifecam19 459.772155762 642.906982422 3.03229928017
1477927372022 lifecam19 465.999938965 643.932983398 3.05850958824
1477927372097 lifecam19 473.209228516 642.563659668 3.05677437782
1477927372369 lifecam19 501.0 642.333862305 3.06218075752
1477927372430 lifecam19 508.0 642.333862305 3.06218028069
1477927372501 lifecam19 515.0 642.333862305 3.06217980385
1477927372555 lifecam19 521.751586914 641.234741211 3.04282546043
1477927372625 lifecam19 528.226928711 640.466064453 3.02682232857
1477927372896 lifecam19 552.557739258 639.219604492 3.00980162621
1477927372965 lifecam19 560.009155273 637.931335449 3.00729346275
1477927373035 lifecam19 565.483215332 638.222900391 3.01180005074
1477927373100 lifecam19 572.143310547 637.928344727 3.02567887306
1477927373166 lifecam19 579.730102539 637.821777344 3.01623272896
1477927373432 lifecam19 606.0 635.651977539 3.06674313545
1477927373495 lifecam19 612.678588867 635.226501465 3.04391217232
1477927373565 lifecam19 619.518981934 634.580322266 3.03224349022
1477927373626 lifecam19 625.979248047 633.103637695 3.0354578495
1477927373685 lifecam19 632.711120605 633.566955566 3.01940321922
1477927374033 lifecam19 665.398254395 632.286743164 2.99230194092
1477927374105 lifecam19 671.524780273 632.239929199 3.00281667709
1477927374161 lifecam19 677.886413574 631.760925293 3.01015496254
1477927374233 lifecam19 684.854492188 631.438842773 3.00205779076
1477927374495 lifecam19 710.571594238 629.678344727 3.0360147953
1477927374567 lifecam19 717.345214844 629.711914062 3.03018164635
1477927374618 lifecam19 724.029846191 628.606323242 3.03099370003
1477927374683 lifecam19 731.024780273 628.290344238 3.02827191353
1477927374767 lifecam19 737.825805664 627.372314453 3.00562262535
1477927375093 lifecam19 769.317016602 625.504821777 2.99629187584
1477927375152 lifecam19 775.842468262 624.440917969 3.00257396698
1477927375237 lifecam19 782.088745117 623.997314453 3.01360321045
1477927375297 lifecam19 788.16809082 623.204650879 3.01908755302
1477927375358 lifecam19 794.714599609 622.136169434 3.03343892097
1477927375619 lifecam19 822.072265625 620.314575195 3.00865387917
1477927375697 lifecam19 828.723449707 619.864501953 3.02046227455
1477927375756 lifecam19 835.762695312 620.089599609 3.01491141319
1477927375831 lifecam19 842.705810547 618.987976074 3.01486468315
1477927375904 lifecam19 849.468383789 618.657714844 3.00388360023
1477927376169 lifecam19 874.095092773 617.391418457 3.00101137161
1477927376240 lifecam19 880.425598145 616.664428711 3.00301337242
1477927376304 lifecam19 886.508178711 616.199890137 3.0074493885
1477927376373 lifecam19 893.10736084 615.41015625 3.00415253639
1477927376437 lifecam19 900.307495117 615.086608887 3.00725626945
1477927376710 lifecam19 926.98449707 612.444213867 3.01838374138
1477927376767 lifecam19 933.975036621 611.510437012 3.01014876366
1477927376838 lifecam19 940.681396484 611.333312988 3.01179528236
1477927376903 lifecam19 947.079101562 609.792175293 3.00777316093
1477927376975 lifecam19 953.452575684 609.569763184 2.99606776237
1477927377236 lifecam19 977.723510742 607.293212891 2.99787545204
1477927377311 lifecam19 984.094726562 607.149841309 2.9834883213
1477927377369 lifecam19 990.624023438 606.08807373 2.99846959114
1477927377439 lifecam19 997.086303711 605.651550293 2.99700379372
1477927377504 lifecam19 1004.09863281 605.352661133 2.991553545
1477927377767 lifecam19 1031.71630859 603.048034668 3.01547265053
1477927377840 lifecam19 1037.73046875 602.510253906 2.99488067627
1477927377908 lifecam19 1044.28540039 601.17010498 2.98317885399
1477927377979 lifecam19 1050.11340332 600.661071777 2.97200608253
1477927378034 lifecam19 1056.44543457 599.794189453 2.97394824028
1477927378305 lifecam19 1082.62158203 597.424377441 2.98077321053
1477927378373 lifecam19 1089.34057617 597.212036133 2.98219323158
1477927378439 lifecam19 1096.22753906 596.104370117 2.97886681557
1477927378504 lifecam19 1103.22753906 596.104492188 2.97886872292
1477927378573 lifecam19 1109.9934082 594.638671875 2.9863255024
1477927378771 lifecam19 1129.26904297 592.114624023 2.9862434864
1477927378830 lifecam19 1136.27331543 591.00970459 2.99426531792
1477927378917 lifecam19 1141.55187988 589.297607422 2.97968459129
1477927378961 lifecam19 1148.87255859 589.782714844 2.97593188286
1477927379047 lifecam19 1155.03198242 589.644775391 2.96891951561
1477927379377 lifecam19 1188.84619141 586.885620117 2.97106671333
1477927379439 lifecam19 1195.56396484 586.383544922 2.96674418449
1477927379508 lifecam19 1202.17980957 585.891967773 2.95911669731
1477927379558 lifecam19 1208.55993652 584.888549805 2.96781754494
1477927379638 lifecam19 1215.22216797 584.737060547 2.97213482857
1477927379897 lifecam19 1242.00512695 581.055053711 2.98695969582
1477927379972 lifecam19 1248.39013672 580.420166016 2.95976233482
1477927380023 lifecam19 1254.5534668 579.860473633 2.98140931129
1477927380105 lifecam19 1261.51013184 579.266967773 2.97809147835
1477927380176 lifecam19 1269.70324707 578.842346191 2.97863602638
1477927380446 lifecam19 1294.99780273 575.622924805 2.97687506676
1477927380498 lifecam19 1300.66821289 573.92388916 2.98190665245
1477927380574 lifecam19 1306.89868164 573.727294922 2.96678090096
1477927380641 lifecam19 1313.0279541 571.282409668 2.9632294178
1477927380707 lifecam19 1320.12512207 572.139526367 2.96051335335
1477927380980 lifecam19 1345.79272461 568.903930664 2.9625275135
1477927381038 lifecam19 1353.55541992 568.112060547 2.96722912788
1477927381109 lifecam19 1359.99487305 567.911499023 2.96628499031
1477927381176 lifecam19 1367.14050293 566.713195801 2.96813225746
1477927381243 lifecam19 1373.27807617 566.53125 2.97040104866
1477927381504 lifecam19 1398.55273438 563.070251465 2.95236945152
1477927381574 lifecam19 1404.68359375 562.725708008 2.95701861382
1477927381645 lifecam19 1411.25439453 561.364562988 2.96819043159
1477927381711 lifecam19 1417.96801758 561.145263672 2.9671189785
1477927381781 lifecam19 1425.00793457 559.907958984 2.95783925056
1477927382048 lifecam19 1451.62207031 556.725219727 2.95806860924
1477927382116 lifecam19 1458.52380371 555.873535156 2.95351290703
1477927382177 lifecam19 1464.48254395 554.555725098 2.94631123543
1477927382246 lifecam19 1470.0480957 554.210327148 2.95828223228
1477927382309 lifecam19 1476.62121582 553.008972168 2.96675848961
1477927382505 lifecam19 1496.1809082 549.97277832 2.93983530998
1477927382573 lifecam19 1502.60131836 549.911132812 2.93974947929
1477927382649 lifecam19 1509.22692871 549.126586914 2.95504570007
1477927382719 lifecam19 1516.1340332 548.303955078 2.9472925663
1477927382776 lifecam19 1523.0012207 547.33782959 2.96129202843
1477927383050 lifecam19 1549.9909668 543.855224609 2.95204520226
1477927383112 lifecam19 1556.58068848 543.322509766 2.93593192101
1477927383168 lifecam19 1562.56726074 542.137695312 2.93455529213
1477927383231 lifecam19 1569.15185547 542.000366211 2.92340159416
1477927383309 lifecam19 1575.65478516 540.73046875 2.92868113518
1477927383376 lifecam19 1581.24377441 540.028808594 2.92869544029
1477927383648 lifecam19 1608.4753418 536.249267578 2.94723773003
1477927383713 lifecam19 1615.41894531 535.677490234 2.93593144417
1477927383764 lifecam19 1621.69970703 534.719238281 2.95395255089
1477927383843 lifecam19 1628.5435791 533.532531738 2.95638728142
1477927383908 lifecam19 1635.46069336 531.788818359 2.95107316971
1477927384177 lifecam19 1660.7097168 527.845581055 2.92306685448
1477927384250 lifecam19 1667.66491699 527.580566406 2.92451024055
1477927384312 lifecam19 1673.46679688 527.053588867 2.92954897881
1477927384384 lifecam19 1680.33374023 526.290771484 2.93095707893
1477927384449 lifecam19 1686.41149902 525.230041504 2.92036795616
1477927384783 lifecam19 1720.359375 521.070556641 2.94240045547
1477927384851 lifecam19 1726.81811523 519.440185547 2.94980359077
1477927384918 lifecam19 1733.20336914 517.855773926 2.95263600349
1477927384984 lifecam19 1739.65576172 517.414123535 2.92975401878
1477927385057 lifecam19 1745.95092773 516.03125 2.94285035133
1477927385318 lifecam19 1771.15869141 513.105285645 2.91794300079
1477927385377 lifecam19 1777.96594238 512.043579102 2.91902136803
1477927385448 lifecam19 1785.125 511.001068115 2.90914416313
1477927385523 lifecam19 1791.10717773 509.609161377 2.90648818016
1477927385588 lifecam19 1797.32873535 508.579925537 2.92489123344
1477927385785 lifecam19 1817.02233887 505.336700439 2.94901061058
1477927385852 lifecam19 1823.11730957 503.933197021 2.92333245277
1477927385920 lifecam19 1829.02941895 501.639007568 2.93168616295
1477927385979 lifecam19 1836.22363281 501.340179443 2.92383360863
1477927386046 lifecam19 1842.74829102 501.473419189 2.91889715195
1477927386320 lifecam19 1869.2175293 497.29019165 2.89801430702
1477927386388 lifecam19 1875.73583984 496.292205811 2.89034247398
1477927386445 lifecam19 1882.84082031 495.004730225 2.91010403633
1477927386522 lifecam19 1888.67810059 494.834625244 2.91958928108
1477927386587 lifecam19 1895.18823242 493.740814209 2.93306851387
1477927386842 lifecam19 1920.11340332 488.884307861 2.90817379951
1477927386914 lifecam19 1926.97998047 487.409637451 2.91610383987
1477927386975 lifecam19 1933.51879883 486.697662354 2.90205192566
1477927387056 lifecam19 1940.43774414 485.917266846 2.90758419037
1477927387117 lifecam19 1946.93054199 484.487823486 2.89976000786
1477927387387 lifecam19 1973.37060547 479.727874756 2.9072163105
1477927387436 lifecam19 1979.92883301 479.094146729 2.91507554054
1477927387514 lifecam19 1985.80395508 477.695648193 2.92116713524
1477927387592 lifecam19 1991.94970703 476.160858154 2.9115831852
1477927387647 lifecam19 1997.33825684 474.465545654 2.89297389984
1477927387913 lifecam19 2023.83007812 471.167327881 2.89272260666
1477927387987 lifecam19 2030.49829102 469.492095947 2.89699149132
1477927388048 lifecam19 2037.29077148 468.441680908 2.89565014839
1477927388122 lifecam19 2044.06396484 467.295440674 2.89562535286
1477927388201 lifecam19 2051.03515625 466.460205078 2.90577435493
1477927388387 lifecam19 2071.13818359 463.715454102 2.89524483681
1477927388450 lifecam19 2077.02490234 461.872375488 2.88779950142
1477927388516 lifecam19 2082.59887695 460.993835449 2.8926050663
1477927388590 lifecam19 2089.05859375 459.661651611 2.90114808083
1477927388654 lifecam19 2095.37915039 458.528717041 2.90090489388
1477927388990 lifecam19 2129.05151367 452.768859863 2.89082694054
1477927389055 lifecam19 2135.48046875 451.682922363 2.91052126884
1477927389124 lifecam19 2142.24072266 449.710845947 2.89745593071
1477927389190 lifecam19 2148.38012695 448.27722168 2.89461064339
1477927389255 lifecam19 2155.21386719 447.412506104 2.89006900787
1477927389459 lifecam19 2172.82592773 443.567901611 2.92073988914
1477927389527 lifecam19 2179.28466797 442.068267822 2.8849260807
1477927389592 lifecam19 2185.6640625 441.955383301 2.88750958443
1477927389653 lifecam19 2192.37329102 440.444030762 2.89091420174
1477927389720 lifecam19 2198.95214844 439.58493042 2.89124417305
1477927389994 lifecam19 2225.86816406 434.089538574 2.88091921806
1477927390054 lifecam19 2232.5 433.728118896 2.87981820107
1477927390118 lifecam19 2238.81665039 432.519378662 2.87521719933
1477927390195 lifecam19 2245.20141602 430.134063721 2.88143897057
1477927390249 lifecam19 2251.09350586 429.090484619 2.87884497643
1477927390524 lifecam19 2277.13183594 424.409759521 2.88560199738
1477927390653 lifecam19 2289.76489258 421.840667725 2.8725168705
1477927390719 lifecam19 2296.84594727 421.00579834 2.87718749046
1477927390797 lifecam19 2303.29638672 419.472961426 2.88083100319
1477927391063 lifecam19 2328.56103516 413.534423828 2.85666632652
1477927391115 lifecam19 2334.62597656 412.792144775 2.87209248543
1477927391191 lifecam19 2340.59619141 409.63381958 2.86678481102
1477927391257 lifecam19 2347.26757812 409.469940186 2.86193537712
1477927391322 lifecam19 2353.45068359 408.553436279 2.88571238518
1477927391540 lifecam19 2373.10717773 404.619354248 2.88346791267
1477927391597 lifecam19 2380.05126953 403.432098389 2.86400103569
1477927391672 lifecam19 2387.4519043 402.072052002 2.88917899132
1477927391716 lifecam19 2394.13378906 400.460083008 2.87473988533
1477927391793 lifecam19 2400.37060547 399.800384521 2.86789679527
1477927392128 lifecam19 2431.77587891 392.943817139 2.84908533096
1477927392196 lifecam19 2437.48730469 391.92791748 2.87603259087
1477927392255 lifecam19 2444.27026367 390.848846436 2.8712220192
1477927392326 lifecam19 2450.99975586 388.814727783 2.86024403572
1477927392404 lifecam19 2457.34863281 387.540893555 2.88999390602
1477927392607 lifecam19 2477.60009766 383.667144775 2.8757815361
1477927392663 lifecam19 2484.1262207 381.749481201 2.8734869957
1477927392732 lifecam19 2491.03979492 379.95223999 2.86295151711
1477927392795 lifecam19 2496.55712891 379.412384033 2.85943007469
1477927392853 lifecam19 2502.76489258 377.482696533 2.86566829681
1477927393186 lifecam19 2534.56323242 371.804229736 2.87063384056
1477927393254 lifecam19 2541.59667969 370.404144287 2.8683218956
1477927393327 lifecam19 2548.45678711 369.226043701 2.85706734657
1477927393385 lifecam19 2555.1953125 367.643096924 2.85404086113
1477927393458 lifecam19 2562.02050781 366.901245117 2.8594019413
1477927393724 lifecam19 2588.01171875 360.616363525 2.85065674782
1477927393783 lifecam19 2593.78857422 358.906402588 2.85180020332
1477927393848 lifecam19 2600.27246094 358.023376465 2.842638731
1477927393914 lifecam19 2606.90917969 356.54019165 2.85296273232
1477927393984 lifecam19 2613.546875 354.707855225 2.8530766964
1477927394273 lifecam19 2640.33276367 350.079437256 2.86138272285
1477927394324 lifecam19 2646.74047852 347.99520874 2.84574007988
1477927394395 lifecam19 2652.78979492 345.984375 2.85290026665
1477927394454 lifecam19 2659.43212891 343.999389648 2.85407304764
1477927394520 lifecam19 2664.91210938 343.721588135 2.84529089928
1477927394862 lifecam19 2696.84228516 335.904785156 2.86041784286
1477927394928 lifecam19 2702.60180664 334.312591553 2.84284234047
