1477927310262 lifecam19 260.178527832 647.675476074 3.12127614021
1477927310529 lifecam19 257.462677002 648.260803223 3.10007119179
1477927310599 lifecam19 258.104187012 648.179321289 3.0994207859
1477927310663 lifecam19 256.295776367 648.981506348 3.08491444588
1477927310733 lifecam19 256.0 648.929992676 3.08906817436
1477927310796 lifecam19 255.999954224 649.33380127 3.07507014275
1477927311135 lifecam19 255.999984741 650.255737305 3.09116482735
1477927311197 lifecam19 254.511764526 650.802978516 3.09689593315
1477927311266 lifecam19 254.750656128 650.91796875 3.11785531044
1477927311331 lifecam19 253.899765015 651.210632324 3.12669587135
1477927311664 lifecam19 266.656494141 647.965698242 3.08067774773
1477927311733 lifecam19 277.000030518 647.702148438 3.08198523521
1477927311794 lifecam19 278.615356445 648.448974609 3.06955170631
1477927311866 lifecam19 289.82019043 647.766479492 3.09639906883
1477927311937 lifecam19 295.881652832 647.897583008 3.11192584038
1477927312252 lifecam19 325.999969482 647.999938965 3.08302235603
1477927312331 lifecam19 333.0 647.702148438 3.08198523521
1477927312400 lifecam19 340.0 647.702148438 3.08198618889
1477927312465 lifecam19 346.999969482 647.702087402 3.08198571205
1477927312529 lifecam19 354.000030518 647.999938965 3.08302235603
1477927312810 lifecam19 381.999969482 647.702087402 3.08198618889
1477927312866 lifecam19 388.999969482 647.106567383 3.08535218239
1477927312935 lifecam19 395.732635498 647.672668457 3.07355570793
1477927312998 lifecam19 400.478942871 647.629394531 3.06481385231
1477927313066 lifecam19 405.916625977 647.564453125 3.08391594887
1477927313393 lifecam19 438.690979004 647.780822754 3.08707261086
1477927313473 lifecam19 445.0 647.452636719 3.08776402473
1477927313534 lifecam19 452.0 647.392089844 3.08469986916
1477927313603 lifecam19 459.000030518 646.66607666 3.07507014275
1477927313667 lifecam19 465.999969482 646.666015625 3.07507014275
1477927313935 lifecam19 493.706359863 645.538208008 3.06579041481
1477927313991 lifecam19 500.434020996 645.862670898 3.05511021614
1477927314058 lifecam19 506.785766602 645.684692383 3.05667328835
1477927314125 lifecam19 511.233825684 646.28527832 3.07298207283
1477927314188 lifecam19 517.152709961 645.723632812 3.07845759392
1477927314531 lifecam19 549.999938965 646.074584961 3.06781315804
1477927314599 lifecam19 557.0 645.46673584 3.07612252235
1477927314664 lifecam19 564.0 645.107727051 3.06673693657
1477927314738 lifecam19 570.999938965 644.846679688 3.06282877922
1477927314805 lifecam19 577.999938965 644.49987793 3.07054018974
1477927315069 lifecam19 605.999938965 643.879882812 3.06059956551
1477927315128 lifecam19 612.339599609 644.317871094 3.03865981102
1477927315193 lifecam19 619.277099609 643.517578125 3.04688429832
1477927315271 lifecam19 626.029541016 643.203613281 3.03789925575
1477927315334 lifecam19 630.766906738 642.440063477 3.06129097939
1477927315685 lifecam19 661.999938965 641.697509766 3.06809449196
1477927315745 lifecam19 668.999938965 641.69744873 3.06809449196
1477927315811 lifecam19 675.999938965 641.69744873 3.06809210777
1477927315875 lifecam19 682.999938965 641.758666992 3.06565022469
1477927315930 lifecam19 690.0 641.0 3.05547499657
1477927316271 lifecam19 723.679931641 640.866333008 3.02875876427
1477927316341 lifecam19 730.355407715 640.402099609 3.03350090981
1477927316398 lifecam19 736.34777832 639.704406738 3.04065966606
1477927316474 lifecam19 740.776184082 639.703918457 3.06720948219
1477927316541 lifecam19 746.649658203 639.913574219 3.05340218544
1477927316805 lifecam19 774.0 638.119934082 3.06059956551
1477927316870 lifecam19 780.999938965 638.478881836 3.06994652748
1477927316939 lifecam19 787.999938965 638.120056152 3.06060051918
1477927317013 lifecam19 795.0 637.846679688 3.06282973289
1477927317077 lifecam19 801.999938965 637.499938965 3.0705435276
1477927317405 lifecam19 832.291931152 635.334594727 3.04850077629
1477927317475 lifecam19 838.049560547 635.203552246 3.03778958321
1477927317544 lifecam19 844.424682617 635.227233887 3.05167841911
1477927317608 lifecam19 850.99987793 635.333862305 3.06218123436
1477927317672 lifecam19 857.999938965 635.015686035 3.05974268913
1477927318005 lifecam19 893.000061035 633.620605469 3.05274748802
1477927318074 lifecam19 899.48248291 633.658691406 3.03621459007
1477927318140 lifecam19 906.474853516 632.419250488 3.04814982414
1477927318196 lifecam19 913.239379883 631.791137695 3.02668786049
1477927318272 lifecam19 919.672363281 631.621459961 3.0218975544
1477927318543 lifecam19 943.477111816 630.867675781 3.01778435707
1477927318603 lifecam19 950.730102539 630.821716309 3.01623272896
1477927318678 lifecam19 957.096679688 630.643920898 3.0196826458
1477927318742 lifecam19 963.784790039 629.49206543 3.02936911583
1477927318794 lifecam19 971.053405762 629.434143066 3.02473187447
1477927319151 lifecam19 1003.92944336 625.633178711 3.0212996006
1477927319204 lifecam19 1010.64746094 625.40411377 3.01891493797
1477927319278 lifecam19 1016.92346191 626.059326172 3.01036953926
1477927319345 lifecam19 1023.57958984 625.039001465 3.01786971092
1477927319398 lifecam19 1027.98583984 625.242675781 2.99361109734
1477927319756 lifecam19 1062.12329102 624.283630371 3.02015185356
1477927319820 lifecam19 1068.8215332 623.702026367 3.02433180809
1477927319883 lifecam19 1074.71032715 622.661315918 3.0418279171
1477927319934 lifecam19 1081.57165527 622.678344727 3.03601193428
1477927320011 lifecam19 1088.31567383 621.872375488 3.02858662605
1477927320273 lifecam19 1115.72338867 619.864562988 3.02046275139
1477927320332 lifecam19 1122.72338867 619.864562988 3.02046227455
1477927320413 lifecam19 1129.42944336 619.329223633 3.01884531975
1477927320479 lifecam19 1136.40380859 618.735046387 3.01672387123
1477927320537 lifecam19 1143.1652832 617.708190918 3.0246617794
1477927320872 lifecam19 1174.02416992 615.148620605 3.02205777168
1477927320945 lifecam19 1180.76635742 615.153747559 3.02854561806
1477927321018 lifecam19 1187.32836914 615.293457031 3.01027321815
1477927321078 lifecam19 1193.72180176 613.764343262 3.01123118401
1477927321143 lifecam19 1200.27722168 614.177246094 3.01377177238
1477927321404 lifecam19 1228.56164551 612.535217285 3.01305556297
1477927321465 lifecam19 1235.61499023 612.518432617 3.00031638145
1477927321544 lifecam19 1241.42944336 612.329101562 3.01884579659
1477927321616 lifecam19 1248.39196777 611.219177246 3.0135614872
1477927321676 lifecam19 1255.43054199 610.558349609 3.01058936119
1477927322014 lifecam19 1288.13513184 608.966247559 3.00862383842
1477927322076 lifecam19 1294.15722656 608.214904785 3.01633143425
1477927322151 lifecam19 1301.22070312 608.197021484 3.01316094398
1477927322201 lifecam19 1306.84399414 606.940002441 3.00121903419
1477927322272 lifecam19 1313.7746582 606.370239258 2.99207520485
1477927322540 lifecam19 1339.71594238 603.295959473 3.01791834831
1477927322620 lifecam19 1346.11962891 602.249511719 3.01673150063
1477927322681 lifecam19 1353.14575195 602.513977051 3.0144507885
1477927322754 lifecam19 1359.82885742 602.309143066 3.01922392845
1477927322803 lifecam19 1366.49731445 601.991516113 3.02591729164
1477927323077 lifecam19 1392.66809082 600.089233398 2.99897503853
1477927323144 lifecam19 1398.72277832 600.337036133 2.97895169258
1477927323204 lifecam19 1405.11376953 600.15814209 2.99401783943
1477927323281 lifecam19 1411.97094727 598.795715332 2.98443865776
1477927323338 lifecam19 1418.24743652 598.962585449 2.97587180138
1477927323615 lifecam19 1445.23339844 595.659912109 2.99292206764
1477927323669 lifecam19 1451.42321777 595.455749512 3.01331067085
1477927323743 lifecam19 1458.1184082 593.974182129 3.00383472443
1477927323809 lifecam19 1465.1184082 593.974121094 3.00383448601
1477927323884 lifecam19 1471.82397461 593.729736328 3.00348496437
1477927324144 lifecam19 1497.89648438 591.062316895 2.98475074768
1477927324218 lifecam19 1503.37585449 589.984802246 2.98210120201
1477927324284 lifecam19 1509.49450684 589.296936035 2.98383545876
1477927324352 lifecam19 1516.2565918 588.446289062 2.98810648918
1477927324418 lifecam19 1523.21398926 588.148498535 2.99057102203
1477927324752 lifecam19 1557.26098633 585.151123047 2.97865080833
1477927324823 lifecam19 1563.99926758 585.230834961 2.97927737236
1477927324895 lifecam19 1570.99926758 585.230773926 2.97927832603
1477927324950 lifecam19 1577.86022949 583.80682373 2.97818255424
1477927325017 lifecam19 1584.7565918 583.602844238 2.98644757271
1477927325276 lifecam19 1609.05541992 581.391357422 2.97989630699
1477927325356 lifecam19 1615.00012207 581.07043457 2.98709225655
1477927325415 lifecam19 1622.00354004 580.492614746 2.9882247448
1477927325485 lifecam19 1628.64038086 579.252685547 2.9678504467
1477927325553 lifecam19 1635.61340332 579.036804199 2.96280646324
1477927325820 lifecam19 1662.99853516 575.674316406 2.97429776192
1477927325875 lifecam19 1669.75231934 574.551757812 2.98259139061
1477927325945 lifecam19 1676.45361328 574.298217773 2.98658633232
1477927326023 lifecam19 1682.6237793 573.005310059 2.99146056175
1477927326083 lifecam19 1689.52050781 572.193908691 2.98235011101
1477927326363 lifecam19 1714.46264648 570.447021484 2.97149276733
1477927326427 lifecam19 1720.21643066 569.875854492 2.95960593224
1477927326488 lifecam19 1727.14709473 569.274780273 2.96913981438
1477927326544 lifecam19 1734.07922363 568.467529297 2.96489930153
1477927326619 lifecam19 1741.04199219 568.181884766 2.96769833565
1477927326827 lifecam19 1760.96557617 566.022155762 2.98028540611
1477927326891 lifecam19 1767.62304688 565.189331055 2.96502614021
1477927326957 lifecam19 1774.20751953 563.838928223 2.96737360954
1477927327020 lifecam19 1780.63378906 563.157043457 2.96806883812
1477927327075 lifecam19 1786.76989746 563.121337891 2.96023631096
1477927327419 lifecam19 1819.26184082 559.563781738 2.95324635506
1477927327490 lifecam19 1825.6237793 558.938293457 2.96085333824
1477927327544 lifecam19 1832.46105957 557.55090332 2.95599913597
1477927327621 lifecam19 1838.58007812 557.481018066 2.9588124752
1477927327677 lifecam19 1845.13037109 555.870178223 2.96208500862
1477927328017 lifecam19 1877.92712402 551.545532227 2.95415616035
1477927328075 lifecam19 1883.99731445 550.926025391 2.94788432121
1477927328146 lifecam19 1890.32836914 550.313354492 2.93875145912
1477927328223 lifecam19 1896.5357666 549.618530273 2.95141291618
1477927328290 lifecam19 1904.69628906 549.080444336 2.95081973076
1477927328563 lifecam19 1930.04187012 547.181884766 2.96769881248
1477927328631 lifecam19 1936.47290039 545.78692627 2.95525860786
1477927328691 lifecam19 1943.13378906 544.160583496 2.95830559731
1477927328751 lifecam19 1949.54980469 543.680358887 2.96149659157
1477927328827 lifecam19 1956.52648926 543.463500977 2.95775866508
1477927329162 lifecam19 1989.25732422 538.886474609 2.94810557365
1477927329219 lifecam19 1996.0880127 537.757995605 2.94384694099
1477927329284 lifecam19 2002.9777832 537.008117676 2.93602108955
1477927329365 lifecam19 2008.75927734 536.191162109 2.93992972374
1477927329421 lifecam19 2015.50610352 534.887878418 2.94488406181
1477927329691 lifecam19 2041.18945312 531.561096191 2.95749211311
1477927329759 lifecam19 2047.86376953 530.154174805 2.96127390862
1477927329826 lifecam19 2053.97973633 530.01739502 2.9515144825
1477927329892 lifecam19 2060.54858398 529.248413086 2.93032121658
1477927329947 lifecam19 2066.82104492 528.389587402 2.94245696068
1477927330287 lifecam19 2100.93212891 524.438903809 2.9418861866
1477927330356 lifecam19 2107.19140625 523.501464844 2.93330764771
1477927330426 lifecam19 2113.46533203 522.266967773 2.93605971336
1477927330490 lifecam19 2119.78417969 521.944824219 2.93806385994
1477927330559 lifecam19 2126.05126953 521.167358398 2.94891667366
1477927330894 lifecam19 2158.99584961 516.629943848 2.93853592873
1477927330963 lifecam19 2165.95703125 515.756469727 2.94647097588
1477927331032 lifecam19 2172.12768555 514.807250977 2.93600440025
1477927331097 lifecam19 2178.7644043 513.831054688 2.92503046989
1477927331163 lifecam19 2185.42626953 512.339599609 2.92194342613
1477927331444 lifecam19 2210.86865234 508.152008057 2.93963360786
1477927331498 lifecam19 2216.51513672 507.658782959 2.94846177101
1477927331567 lifecam19 2223.20043945 507.405609131 2.95412945747
1477927331618 lifecam19 2230.07617188 506.327850342 2.95184922218
1477927331694 lifecam19 2236.35009766 505.623199463 2.94143652916
1477927332027 lifecam19 2270.44824219 500.714935303 2.92661595345
1477927332093 lifecam19 2276.88964844 500.61807251 2.92681050301
1477927332162 lifecam19 2282.71875 499.065826416 2.91599726677
1477927332226 lifecam19 2289.60400391 498.074127197 2.91099667549
1477927332293 lifecam19 2295.40380859 497.469573975 2.91480851173
1477927332568 lifecam19 2321.56420898 493.714202881 2.93798232079
1477927332624 lifecam19 2328.5246582 492.899749756 2.92912364006
1477927332689 lifecam19 2335.44946289 491.714447021 2.92801642418
1477927332761 lifecam19 2341.29492188 490.518157959 2.92171001434
1477927332825 lifecam19 2348.13452148 489.753936768 2.93911337852
1477927333103 lifecam19 2373.72705078 484.753814697 2.90954232216
1477927333169 lifecam19 2380.35351562 482.694366455 2.91578698158
1477927333235 lifecam19 2386.27416992 482.759246826 2.90589261055
1477927333300 lifecam19 2393.13330078 481.946502686 2.90962767601
1477927333364 lifecam19 2399.75390625 481.041351318 2.90755867958
1477927333566 lifecam19 2419.65478516 478.826812744 2.90835666656
1477927333624 lifecam19 2425.98730469 477.856048584 2.92107319832
1477927333700 lifecam19 2432.55493164 476.439239502 2.92149615288
1477927333771 lifecam19 2439.39575195 475.684539795 2.93894982338
1477927333833 lifecam19 2445.37158203 474.524078369 2.91834378242
1477927334104 lifecam19 2471.51416016 470.925445557 2.90450406075
1477927334163 lifecam19 2477.87036133 469.06918335 2.90442895889
1477927334238 lifecam19 2484.22314453 468.456878662 2.90994954109
1477927334300 lifecam19 2491.24755859 466.891571045 2.90592694283
1477927334570 lifecam19 2518.15356445 462.70791626 2.88597273827
1477927334638 lifecam19 2524.77856445 461.981872559 2.89788985252
1477927334701 lifecam19 2530.91357422 460.362518311 2.89898276329
1477927334767 lifecam19 2537.58789062 459.808105469 2.92141699791
1477927334836 lifecam19 2542.91723633 458.610717773 2.92126965523
1477927335044 lifecam19 2563.23974609 454.939056396 2.91071987152
1477927335102 lifecam19 2570.16357422 454.479888916 2.90451312065
1477927335159 lifecam19 2576.54345703 454.061096191 2.90682768822
1477927335233 lifecam19 2583.18505859 452.086486816 2.91727948189
1477927335301 lifecam19 2590.49975586 451.99987793 2.92237925529
1477927335564 lifecam19 2617.0012207 447.655395508 2.89297056198
1477927335624 lifecam19 2623.62011719 446.987030029 2.88932871819
1477927335698 lifecam19 2629.29418945 445.812957764 2.8991587162
1477927335764 lifecam19 2635.94067383 443.960083008 2.90651202202
1477927335834 lifecam19 2642.56860352 443.519561768 2.89622616768
1477927336098 lifecam19 2668.22607422 439.01852417 2.89642882347
1477927336168 lifecam19 2675.22631836 437.314758301 2.91372442245
