1477927257447 lifecam19 243.734268188 759.05859375 3.13305449486
1477927257501 lifecam19 244.828018188 759.523742676 3.09959769249
1477927257781 lifecam19 246.856246948 759.26965332 3.110257864
1477927257853 lifecam19 247.36958313 759.202758789 3.1067173481
1477927257916 lifecam19 249.000015259 759.416625977 3.0826318264
1477927257978 lifecam19 248.999984741 758.833251953 3.08769726753
1477927258048 lifecam19 249.000015259 758.510986328 3.09208369255
1477927258246 lifecam19 249.000015259 759.416625977 3.0826318264
1477927258309 lifecam19 248.999984741 759.106567383 3.08535265923
1477927258386 lifecam19 249.000015259 758.784301758 3.08973288536
1477927258449 lifecam19 249.000015259 758.176452637 3.0981156826
1477927258513 lifecam19 248.999984741 758.833251953 3.08769726753
1477927258792 lifecam19 253.177841187 759.035644531 3.09932923317
1477927258843 lifecam19 264.033569336 758.179321289 3.12123513222
1477927258912 lifecam19 269.647186279 757.007263184 3.12135148048
1477927258973 lifecam19 274.208984375 759.033874512 3.10228133202
1477927259043 lifecam19 283.999969482 757.915405273 3.10217452049
1477927259335 lifecam19 306.326812744 759.33392334 3.10915207863
1477927259388 lifecam19 314.513366699 759.554748535 3.11867833138
1477927259454 lifecam19 321.74798584 759.516601562 3.11049342155
1477927259517 lifecam19 327.347473145 759.619628906 3.10962080956
1477927259581 lifecam19 334.339019775 760.004760742 3.10745024681
1477927259931 lifecam19 367.999908447 759.392211914 3.08469986916
1477927259974 lifecam19 374.999969482 759.416625977 3.08263134956
1477927260048 lifecam19 381.999969482 759.106567383 3.08535265923
1477927260125 lifecam19 388.999969482 759.106506348 3.0853536129
1477927260178 lifecam19 396.0 758.784301758 3.08973193169
1477927260452 lifecam19 423.417022705 758.170166016 3.078758955
1477927260508 lifecam19 428.666931152 759.084838867 3.09290289879
1477927260578 lifecam19 433.886749268 758.911315918 3.10482668877
1477927260647 lifecam19 439.038391113 758.771118164 3.11336064339
1477927260717 lifecam19 445.839508057 757.861694336 3.10053324699
1477927260984 lifecam19 473.0 758.698608398 3.07111811638
1477927261039 lifecam19 480.0 758.380493164 3.07568621635
1477927261112 lifecam19 487.0 758.074523926 3.06781458855
1477927261177 lifecam19 493.999938965 758.380493164 3.07568573952
1477927261239 lifecam19 501.0 758.380493164 3.07568573952
1477927261525 lifecam19 528.126464844 757.920288086 3.04747462273
1477927261593 lifecam19 532.230712891 757.700561523 3.07971739769
1477927261660 lifecam19 538.310546875 757.55090332 3.07803177834
1477927261713 lifecam19 543.811767578 757.639648438 3.07839560509
1477927261784 lifecam19 550.0 757.740112305 3.07385468483
1477927261988 lifecam19 571.0 757.739990234 3.07385659218
1477927262042 lifecam19 577.99987793 757.739990234 3.0738556385
1477927262120 lifecam19 584.999938965 757.119995117 3.08379197121
1477927262184 lifecam19 592.0 756.761108398 3.07446455956
1477927262253 lifecam19 598.999938965 756.500061035 3.07054114342
1477927262593 lifecam19 628.096313477 755.384521484 3.07825541496
1477927262652 lifecam19 636.338745117 755.21875 3.08142447472
1477927262715 lifecam19 641.0 755.529052734 3.07628750801
1477927262774 lifecam19 648.0 755.25579834 3.07401633263
1477927262854 lifecam19 654.999938965 754.619384766 3.06275391579
1477927263132 lifecam19 682.999938965 754.93762207 3.06732964516
1477927263189 lifecam19 690.0 755.25982666 3.07385516167
1477927263254 lifecam19 697.0 754.390869141 3.07280039787
1477927263325 lifecam19 704.0 754.317626953 3.06282925606
1477927263391 lifecam19 710.467224121 753.700195312 3.05215859413
1477927263719 lifecam19 742.2109375 753.38293457 3.06539845467
1477927263790 lifecam19 749.766723633 753.010559082 3.06103110313
1477927263857 lifecam19 756.499938965 752.125061035 3.07113194466
1477927263920 lifecam19 760.718017578 752.139038086 3.06101775169
1477927263993 lifecam19 769.361206055 751.53704834 3.07826781273
1477927264261 lifecam19 795.0 749.499938965 3.05506443977
1477927264316 lifecam19 801.43560791 749.960632324 3.04420781136
1477927264393 lifecam19 807.901977539 750.329772949 3.03080058098
1477927264457 lifecam19 814.913330078 750.327331543 3.03131365776
1477927264524 lifecam19 821.609069824 749.403503418 3.02862286568
1477927264860 lifecam19 854.828979492 749.141235352 3.05192399025
1477927264929 lifecam19 859.117492676 748.980834961 3.03136324883
1477927264996 lifecam19 866.112792969 748.329833984 3.03836321831
1477927265060 lifecam19 872.0 748.25579834 3.07401680946
1477927265125 lifecam19 879.0 747.93762207 3.06732869148
1477927265394 lifecam19 906.228759766 746.363098145 3.03574109077
1477927265455 lifecam19 913.219970703 746.071411133 3.03511595726
1477927265524 lifecam19 920.210754395 745.77355957 3.03405976295
1477927265590 lifecam19 927.210693359 745.7734375 3.03405976295
1477927265652 lifecam19 933.691162109 745.278625488 3.02043747902
1477927265929 lifecam19 956.860229492 742.979980469 3.03032946587
1477927265985 lifecam19 962.999938965 742.153320312 3.0628259182
1477927266067 lifecam19 969.999938965 741.879882812 3.06059813499
1477927266121 lifecam19 976.99987793 741.545471191 3.0545156002
1477927266184 lifecam19 983.707275391 742.00378418 3.04790043831
1477927266459 lifecam19 1011.30297852 740.81817627 3.03144335747
1477927266531 lifecam19 1018.02966309 740.606262207 3.03099417686
1477927266587 lifecam19 1024.77648926 740.643920898 3.02804350853
1477927266655 lifecam19 1031.51831055 740.686035156 3.02648901939
1477927266728 lifecam19 1036.95471191 739.740600586 3.0291993618
1477927266784 lifecam19 1042.46569824 739.71496582 3.01342487335
1477927266993 lifecam19 1061.9831543 738.610351562 3.02137923241
1477927267062 lifecam19 1068.30737305 737.90045166 3.03533053398
1477927267131 lifecam19 1075.63391113 737.102783203 3.04300284386
1477927267188 lifecam19 1082.23266602 736.423522949 3.04850697517
1477927267263 lifecam19 1088.73779297 736.448364258 3.04621291161
1477927267537 lifecam19 1116.11010742 734.749389648 3.02580094337
1477927267598 lifecam19 1122.85913086 734.53302002 3.02170920372
1477927267659 lifecam19 1129.51831055 733.686035156 3.02648854256
1477927267719 lifecam19 1135.98413086 732.884765625 3.01838898659
1477927267796 lifecam19 1142.36279297 732.402526855 3.03367877007
1477927268064 lifecam19 1167.29980469 731.844543457 3.02774548531
1477927268123 lifecam19 1174.18017578 730.729248047 3.01615858078
1477927268187 lifecam19 1181.18017578 730.729125977 3.01615834236
1477927268256 lifecam19 1188.43652344 730.344909668 3.01894831657
1477927268323 lifecam19 1195.18017578 730.729187012 3.01615786552
1477927268596 lifecam19 1221.67956543 728.311645508 3.00805783272
1477927268660 lifecam19 1228.12072754 727.807250977 3.01470923424
1477927268730 lifecam19 1234.60559082 727.579589844 3.02013087273
1477927268795 lifecam19 1241.51818848 726.685974121 3.02648901939
1477927268863 lifecam19 1248.51831055 726.686035156 3.02648997307
1477927269201 lifecam19 1282.43688965 724.181152344 3.01927256584
1477927269258 lifecam19 1289.3815918 723.076904297 3.02430415154
1477927269324 lifecam19 1295.87792969 722.596496582 3.03494954109
1477927269398 lifecam19 1300.34069824 721.858947754 3.01579928398
1477927269466 lifecam19 1307.8527832 720.863586426 3.02116751671
1477927269670 lifecam19 1326.86425781 720.364685059 3.0002644062
1477927269741 lifecam19 1333.34130859 720.212890625 3.00253224373
1477927269810 lifecam19 1339.5645752 719.321899414 3.01456618309
1477927269868 lifecam19 1346.54699707 718.71862793 3.01120972633
1477927269931 lifecam19 1353.54699707 718.718566895 3.0112092495
1477927270189 lifecam19 1380.73254395 716.829040527 3.01006913185
1477927270262 lifecam19 1386.44812012 716.269592285 3.01412034035
1477927270325 lifecam19 1392.46862793 715.748657227 2.98621344566
1477927270395 lifecam19 1398.29052734 715.129760742 2.98857140541
1477927270473 lifecam19 1404.81176758 714.673461914 3.00034165382
1477927270737 lifecam19 1432.13574219 712.374267578 2.99248838425
1477927270801 lifecam19 1438.63061523 712.477905273 2.99390864372
1477927270877 lifecam19 1446.31054688 711.501586914 2.98983597755
1477927270934 lifecam19 1452.47253418 710.770507812 2.98907780647
1477927271002 lifecam19 1459.63208008 709.957275391 2.99115538597
1477927271258 lifecam19 1484.44494629 706.592773438 3.00954508781
1477927271330 lifecam19 1490.51013184 707.088378906 3.00400805473
1477927271392 lifecam19 1496.8503418 706.919128418 3.00524830818
1477927271477 lifecam19 1503.55029297 707.276062012 2.99827837944
1477927271540 lifecam19 1509.8659668 705.562194824 2.98476910591
1477927271804 lifecam19 1537.73901367 703.848754883 2.97865080833
1477927271863 lifecam19 1544.42028809 703.034484863 2.99119305611
1477927271933 lifecam19 1551.109375 702.576721191 2.98958086967
1477927272001 lifecam19 1557.78369141 702.033447266 2.98180294037
1477927272069 lifecam19 1564.25268555 701.327026367 2.97897911072
1477927272340 lifecam19 1590.16027832 698.58190918 3.01020002365
1477927272397 lifecam19 1596.8371582 698.087524414 2.99421715736
1477927272471 lifecam19 1603.33666992 697.683044434 2.98843359947
1477927272535 lifecam19 1609.77734375 697.284423828 2.98183131218
1477927272590 lifecam19 1617.01025391 696.683654785 2.9918782711
1477927272879 lifecam19 1642.94555664 693.647521973 2.98509263992
1477927272936 lifecam19 1649.18859863 692.910827637 2.98924517632
1477927273004 lifecam19 1656.18383789 691.675048828 2.97901129723
1477927273081 lifecam19 1662.60778809 691.198669434 2.98661255836
1477927273145 lifecam19 1668.99853516 690.212158203 2.97845768929
1477927273409 lifecam19 1695.30187988 687.897521973 2.98042798042
1477927273480 lifecam19 1703.22644043 687.846435547 2.99669194221
1477927273539 lifecam19 1709.56237793 687.340087891 2.98829483986
1477927273607 lifecam19 1715.95153809 687.199157715 2.98973202705
1477927273677 lifecam19 1722.20544434 686.139709473 2.98004841805
1477927273940 lifecam19 1747.28320312 683.221252441 2.96577620506
1477927274015 lifecam19 1754.25341797 682.94140625 2.97222781181
1477927274079 lifecam19 1760.55578613 681.380737305 2.97748875618
1477927274140 lifecam19 1767.55969238 681.411743164 2.97619748116
1477927274205 lifecam19 1774.48413086 680.270080566 2.97607207298
1477927274409 lifecam19 1795.16564941 678.187438965 2.9842312336
1477927274478 lifecam19 1801.52661133 677.170349121 2.97218298912
1477927274550 lifecam19 1807.46704102 676.866882324 2.96381402016
1477927274615 lifecam19 1813.8425293 676.180664062 2.94948554039
1477927274668 lifecam19 1818.83752441 675.250488281 2.96640753746
1477927275001 lifecam19 1851.93945312 671.927368164 2.96290850639
1477927275077 lifecam19 1858.93334961 670.731384277 2.97748923302
1477927275148 lifecam19 1865.3034668 669.701049805 2.96268558502
1477927275218 lifecam19 1872.51037598 669.343688965 2.96827483177
1477927275276 lifecam19 1879.46057129 668.90222168 2.96826910973
1477927275540 lifecam19 1905.32067871 666.595458984 2.95992732048
1477927275607 lifecam19 1911.55322266 665.708496094 2.96057724953
1477927275662 lifecam19 1917.37658691 665.025817871 2.9521522522
1477927275747 lifecam19 1923.86218262 664.203125 2.96962761879
1477927275793 lifecam19 1930.32946777 663.475952148 2.95831084251
1477927276074 lifecam19 1957.09851074 660.521728516 2.9684677124
1477927276145 lifecam19 1964.23364258 659.378112793 2.97163414955
1477927276206 lifecam19 1970.69763184 658.905090332 2.97869277
1477927276271 lifecam19 1977.76623535 657.621765137 2.97163796425
1477927276328 lifecam19 1984.36767578 656.597290039 2.97117733955
1477927276685 lifecam19 2015.33325195 652.760803223 2.9515235424
1477927276748 lifecam19 2022.25683594 652.23840332 2.95177984238
1477927276818 lifecam19 2028.24633789 651.151611328 2.95778346062
1477927276891 lifecam19 2035.00830078 650.63067627 2.95421481133
1477927276947 lifecam19 2041.97827148 649.553649902 2.9662539959
1477927277208 lifecam19 2069.1706543 647.146789551 2.95970749855
1477927277279 lifecam19 2075.51367188 646.119262695 2.96881175041
1477927277344 lifecam19 2081.3671875 644.561462402 2.95344877243
1477927277413 lifecam19 2087.82373047 644.336975098 2.93643689156
1477927277478 lifecam19 2094.32641602 642.684082031 2.9360306263
1477927277760 lifecam19 2120.71191406 639.549865723 2.93852782249
1477927277806 lifecam19 2127.12573242 639.435791016 2.94337964058
1477927277883 lifecam19 2134.48876953 638.162658691 2.94396948814
1477927277947 lifecam19 2140.01123047 637.067810059 2.94436335564
1477927278016 lifecam19 2147.47314453 635.874023438 2.94764780998
1477927278075 lifecam19 2153.42578125 635.357910156 2.9541618824
1477927278351 lifecam19 2178.8046875 631.465454102 2.93896389008
1477927278410 lifecam19 2185.05371094 630.573791504 2.93576979637
1477927278487 lifecam19 2191.73120117 630.232177734 2.93081068993
1477927278549 lifecam19 2198.19140625 628.501342773 2.93331170082
1477927278604 lifecam19 2204.82104492 627.685668945 2.92776608467
1477927278944 lifecam19 2238.43139648 624.095825195 2.94068932533
1477927279017 lifecam19 2244.72216797 622.721191406 2.9508907795
1477927279084 lifecam19 2250.8659668 622.252807617 2.94325518608
1477927279152 lifecam19 2257.23242188 620.955078125 2.95000290871
1477927279200 lifecam19 2263.85791016 619.891479492 2.93839001656
1477927279493 lifecam19 2290.01318359 616.361694336 2.92030262947
1477927279553 lifecam19 2297.08056641 614.748291016 2.9300134182
1477927279601 lifecam19 2304.04174805 614.286132812 2.92923951149
1477927279671 lifecam19 2310.2265625 613.306945801 2.92658638954
1477927279753 lifecam19 2317.00634766 612.035583496 2.92253613472
1477927280079 lifecam19 2348.17236328 606.417907715 2.94345211983
1477927280152 lifecam19 2354.85620117 605.894042969 2.92914891243
1477927280215 lifecam19 2361.41503906 605.473632812 2.92284941673
1477927280288 lifecam19 2367.83154297 604.312194824 2.91501951218
1477927280355 lifecam19 2374.73632812 603.777099609 2.91920781136
1477927280613 lifecam19 2401.41870117 599.843505859 2.91322112083
1477927280689 lifecam19 2407.95727539 599.149108887 2.92002081871
1477927280749 lifecam19 2413.90087891 598.338684082 2.92101693153
1477927280809 lifecam19 2420.81005859 597.511108398 2.92439436913
1477927280884 lifecam19 2427.21923828 596.248046875 2.92123007774
1477927281223 lifecam19 2459.48828125 590.607727051 2.91475653648
1477927281276 lifecam19 2465.73632812 589.777038574 2.91921067238
1477927281357 lifecam19 2472.77661133 589.54296875 2.90994715691
1477927281423 lifecam19 2479.53759766 588.220458984 2.92271637917
1477927281488 lifecam19 2486.05664062 586.906860352 2.90581297874
1477927281748 lifecam19 2512.27099609 582.196594238 2.91332268715
1477927281804 lifecam19 2518.17724609 580.680297852 2.90725016594
1477927281885 lifecam19 2525.08227539 580.146850586 2.91662836075
1477927281943 lifecam19 2531.68920898 579.21496582 2.91524767876
1477927282013 lifecam19 2538.33447266 579.022460938 2.90166497231
1477927282291 lifecam19 2565.73486328 574.57989502 2.90813279152
1477927282355 lifecam19 2572.41357422 574.099121094 2.90796875954
1477927282419 lifecam19 2579.34472656 572.247802734 2.90533471107
