1477927000320 lifecam19 294.500030518 423.999938965 3.13830780983
1477927000381 lifecam19 303.978424072 426.145935059 3.12808489799
1477927000592 lifecam19 323.566680908 426.439849854 3.16008472443
1477927000649 lifecam19 327.592681885 426.582641602 3.14841604233
1477927000711 lifecam19 334.322479248 426.601776123 3.14714002609
1477927000789 lifecam19 341.626403809 426.926849365 3.1377427578
1477927000847 lifecam19 348.354187012 426.94909668 3.13649344444
1477927001126 lifecam19 374.999938965 427.499969482 3.10838913918
1477927001186 lifecam19 381.999938965 427.499969482 3.10838913918
1477927001252 lifecam19 388.732116699 427.926361084 3.11552023888
1477927001317 lifecam19 395.225097656 427.711090088 3.13538813591
1477927001383 lifecam19 401.693359375 427.749847412 3.1422495842
1477927001515 lifecam19 416.21472168 428.341125488 3.14027953148
1477927001587 lifecam19 422.523468018 429.36517334 3.12579131126
1477927001653 lifecam19 429.477874756 429.690338135 3.11957812309
1477927001715 lifecam19 434.791473389 429.873748779 3.0904314518
1477927001789 lifecam19 440.671295166 429.893554688 3.10768151283
1477927001842 lifecam19 446.35824585 430.331054688 3.11019396782
1477927002056 lifecam19 466.361328125 430.668243408 3.08985257149
1477927002122 lifecam19 472.999938965 430.702148438 3.08198475838
1477927002179 lifecam19 479.999938965 430.999938965 3.08094191551
1477927002256 lifecam19 486.999938965 431.0 3.08094191551
1477927002322 lifecam19 493.999938965 431.000030518 3.08094239235
1477927002583 lifecam19 520.979003906 430.837890625 3.10212540627
1477927002651 lifecam19 527.357727051 431.135986328 3.11059069633
1477927002717 lifecam19 533.921020508 430.835998535 3.09778380394
1477927002785 lifecam19 538.40814209 430.484008789 3.10475945473
1477927002851 lifecam19 544.642028809 430.863922119 3.11059117317
1477927003176 lifecam19 578.681152344 431.499938965 3.09782099724
1477927003241 lifecam19 584.99987793 431.893341064 3.08535218239
1477927003313 lifecam19 591.999938965 433.011077881 3.07944750786
1477927003385 lifecam19 598.99987793 432.676544189 3.07340693474
1477927003451 lifecam19 605.99987793 433.011016846 3.07944703102
1477927003784 lifecam19 637.499938965 432.471069336 3.07682204247
1477927003860 lifecam19 644.211425781 431.961486816 3.07393956184
1477927003923 lifecam19 651.212036133 431.670349121 3.07284760475
1477927003997 lifecam19 657.357421875 432.043823242 3.09055066109
1477927004054 lifecam19 663.34777832 431.888702393 3.09489655495
1477927004331 lifecam19 690.361083984 431.483337402 3.08127188683
1477927004375 lifecam19 696.999816895 431.297698975 3.08198571205
1477927004450 lifecam19 703.999816895 431.000030518 3.08094239235
1477927004513 lifecam19 710.99987793 431.000030518 3.08094239235
1477927004584 lifecam19 717.731933594 430.736450195 3.08808684349
1477927004926 lifecam19 748.864257812 430.710540771 3.09671998024
1477927004985 lifecam19 755.891174316 431.043029785 3.08312249184
1477927005062 lifecam19 762.321899414 430.776000977 3.09718298912
1477927005122 lifecam19 769.321777344 430.775970459 3.09718441963
1477927005190 lifecam19 776.099243164 431.487548828 3.08712410927
1477927005401 lifecam19 794.99987793 431.0 3.08094239235
1477927005455 lifecam19 801.99987793 430.702301025 3.08198666573
1477927005532 lifecam19 808.732543945 430.672821045 3.07355761528
1477927005594 lifecam19 815.718383789 430.117492676 3.07570195198
1477927005668 lifecam19 822.436889648 430.145751953 3.06748652458
1477927005994 lifecam19 854.49987793 428.91015625 3.0729534626
1477927006058 lifecam19 861.49987793 429.528839111 3.0768225193
1477927006128 lifecam19 868.135681152 428.84753418 3.08438229561
1477927006256 lifecam19 880.923950195 428.449768066 3.09887528419
1477927006458 lifecam19 899.99987793 428.107788086 3.06673693657
1477927006526 lifecam19 906.99987793 428.466796875 3.07612299919
1477927006593 lifecam19 913.99987793 428.107818604 3.06673645973
1477927006663 lifecam19 920.387573242 427.422821045 3.05357813835
1477927006727 lifecam19 927.700317383 427.883178711 3.06171917915
1477927006989 lifecam19 953.109313965 427.431121826 3.05212712288
1477927007059 lifecam19 959.499816895 427.532043457 3.06133437157
1477927007135 lifecam19 965.631713867 426.776855469 3.06132864952
1477927007192 lifecam19 972.032958984 426.813964844 3.05647349358
1477927007247 lifecam19 977.227294922 426.852813721 3.06076693535
1477927007459 lifecam19 997.99987793 425.044250488 3.06623959541
1477927007525 lifecam19 1004.99987793 424.75869751 3.06565070152
1477927007602 lifecam19 1012.0 424.758728027 3.0656516552
1477927007655 lifecam19 1018.99987793 424.758728027 3.06565308571
1477927007731 lifecam19 1025.20166016 424.721435547 3.04637551308
1477927007997 lifecam19 1050.49987793 423.416625977 3.07003617287
1477927008063 lifecam19 1057.23669434 422.503417969 3.05845952034
1477927008121 lifecam19 1063.69226074 422.912597656 3.06592917442
1477927008532 lifecam19 1103.24145508 421.342681885 3.05848765373
1477927008596 lifecam19 1109.99987793 422.074615479 3.06781411171
1477927008668 lifecam19 1117.59765625 421.545532227 3.03736519814
1477927008733 lifecam19 1123.44836426 421.478149414 3.04566216469
1477927008796 lifecam19 1130.37988281 421.241271973 3.03865408897
1477927008929 lifecam19 1143.06542969 420.528259277 3.03082489967
1477927009000 lifecam19 1149.7800293 420.335174561 3.03088641167
1477927009078 lifecam19 1156.17565918 420.129394531 3.0338871479
1477927009138 lifecam19 1163.12548828 418.969604492 3.03921627998
1477927009199 lifecam19 1169.81811523 418.745391846 3.04303479195
1477927009518 lifecam19 1204.49987793 416.708374023 3.06073641777
1477927009602 lifecam19 1210.93713379 416.530517578 3.04540896416
1477927009653 lifecam19 1216.60083008 416.722106934 3.03833889961
1477927009733 lifecam19 1222.74389648 415.310974121 3.03050732613
1477927009798 lifecam19 1229.42285156 415.137023926 3.01833224297
1477927009999 lifecam19 1248.70056152 415.575469971 3.03609204292
1477927010066 lifecam19 1255.43664551 414.713134766 3.02548146248
1477927010135 lifecam19 1261.82861328 414.510406494 3.03335261345
1477927010203 lifecam19 1269.11022949 413.838439941 3.02533888817
1477927010256 lifecam19 1276.38671875 413.788085938 3.02416491508
1477927010541 lifecam19 1302.49975586 412.990356445 3.05254387856
1477927010605 lifecam19 1309.49975586 412.333221436 3.05323147774
1477927010670 lifecam19 1315.78112793 412.09085083 3.03834414482
1477927010734 lifecam19 1322.45361328 411.267852783 3.04365849495
1477927010799 lifecam19 1327.84423828 411.641662598 3.01355051994
1477927011065 lifecam19 1354.91918945 409.183807373 2.99259638786
1477927011141 lifecam19 1361.91918945 409.183807373 2.99259543419
1477927011202 lifecam19 1368.3927002 408.790863037 3.00301909447
1477927011255 lifecam19 1374.671875 408.163696289 3.00962758064
1477927011337 lifecam19 1381.16748047 407.9715271 3.01871180534
1477927011665 lifecam19 1413.12268066 405.541290283 3.02135825157
1477927011728 lifecam19 1419.40454102 405.380706787 3.00854897499
1477927011812 lifecam19 1426.08325195 404.914001465 3.00839543343
1477927011866 lifecam19 1432.86975098 403.939910889 2.99393391609
1477927011925 lifecam19 1439.32287598 403.764801025 2.99691271782
1477927012270 lifecam19 1473.63208008 401.957275391 2.99115586281
1477927012340 lifecam19 1479.5402832 401.663696289 2.99725317955
1477927012406 lifecam19 1485.65478516 401.022735596 3.02068734169
1477927012458 lifecam19 1492.6739502 400.392700195 3.00888991356
1477927012544 lifecam19 1499.39807129 400.456665039 3.01246809959
1477927012881 lifecam19 1531.9263916 397.279998779 2.99079585075
1477927012947 lifecam19 1538.13293457 396.887115479 2.99378609657
1477927013010 lifecam19 1545.26611328 395.966278076 2.98928141594
1477927013081 lifecam19 1551.71826172 395.521179199 2.98670172691
1477927013152 lifecam19 1558.6517334 394.702056885 2.99618220329
1477927013481 lifecam19 1591.36364746 392.527130127 3.00064206123
1477927013553 lifecam19 1597.86889648 392.634490967 3.00251269341
1477927013608 lifecam19 1604.72070312 391.546234131 3.01669049263
1477927013679 lifecam19 1611.14916992 390.860687256 3.02942490578
1477927013733 lifecam19 1618.44299316 389.955535889 3.01848721504
1477927014144 lifecam19 1656.86242676 387.097747803 2.98141932487
1477927014212 lifecam19 1663.5579834 386.869628906 2.98302960396
1477927014270 lifecam19 1670.46569824 386.04888916 2.97686505318
1477927014347 lifecam19 1677.0 385.49987793 2.98932671547
1477927014411 lifecam19 1683.9375 384.959411621 2.98777318001
1477927014680 lifecam19 1711.48400879 382.118988037 2.97205996513
1477927014731 lifecam19 1717.35791016 381.513885498 2.99657154083
1477927014796 lifecam19 1724.79199219 380.587677002 2.98013043404
1477927014881 lifecam19 1731.21765137 379.832366943 2.98945403099
1477927014946 lifecam19 1736.43139648 379.553436279 3.00221562386
1477927015278 lifecam19 1768.18383789 376.674926758 2.97901082039
1477927015339 lifecam19 1775.02990723 375.262268066 2.97053980827
1477927015409 lifecam19 1781.74633789 375.058532715 2.97222781181
1477927015461 lifecam19 1788.71679688 374.796173096 2.97206234932
1477927015537 lifecam19 1795.55981445 373.411712646 2.97619652748
1477927015870 lifecam19 1827.88427734 371.645263672 2.96818423271
1477927015938 lifecam19 1833.4263916 370.54208374 2.98613286018
1477927016011 lifecam19 1840.20507812 370.09854126 2.97007870674
1477927016069 lifecam19 1845.97351074 369.50894165 2.97534775734
1477927016146 lifecam19 1853.03503418 367.779541016 2.97531819344
1477927016464 lifecam19 1886.96472168 364.194763184 2.98498511314
1477927016546 lifecam19 1893.96057129 363.700042725 2.98371720314
1477927016615 lifecam19 1900.67077637 362.789154053 2.97733640671
1477927016680 lifecam19 1907.02807617 361.770477295 2.9638235569
1477927016744 lifecam19 1913.62646484 360.7237854 2.96538233757
1477927017004 lifecam19 1937.98962402 358.437957764 2.9628303051
1477927017063 lifecam19 1944.33874512 358.118621826 2.97025752068
1477927017146 lifecam19 1950.96557617 357.303314209 2.97093462944
1477927017213 lifecam19 1957.76904297 356.144439697 2.96470522881
1477927017271 lifecam19 1964.70654297 355.570678711 2.97414922714
1477927017548 lifecam19 1991.57177734 352.622924805 2.96941208839
1477927017601 lifecam19 1997.93945312 351.699554443 2.97214055061
1477927017668 lifecam19 2004.12451172 351.412658691 2.96087002754
1477927017740 lifecam19 2010.38769531 350.516937256 2.9581258297
1477927017792 lifecam19 2017.25512695 349.763549805 2.96760725975
1477927018137 lifecam19 2050.67138672 345.299285889 2.93972206116
1477927018211 lifecam19 2056.37646484 344.350128174 2.96299004555
1477927018273 lifecam19 2063.07202148 343.574737549 2.96213412285
1477927018345 lifecam19 2069.78833008 343.328887939 2.96605706215
1477927018408 lifecam19 2076.14941406 341.29598999 2.96621489525
1477927018622 lifecam19 2095.60717773 338.648101807 2.94470047951
1477927018680 lifecam19 2102.1796875 337.685638428 2.95276236534
1477927018749 lifecam19 2109.1484375 337.389434814 2.94861865044
1477927018818 lifecam19 2115.12451172 336.568206787 2.95271706581
1477927018879 lifecam19 2121.64257812 335.716094971 2.95410513878
1477927018944 lifecam19 2128.18359375 334.446868896 2.93696475029
1477927019152 lifecam19 2148.41308594 333.280731201 2.93817687035
1477927019219 lifecam19 2154.94189453 332.270721436 2.93167424202
1477927019281 lifecam19 2161.58569336 331.57131958 2.9471218586
1477927019345 lifecam19 2167.26342773 330.0206604 2.95981097221
1477927019414 lifecam19 2173.77832031 329.654998779 2.94410634041
1477927019749 lifecam19 2206.37841797 324.356628418 2.9370033741
1477927019816 lifecam19 2213.29321289 323.594421387 2.9373819828
1477927019888 lifecam19 2219.26171875 322.604858398 2.9258081913
1477927019950 lifecam19 2226.85180664 321.316802979 2.92745995522
1477927020018 lifecam19 2232.57910156 320.377166748 2.93554377556
1477927020278 lifecam19 2258.32324219 316.955291748 2.94857525826
1477927020351 lifecam19 2264.48901367 315.4609375 2.94150543213
1477927020419 lifecam19 2270.89672852 314.79385376 2.92959451675
1477927020485 lifecam19 2277.24267578 314.363098145 2.92193245888
1477927020537 lifecam19 2283.8527832 313.077484131 2.92718052864
1477927020812 lifecam19 2310.61035156 309.109375 2.90943169594
1477927020883 lifecam19 2317.80541992 308.632110596 2.93168473244
1477927020948 lifecam19 2324.34521484 307.646575928 2.90827465057
1477927021025 lifecam19 2330.91455078 306.789489746 2.92119932175
1477927021084 lifecam19 2337.24658203 305.896026611 2.92747807503
1477927021408 lifecam19 2368.58740234 300.861206055 2.91510081291
1477927021485 lifecam19 2375.1484375 299.238708496 2.92321324348
1477927021547 lifecam19 2381.18017578 298.630950928 2.91831278801
1477927021617 lifecam19 2388.6328125 297.36050415 2.9173810482
1477927021669 lifecam19 2395.78417969 296.82421875 2.91953063011
1477927022021 lifecam19 2427.39331055 290.767944336 2.93127465248
1477927022068 lifecam19 2433.91699219 289.224700928 2.93909430504
1477927022138 lifecam19 2439.70483398 288.470947266 2.9206802845
1477927022213 lifecam19 2446.04003906 287.870819092 2.93354725838
1477927022280 lifecam19 2452.97680664 287.355438232 2.93002462387
1477927022548 lifecam19 2479.87353516 283.290313721 2.91590094566
1477927022613 lifecam19 2486.6484375 282.123657227 2.90555977821
1477927022673 lifecam19 2493.21508789 281.396087646 2.9055492878
1477927022738 lifecam19 2499.65112305 279.982574463 2.89531183243
1477927022822 lifecam19 2506.23901367 279.14364624 2.90172886848
1477927023091 lifecam19 2531.88696289 275.125091553 2.89506220818
1477927023146 lifecam19 2537.95385742 273.238952637 2.90424227715
1477927023220 lifecam19 2545.27661133 271.793426514 2.90274500847
1477927023288 lifecam19 2551.85595703 271.094268799 2.90300583839
1477927023343 lifecam19 2558.08935547 269.646057129 2.91720700264
1477927023554 lifecam19 2578.00341797 266.908325195 2.90780544281
1477927023614 lifecam19 2584.72167969 265.306091309 2.90985608101
1477927023687 lifecam19 2591.29736328 264.8230896 2.90480875969
1477927023756 lifecam19 2598.05688477 262.846954346 2.91584086418
1477927023818 lifecam19 2604.3190918 261.939910889 2.91583895683
1477927024220 lifecam19 2643.16088867 254.900787354 2.90222764015
1477927024274 lifecam19 2650.44555664 254.816864014 2.9023373127
1477927024357 lifecam19 2657.31567383 252.682556152 2.8946583271
1477927024418 lifecam19 2664.31567383 252.6824646 2.89466023445
1477927024750 lifecam19 2695.76049805 246.856445312 2.90173363686
